#
# There is insufficient memory for the Java Runtime Environment to continue.
# Native memory allocation (mmap) failed to map 67108864 bytes for Failed to commit area from 0x00000000fc000000 to 0x0000000100000000 of length 67108864.
# Possible reasons:
#   The system is out of physical RAM or swap space
#   The process is running with CompressedOops enabled, and the Java Heap may be blocking the growth of the native heap
# Possible solutions:
#   Reduce memory load on the system
#   Increase physical memory or swap space
#   Check if swap backing store is full
#   Decrease Java heap size (-Xmx/-Xms)
#   Decrease number of Java threads
#   Decrease Java thread stack sizes (-Xss)
#   Set larger code cache with -XX:ReservedCodeCacheSize=
# This output file may be truncated or incomplete.
#
#  Out of Memory Error (./src/hotspot/os/windows/os_windows.cpp:3311), pid=14132, tid=6896
#
# JRE version:  (11.0.12+7) (build )
# Java VM: OpenJDK 64-Bit Server VM (11.0.12+7-LTS, mixed mode, sharing, tiered, compressed oops, g1 gc, windows-amd64)
# No core dump will be written. Minidumps are not enabled by default on client versions of Windows
#

---------------  S U M M A R Y ------------

Command Line: -Xmx64m -Xms64m -Dorg.gradle.appname=gradlew org.gradle.wrapper.GradleWrapperMain :Collections-GroupBy:testClasses

Host: Intel(R) Core(TM) i3-1005G1 CPU @ 1.20GHz, 4 cores, 3G,  Windows 10 , 64 bit Build 19041 (10.0.19041.1151)
Time: Sun Aug 22 15:50:09 2021 Pacific Daylight Time elapsed time: 0.009992 seconds (0d 0h 0m 0s)

---------------  T H R E A D  ---------------

Current thread (0x0000021a11709800):  JavaThread "Unknown thread" [_thread_in_vm, id=6896, stack(0x000000556cc00000,0x000000556cd00000)]

Stack: [0x000000556cc00000,0x000000556cd00000]
Native frames: (J=compiled Java code, j=interpreted, Vv=VM code, C=native code)
V  [jvm.dll+0x601d7a]
V  [jvm.dll+0x78b45e]
V  [jvm.dll+0x78cb2f]
V  [jvm.dll+0x78d1f3]
V  [jvm.dll+0x24bc58]
V  [jvm.dll+0x5fef1a]
V  [jvm.dll+0x5f39d5]
V  [jvm.dll+0x3038fc]
V  [jvm.dll+0x303782]
V  [jvm.dll+0x3084a6]
V  [jvm.dll+0x34d5ff]
V  [jvm.dll+0x34d030]
V  [jvm.dll+0x2e0a08]
V  [jvm.dll+0x2e1b66]
V  [jvm.dll+0x7667e7]
V  [jvm.dll+0x767f6f]
V  [jvm.dll+0x35a389]
V  [jvm.dll+0x749870]
V  [jvm.dll+0x3c1fbf]
V  [jvm.dll+0x3c4491]
C  [jli.dll+0x5207]
C  [ucrtbase.dll+0x21bb2]
C  [KERNEL32.DLL+0x17034]
C  [ntdll.dll+0x52651]


---------------  P R O C E S S  ---------------

Threads class SMR info:
_java_thread_list=0x0000021a11512150, length=0, elements={
}

Java Threads: ( => current thread )

Other Threads:
  0x0000021a11721000 GCTaskThread "GC Thread#0" [stack: 0x000000556cd00000,0x000000556ce00000] [id=10148]
  0x0000021a11728000 ConcurrentGCThread "G1 Main Marker" [stack: 0x000000556ce00000,0x000000556cf00000] [id=2972]
  0x0000021a1172a800 ConcurrentGCThread "G1 Conc#0" [stack: 0x000000556cf00000,0x000000556d000000] [id=7300]

[error occurred during error reporting (printing all threads), id 0xc0000005, EXCEPTION_ACCESS_VIOLATION (0xc0000005) at pc=0x00007ffa350d00d7]

VM state:not at safepoint (not fully initialized)

VM Mutex/Monitor currently owned by a thread:  ([mutex/lock_event])
[0x0000021a117055f0] Heap_lock - owner thread: 0x0000021a11709800

Heap address: 0x00000000fc000000, size: 64 MB, Compressed Oops mode: Non-zero based: 0x00000000fc000000
Narrow klass base: 0x0000000000000000, Narrow klass shift: 0

GC Heap History (0 events):
No events

Deoptimization events (0 events):
No events

Classes redefined (0 events):
No events

Internal exceptions (0 events):
No events

Events (1 events):
Event: 0.005 Loaded shared library C:\Users\lenovo\.jdks\corretto-11.0.12\bin\zip.dll


Dynamic libraries:
0x00007ff7c9740000 - 0x00007ff7c974d000 	C:\Users\lenovo\.jdks\corretto-11.0.12\bin\java.exe
0x00007ffa656d0000 - 0x00007ffa658c5000 	C:\Windows\SYSTEM32\ntdll.dll
0x00007ffa63730000 - 0x00007ffa637ed000 	C:\Windows\System32\KERNEL32.DLL
0x00007ffa62e30000 - 0x00007ffa630f9000 	C:\Windows\System32\KERNELBASE.dll
0x00007ffa63210000 - 0x00007ffa63310000 	C:\Windows\System32\ucrtbase.dll
0x00007ffa5db30000 - 0x00007ffa5db49000 	C:\Users\lenovo\.jdks\corretto-11.0.12\bin\VCRUNTIME140.dll
0x00007ffa5c520000 - 0x00007ffa5c537000 	C:\Users\lenovo\.jdks\corretto-11.0.12\bin\jli.dll
0x00007ffa64ac0000 - 0x00007ffa64c60000 	C:\Windows\System32\USER32.dll
0x00007ffa4d9c0000 - 0x00007ffa4dc5a000 	C:\Windows\WinSxS\amd64_microsoft.windows.common-controls_6595b64144ccf1df_6.0.19041.1110_none_60b5254171f9507e\COMCTL32.dll
0x00007ffa62e00000 - 0x00007ffa62e22000 	C:\Windows\System32\win32u.dll
0x00007ffa64610000 - 0x00007ffa646ae000 	C:\Windows\System32\msvcrt.dll
0x00007ffa65660000 - 0x00007ffa6568a000 	C:\Windows\System32\GDI32.dll
0x00007ffa633b0000 - 0x00007ffa634bb000 	C:\Windows\System32\gdi32full.dll
0x00007ffa63310000 - 0x00007ffa633ad000 	C:\Windows\System32\msvcp_win.dll
0x00007ffa63db0000 - 0x00007ffa63de0000 	C:\Windows\System32\IMM32.DLL
0x00007ffa4e390000 - 0x00007ffa4e42b000 	C:\Users\lenovo\.jdks\corretto-11.0.12\bin\msvcp140.dll
0x00007ffa34de0000 - 0x00007ffa3593a000 	C:\Users\lenovo\.jdks\corretto-11.0.12\bin\server\jvm.dll
0x00007ffa64ec0000 - 0x00007ffa64f6c000 	C:\Windows\System32\ADVAPI32.dll
0x00007ffa637f0000 - 0x00007ffa6388b000 	C:\Windows\System32\sechost.dll
0x00007ffa64930000 - 0x00007ffa64a5a000 	C:\Windows\System32\RPCRT4.dll
0x00007ffa65650000 - 0x00007ffa65658000 	C:\Windows\System32\PSAPI.DLL
0x00007ffa5cdb0000 - 0x00007ffa5cdba000 	C:\Windows\SYSTEM32\VERSION.dll
0x00007ffa542c0000 - 0x00007ffa542c9000 	C:\Windows\SYSTEM32\WSOCK32.dll
0x00007ffa56c60000 - 0x00007ffa56c87000 	C:\Windows\SYSTEM32\WINMM.dll
0x00007ffa64860000 - 0x00007ffa648cb000 	C:\Windows\System32\WS2_32.dll
0x00007ffa616c0000 - 0x00007ffa616d2000 	C:\Windows\SYSTEM32\kernel.appcore.dll
0x00007ffa5e260000 - 0x00007ffa5e270000 	C:\Users\lenovo\.jdks\corretto-11.0.12\bin\verify.dll
0x00007ffa60c10000 - 0x00007ffa60df4000 	C:\Windows\SYSTEM32\DBGHELP.DLL
0x00007ffa5a8a0000 - 0x00007ffa5a8cc000 	C:\Windows\SYSTEM32\dbgcore.DLL
0x00007ffa63100000 - 0x00007ffa63183000 	C:\Windows\System32\bcryptPrimitives.dll
0x00007ffa53f60000 - 0x00007ffa53f88000 	C:\Users\lenovo\.jdks\corretto-11.0.12\bin\java.dll
0x00007ffa56c10000 - 0x00007ffa56c1a000 	C:\Users\lenovo\.jdks\corretto-11.0.12\bin\jimage.dll
0x00007ffa55280000 - 0x00007ffa55297000 	C:\Users\lenovo\.jdks\corretto-11.0.12\bin\zip.dll

dbghelp: loaded successfully - version: 4.0.5 - missing functions: none
symbol engine: initialized successfully - sym options: 0x614 - pdb path: .;C:\Users\lenovo\.jdks\corretto-11.0.12\bin;C:\Windows\SYSTEM32;C:\Windows\WinSxS\amd64_microsoft.windows.common-controls_6595b64144ccf1df_6.0.19041.1110_none_60b5254171f9507e;C:\Users\lenovo\.jdks\corretto-11.0.12\bin\server

VM Arguments:
jvm_args: -Xmx64m -Xms64m -Dorg.gradle.appname=gradlew 
java_command: org.gradle.wrapper.GradleWrapperMain :Collections-GroupBy:testClasses
java_class_path (initial): C:\Users\lenovo\IdeaProjects\Android\Kotlin\Kotlin Koans1\\gradle\wrapper\gradle-wrapper.jar
Launcher Type: SUN_STANDARD

[Global flags]
     intx CICompilerCount                          = 3                                         {product} {ergonomic}
     uint ConcGCThreads                            = 1                                         {product} {ergonomic}
     uint G1ConcRefinementThreads                  = 4                                         {product} {ergonomic}
   size_t G1HeapRegionSize                         = 1048576                                   {product} {ergonomic}
    uintx GCDrainStackTargetSize                   = 64                                        {product} {ergonomic}
   size_t InitialHeapSize                          = 67108864                                  {product} {command line}
   size_t MarkStackSize                            = 4194304                                   {product} {ergonomic}
   size_t MaxHeapSize                              = 67108864                                  {product} {command line}
   size_t MinHeapDeltaBytes                        = 1048576                                   {product} {ergonomic}
    uintx NonNMethodCodeHeapSize                   = 5830732                                {pd product} {ergonomic}
    uintx NonProfiledCodeHeapSize                  = 122913754                              {pd product} {ergonomic}
    uintx ProfiledCodeHeapSize                     = 122913754                              {pd product} {ergonomic}
    uintx ReservedCodeCacheSize                    = 251658240                              {pd product} {ergonomic}
     bool SegmentedCodeCache                       = true                                      {product} {ergonomic}
     bool UseCompressedClassPointers               = true                                 {lp64_product} {ergonomic}
     bool UseCompressedOops                        = true                                 {lp64_product} {ergonomic}
     bool UseG1GC                                  = true                                      {product} {ergonomic}
     bool UseLargePagesIndividualAllocation        = false                                  {pd product} {ergonomic}

Logging:
Log output configuration:
 #0: stdout all=warning uptime,level,tags
 #1: stderr all=off uptime,level,tags

Environment Variables:
JAVA_HOME=C:/Users/lenovo/.jdks/corretto-11.0.12
CLASSPATH=C:\Users\lenovo\IdeaProjects\Android\Kotlin\Kotlin Koans1\\gradle\wrapper\gradle-wrapper.jar
PATH=C:\Program Files\Common Files\Oracle\Java\javapath;C:\Windows\system32;C:\Windows;C:\Windows\System32\Wbem;C:\Windows\System32\WindowsPowerShell\v1.0\;C:\Windows\System32\OpenSSH\;C:\Program Files\Git\cmd;C:\Users\lenovo\AppData\Local\Microsoft\WindowsApps;
USERNAME=lenovo
OS=Windows_NT
PROCESSOR_IDENTIFIER=Intel64 Family 6 Model 126 Stepping 5, GenuineIntel



---------------  S Y S T E M  ---------------

OS: Windows 10 , 64 bit Build 19041 (10.0.19041.1151)
OS uptime: 7 days 3:29 hours

CPU:total 4 (initial active 4) (2 cores per cpu, 2 threads per core) family 6 model 126 stepping 5 microcode 0xa0, cmov, cx8, fxsr, mmx, sse, sse2, sse3, ssse3, sse4.1, sse4.2, popcnt, avx, avx2, aes, clmul, erms, 3dnowpref, lzcnt, ht, tsc, tscinvbit, bmi1, bmi2, adx, evex, sha, fma

Memory: 4k page, system-wide physical 3891M (203M free)
TotalPageFile size 6915M (AvailPageFile size 58M)
current process WorkingSet (physical memory assigned to process): 9M, peak: 9M
current process commit charge ("private bytes"): 51M, peak: 115M

vm_info: OpenJDK 64-Bit Server VM (11.0.12+7-LTS) for windows-amd64 JRE (11.0.12+7-LTS), built on Jul 13 2021 17:58:36 by "Administrator" with unknown MS VC++:1916

END.
