#
# There is insufficient memory for the Java Runtime Environment to continue.
# Native memory allocation (malloc) failed to allocate 1863856 bytes for Chunk::new
# Possible reasons:
#   The system is out of physical RAM or swap space
#   The process is running with CompressedOops enabled, and the Java Heap may be blocking the growth of the native heap
# Possible solutions:
#   Reduce memory load on the system
#   Increase physical memory or swap space
#   Check if swap backing store is full
#   Decrease Java heap size (-Xmx/-Xms)
#   Decrease number of Java threads
#   Decrease Java thread stack sizes (-Xss)
#   Set larger code cache with -XX:ReservedCodeCacheSize=
#   JVM is running with Unscaled Compressed Oops mode in which the Java heap is
#     placed in the first 4GB address space. The Java Heap base address is the
#     maximum limit for the native heap growth. Please use -XX:HeapBaseMinAddress
#     to set the Java Heap base and to place the Java Heap above 4GB virtual address.
# This output file may be truncated or incomplete.
#
#  Out of Memory Error (./src/hotspot/share/memory/arena.cpp:197), pid=3024, tid=11640
#
# JRE version: OpenJDK Runtime Environment Corretto-11.0.12.7.1 (11.0.12+7) (build 11.0.12+7-LTS)
# Java VM: OpenJDK 64-Bit Server VM Corretto-11.0.12.7.1 (11.0.12+7-LTS, mixed mode, tiered, compressed oops, g1 gc, windows-amd64)
# No core dump will be written. Minidumps are not enabled by default on client versions of Windows
#

---------------  S U M M A R Y ------------

Command Line: --add-opens=java.base/java.util=ALL-UNNAMED --add-opens=java.base/java.lang=ALL-UNNAMED --add-opens=java.base/java.lang.invoke=ALL-UNNAMED --add-opens=java.prefs/java.util.prefs=ALL-UNNAMED -XX:MaxMetaspaceSize=256m -XX:+HeapDumpOnOutOfMemoryError -Xms256m -Xmx512m -Dfile.encoding=windows-1252 -Duser.country=US -Duser.language=en -Duser.variant org.gradle.launcher.daemon.bootstrap.GradleDaemon 6.8

Host: Intel(R) Core(TM) i3-1005G1 CPU @ 1.20GHz, 4 cores, 3G,  Windows 10 , 64 bit Build 19041 (10.0.19041.1151)
Time: Sun Aug 22 16:37:17 2021 Pacific Daylight Time elapsed time: 13.969960 seconds (0d 0h 0m 13s)

---------------  T H R E A D  ---------------

Current thread (0x0000025ac84e8000):  JavaThread "C2 CompilerThread0" daemon [_thread_in_native, id=11640, stack(0x0000005bb5600000,0x0000005bb5700000)]


Current CompileTask:
C2:  13970 7257       4       java.lang.invoke.MethodType::makeImpl (108 bytes)

Stack: [0x0000005bb5600000,0x0000005bb5700000]
Native frames: (J=compiled Java code, j=interpreted, Vv=VM code, C=native code)
V  [jvm.dll+0x601d7a]
V  [jvm.dll+0x78b45e]
V  [jvm.dll+0x78cb2f]
V  [jvm.dll+0x78d1f3]
V  [jvm.dll+0x24bc58]
V  [jvm.dll+0xc219c]
V  [jvm.dll+0xc275c]
V  [jvm.dll+0x3548d7]
V  [jvm.dll+0x321d93]
V  [jvm.dll+0x3210ca]
V  [jvm.dll+0x205535]
V  [jvm.dll+0x20471d]
V  [jvm.dll+0x18990c]
V  [jvm.dll+0x213b57]
V  [jvm.dll+0x211d1b]
V  [jvm.dll+0x74f509]
V  [jvm.dll+0x748574]
V  [jvm.dll+0x600c16]
C  [ucrtbase.dll+0x21bb2]
C  [KERNEL32.DLL+0x17034]
C  [ntdll.dll+0x52651]


---------------  P R O C E S S  ---------------

Threads class SMR info:
_java_thread_list=0x0000025acdfb3570, length=62, elements={
0x0000025aace79000, 0x0000025ac84bf800, 0x0000025ac84c9000, 0x0000025ac84e0800,
0x0000025ac84e1800, 0x0000025ac84e6800, 0x0000025ac84e8000, 0x0000025ac84f0000,
0x0000025ac84f9800, 0x0000025ac8fa2800, 0x0000025ac9971000, 0x0000025acaf89800,
0x0000025acadab800, 0x0000025acb6cb800, 0x0000025acb568000, 0x0000025aca6d3800,
0x0000025acb5ba800, 0x0000025acaa79800, 0x0000025acaa33000, 0x0000025ac9899000,
0x0000025ac9897800, 0x0000025ac9899800, 0x0000025ac9898000, 0x0000025acccdf000,
0x0000025acccdc800, 0x0000025acccde000, 0x0000025acccd9000, 0x0000025acccdf800,
0x0000025acccdd800, 0x0000025acccda000, 0x0000025accce1800, 0x0000025acccdb800,
0x0000025accce4800, 0x0000025accce8000, 0x0000025accce2000, 0x0000025accce3000,
0x0000025accce5800, 0x0000025accce4000, 0x0000025accce6800, 0x0000025accce7000,
0x0000025accf1b000, 0x0000025accf19000, 0x0000025accf1c000, 0x0000025accf1d000,
0x0000025accf19800, 0x0000025accf1d800, 0x0000025accf1a800, 0x0000025accf20000,
0x0000025accf22800, 0x0000025accf21000, 0x0000025accf22000, 0x0000025accf23800,
0x0000025accf24000, 0x0000025accf1e800, 0x0000025accf1f800, 0x0000025accf25000,
0x0000025accf26000, 0x0000025accf26800, 0x0000025accf27800, 0x0000025ac988c000,
0x0000025ac9888000, 0x0000025ac9887000
}

Java Threads: ( => current thread )
  0x0000025aace79000 JavaThread "main" [_thread_blocked, id=9296, stack(0x0000005bb4a00000,0x0000005bb4b00000)]
  0x0000025ac84bf800 JavaThread "Reference Handler" daemon [_thread_blocked, id=3328, stack(0x0000005bb5100000,0x0000005bb5200000)]
  0x0000025ac84c9000 JavaThread "Finalizer" daemon [_thread_blocked, id=10316, stack(0x0000005bb5200000,0x0000005bb5300000)]
  0x0000025ac84e0800 JavaThread "Signal Dispatcher" daemon [_thread_blocked, id=11372, stack(0x0000005bb5300000,0x0000005bb5400000)]
  0x0000025ac84e1800 JavaThread "Attach Listener" daemon [_thread_blocked, id=1360, stack(0x0000005bb5400000,0x0000005bb5500000)]
  0x0000025ac84e6800 JavaThread "Service Thread" daemon [_thread_blocked, id=11460, stack(0x0000005bb5500000,0x0000005bb5600000)]
=>0x0000025ac84e8000 JavaThread "C2 CompilerThread0" daemon [_thread_in_native, id=11640, stack(0x0000005bb5600000,0x0000005bb5700000)]
  0x0000025ac84f0000 JavaThread "C1 CompilerThread0" daemon [_thread_blocked, id=9448, stack(0x0000005bb5700000,0x0000005bb5800000)]
  0x0000025ac84f9800 JavaThread "Sweeper thread" daemon [_thread_blocked, id=13516, stack(0x0000005bb5800000,0x0000005bb5900000)]
  0x0000025ac8fa2800 JavaThread "Common-Cleaner" daemon [_thread_blocked, id=7360, stack(0x0000005bb5900000,0x0000005bb5a00000)]
  0x0000025ac9971000 JavaThread "Daemon health stats" [_thread_blocked, id=5624, stack(0x0000005bb5f00000,0x0000005bb6000000)]
  0x0000025acaf89800 JavaThread "Incoming local TCP Connector on port 60429" [_thread_in_native, id=12876, stack(0x0000005bb6200000,0x0000005bb6300000)]
  0x0000025acadab800 JavaThread "Daemon periodic checks" [_thread_blocked, id=8716, stack(0x0000005bb6300000,0x0000005bb6400000)]
  0x0000025acb6cb800 JavaThread "Daemon" [_thread_blocked, id=14604, stack(0x0000005bb6400000,0x0000005bb6500000)]
  0x0000025acb568000 JavaThread "Handler for socket connection from /127.0.0.1:60429 to /127.0.0.1:60430" [_thread_in_native, id=9720, stack(0x0000005bb6500000,0x0000005bb6600000)]
  0x0000025aca6d3800 JavaThread "Cancel handler" [_thread_blocked, id=7200, stack(0x0000005bb6600000,0x0000005bb6700000)]
  0x0000025acb5ba800 JavaThread "Daemon worker" [_thread_in_native, id=13812, stack(0x0000005bb6700000,0x0000005bb6800000)]
  0x0000025acaa79800 JavaThread "Asynchronous log dispatcher for DefaultDaemonConnection: socket connection from /127.0.0.1:60429 to /127.0.0.1:60430" [_thread_blocked, id=12276, stack(0x0000005bb6800000,0x0000005bb6900000)]
  0x0000025acaa33000 JavaThread "Stdin handler" [_thread_blocked, id=948, stack(0x0000005bb6900000,0x0000005bb6a00000)]
  0x0000025ac9899000 JavaThread "Daemon client event forwarder" [_thread_blocked, id=9632, stack(0x0000005bb6a00000,0x0000005bb6b00000)]
  0x0000025ac9897800 JavaThread "Cache worker for file hash cache (C:\Users\lenovo\.gradle\caches\6.8\fileHashes)" [_thread_blocked, id=5676, stack(0x0000005bb6b00000,0x0000005bb6c00000)]
  0x0000025ac9899800 JavaThread "File lock request listener" [_thread_in_native, id=2456, stack(0x0000005bb6c00000,0x0000005bb6d00000)]
  0x0000025ac9898000 JavaThread "Cache worker for journal cache (C:\Users\lenovo\.gradle\caches\journal-1)" [_thread_blocked, id=5128, stack(0x0000005bb6d00000,0x0000005bb6e00000)]
  0x0000025acccdf000 JavaThread "Cache worker for file hash cache (C:\Users\lenovo\IdeaProjects\Android\Kotlin\Kotlin Koans1\.gradle\6.8\fileHashes)" [_thread_blocked, id=3908, stack(0x0000005bb6e00000,0x0000005bb6f00000)]
  0x0000025acccdc800 JavaThread "Cache worker for checksums cache (C:\Users\lenovo\IdeaProjects\Android\Kotlin\Kotlin Koans1\.gradle\checksums)" [_thread_blocked, id=5980, stack(0x0000005bb6f00000,0x0000005bb7000000)]
  0x0000025acccde000 JavaThread "Cache worker for cache directory md-supplier (C:\Users\lenovo\.gradle\caches\6.8\md-supplier)" [_thread_blocked, id=14992, stack(0x0000005bb7000000,0x0000005bb7100000)]
  0x0000025acccd9000 JavaThread "Cache worker for cache directory md-rule (C:\Users\lenovo\.gradle\caches\6.8\md-rule)" [_thread_blocked, id=11832, stack(0x0000005bb7100000,0x0000005bb7200000)]
  0x0000025acccdf800 JavaThread "Cache worker for execution history cache (C:\Users\lenovo\.gradle\caches\6.8\executionHistory)" [_thread_blocked, id=13160, stack(0x0000005bb7200000,0x0000005bb7300000)]
  0x0000025acccdd800 JavaThread "jar transforms" [_thread_blocked, id=15136, stack(0x0000005bb7300000,0x0000005bb7400000)]
  0x0000025acccda000 JavaThread "Cache worker for file content cache (C:\Users\lenovo\.gradle\caches\6.8\fileContent)" [_thread_blocked, id=1440, stack(0x0000005bb7400000,0x0000005bb7500000)]
  0x0000025accce1800 JavaThread "Cache worker for Build Output Cleanup Cache (C:\Users\lenovo\IdeaProjects\Android\Kotlin\Kotlin Koans1\.gradle\buildOutputCleanup)" [_thread_blocked, id=14252, stack(0x0000005bb5b00000,0x0000005bb5c00000)]
  0x0000025acccdb800 JavaThread "Build operations" [_thread_blocked, id=6412, stack(0x0000005bb7500000,0x0000005bb7600000)]
  0x0000025accce4800 JavaThread "Build operations Thread 2" [_thread_blocked, id=13580, stack(0x0000005bb7600000,0x0000005bb7700000)]
  0x0000025accce8000 JavaThread "Build operations Thread 3" [_thread_blocked, id=10636, stack(0x0000005bb7700000,0x0000005bb7800000)]
  0x0000025accce2000 JavaThread "Build operations Thread 4" [_thread_blocked, id=14648, stack(0x0000005bb7800000,0x0000005bb7900000)]
  0x0000025accce3000 JavaThread "jar transforms Thread 2" [_thread_blocked, id=2008, stack(0x0000005bb7900000,0x0000005bb7a00000)]
  0x0000025accce5800 JavaThread "jar transforms Thread 3" [_thread_blocked, id=10488, stack(0x0000005bb7a00000,0x0000005bb7b00000)]
  0x0000025accce4000 JavaThread "jar transforms Thread 4" [_thread_blocked, id=11512, stack(0x0000005bb7b00000,0x0000005bb7c00000)]
  0x0000025accce6800 JavaThread "jar transforms Thread 5" [_thread_blocked, id=9736, stack(0x0000005bb7c00000,0x0000005bb7d00000)]
  0x0000025accce7000 JavaThread "jar transforms Thread 6" [_thread_blocked, id=8940, stack(0x0000005bb7d00000,0x0000005bb7e00000)]
  0x0000025accf1b000 JavaThread "jar transforms Thread 7" [_thread_blocked, id=9464, stack(0x0000005bb7e00000,0x0000005bb7f00000)]
  0x0000025accf19000 JavaThread "jar transforms Thread 8" [_thread_blocked, id=14512, stack(0x0000005bb7f00000,0x0000005bb8000000)]
  0x0000025accf1c000 JavaThread "jar transforms Thread 9" [_thread_blocked, id=7648, stack(0x0000005bb8000000,0x0000005bb8100000)]
  0x0000025accf1d000 JavaThread "jar transforms Thread 10" [_thread_blocked, id=10616, stack(0x0000005bb8100000,0x0000005bb8200000)]
  0x0000025accf19800 JavaThread "jar transforms Thread 11" [_thread_blocked, id=6796, stack(0x0000005bb8200000,0x0000005bb8300000)]
  0x0000025accf1d800 JavaThread "jar transforms Thread 12" [_thread_blocked, id=12192, stack(0x0000005bb8300000,0x0000005bb8400000)]
  0x0000025accf1a800 JavaThread "jar transforms Thread 13" [_thread_blocked, id=6620, stack(0x0000005bb8400000,0x0000005bb8500000)]
  0x0000025accf20000 JavaThread "jar transforms Thread 14" [_thread_blocked, id=8552, stack(0x0000005bb8500000,0x0000005bb8600000)]
  0x0000025accf22800 JavaThread "jar transforms Thread 15" [_thread_blocked, id=2784, stack(0x0000005bb8600000,0x0000005bb8700000)]
  0x0000025accf21000 JavaThread "jar transforms Thread 16" [_thread_blocked, id=10332, stack(0x0000005bb8700000,0x0000005bb8800000)]
  0x0000025accf22000 JavaThread "jar transforms Thread 17" [_thread_blocked, id=6728, stack(0x0000005bb8800000,0x0000005bb8900000)]
  0x0000025accf23800 JavaThread "Memory manager" [_thread_blocked, id=2236, stack(0x0000005bb8900000,0x0000005bb8a00000)]
  0x0000025accf24000 JavaThread "Execution worker for ':'" [_thread_blocked, id=9084, stack(0x0000005bb8c00000,0x0000005bb8d00000)]
  0x0000025accf1e800 JavaThread "Execution worker for ':' Thread 2" [_thread_blocked, id=12248, stack(0x0000005bb8d00000,0x0000005bb8e00000)]
  0x0000025accf1f800 JavaThread "Execution worker for ':' Thread 3" [_thread_blocked, id=11756, stack(0x0000005bb8e00000,0x0000005bb8f00000)]
  0x0000025accf25000 JavaThread "Cache worker for execution history cache (C:\Users\lenovo\IdeaProjects\Android\Kotlin\Kotlin Koans1\.gradle\6.8\executionHistory)" [_thread_blocked, id=4748, stack(0x0000005bb8f00000,0x0000005bb9000000)]
  0x0000025accf26000 JavaThread "RMI Scheduler(0)" daemon [_thread_blocked, id=15280, stack(0x0000005bb9000000,0x0000005bb9100000)]
  0x0000025accf26800 JavaThread "RMI RenewClean-[127.0.0.1:17164,org.jetbrains.kotlin.daemon.common.LoopbackNetworkInterface$ClientLoopbackSocketFactory@23bc1535]" daemon [_thread_blocked, id=11608, stack(0x0000005bb9100000,0x0000005bb9200000)]
  0x0000025accf27800 JavaThread "RMI GC Daemon" daemon [_thread_blocked, id=14688, stack(0x0000005bb9200000,0x0000005bb9300000)]
  0x0000025ac988c000 JavaThread "RMI TCP Accept-0" daemon [_thread_in_native, id=13588, stack(0x0000005bb9300000,0x0000005bb9400000)]
  0x0000025ac9888000 JavaThread "RMI Reaper" [_thread_blocked, id=4672, stack(0x0000005bb9400000,0x0000005bb9500000)]
  0x0000025ac9887000 JavaThread "RMI TCP Connection(1)-127.0.0.1" daemon [_thread_in_native, id=13736, stack(0x0000005bb9500000,0x0000005bb9600000)]

Other Threads:
  0x0000025ac849a800 VMThread "VM Thread" [stack: 0x0000005bb5000000,0x0000005bb5100000] [id=9676]
  0x0000025ac8fc0000 WatcherThread [stack: 0x0000005bb5a00000,0x0000005bb5b00000] [id=7296]
  0x0000025aace93800 GCTaskThread "GC Thread#0" [stack: 0x0000005bb4b00000,0x0000005bb4c00000] [id=13464]
  0x0000025ac9281800 GCTaskThread "GC Thread#1" [stack: 0x0000005bb5c00000,0x0000005bb5d00000] [id=8024]
  0x0000025ac9282800 GCTaskThread "GC Thread#2" [stack: 0x0000005bb5d00000,0x0000005bb5e00000] [id=15028]
  0x0000025ac9283000 GCTaskThread "GC Thread#3" [stack: 0x0000005bb5e00000,0x0000005bb5f00000] [id=13252]
  0x0000025aacea3800 ConcurrentGCThread "G1 Main Marker" [stack: 0x0000005bb4c00000,0x0000005bb4d00000] [id=5748]
  0x0000025aacea6000 ConcurrentGCThread "G1 Conc#0" [stack: 0x0000005bb4d00000,0x0000005bb4e00000] [id=5264]
  0x0000025aacf5e000 ConcurrentGCThread "G1 Refine#0" [stack: 0x0000005bb4e00000,0x0000005bb4f00000] [id=12012]
  0x0000025acc8ae000 ConcurrentGCThread "G1 Refine#1" [stack: 0x0000005bb8a00000,0x0000005bb8b00000] [id=6368]
  0x0000025acae22000 ConcurrentGCThread "G1 Refine#2" [stack: 0x0000005bb8b00000,0x0000005bb8c00000] [id=508]
  0x0000025ac8336800 ConcurrentGCThread "G1 Young RemSet Sampling" [stack: 0x0000005bb4f00000,0x0000005bb5000000] [id=13320]

Threads with active compile tasks:
C2 CompilerThread0  14004 7257       4       java.lang.invoke.MethodType::makeImpl (108 bytes)

VM state:not at safepoint (normal execution)

VM Mutex/Monitor currently owned by a thread: None

Heap address: 0x00000000e0000000, size: 512 MB, Compressed Oops mode: 32-bit
Narrow klass base: 0x0000000000000000, Narrow klass shift: 3
Compressed class space size: 260046848 Address: 0x0000000100000000

Heap:
 garbage-first heap   total 262144K, used 110230K [0x00000000e0000000, 0x0000000100000000)
  region size 1024K, 64 young (65536K), 6 survivors (6144K)
 Metaspace       used 64209K, capacity 66190K, committed 66304K, reserved 311296K
  class space    used 8378K, capacity 9105K, committed 9216K, reserved 253952K
Heap Regions: E=young(eden), S=young(survivor), O=old, HS=humongous(starts), HC=humongous(continues), CS=collection set, F=free, A=archive, TAMS=top-at-mark-start (previous, next)
|   0|0x00000000e0000000, 0x00000000e0100000, 0x00000000e0100000|100%| O|  |TAMS 0x00000000e0100000, 0x00000000e0000000| Untracked 
|   1|0x00000000e0100000, 0x00000000e0200000, 0x00000000e0200000|100%| O|  |TAMS 0x00000000e0200000, 0x00000000e0100000| Untracked 
|   2|0x00000000e0200000, 0x00000000e0300000, 0x00000000e0300000|100%| O|  |TAMS 0x00000000e0300000, 0x00000000e0200000| Untracked 
|   3|0x00000000e0300000, 0x00000000e0400000, 0x00000000e0400000|100%|HS|  |TAMS 0x00000000e0400000, 0x00000000e0300000| Complete 
|   4|0x00000000e0400000, 0x00000000e0500000, 0x00000000e0500000|100%|HC|  |TAMS 0x00000000e0500000, 0x00000000e0400000| Complete 
|   5|0x00000000e0500000, 0x00000000e0600000, 0x00000000e0600000|100%|HC|  |TAMS 0x00000000e0600000, 0x00000000e0500000| Complete 
|   6|0x00000000e0600000, 0x00000000e0700000, 0x00000000e0700000|100%| O|  |TAMS 0x00000000e0700000, 0x00000000e0600000| Untracked 
|   7|0x00000000e0700000, 0x00000000e0800000, 0x00000000e0800000|100%| O|  |TAMS 0x00000000e0800000, 0x00000000e0700000| Untracked 
|   8|0x00000000e0800000, 0x00000000e0900000, 0x00000000e0900000|100%| O|  |TAMS 0x00000000e0900000, 0x00000000e0800000| Untracked 
|   9|0x00000000e0900000, 0x00000000e0a00000, 0x00000000e0a00000|100%| O|  |TAMS 0x00000000e0a00000, 0x00000000e0900000| Untracked 
|  10|0x00000000e0a00000, 0x00000000e0b00000, 0x00000000e0b00000|100%| O|  |TAMS 0x00000000e0b00000, 0x00000000e0a00000| Untracked 
|  11|0x00000000e0b00000, 0x00000000e0c00000, 0x00000000e0c00000|100%| O|  |TAMS 0x00000000e0c00000, 0x00000000e0b00000| Untracked 
|  12|0x00000000e0c00000, 0x00000000e0d00000, 0x00000000e0d00000|100%| O|  |TAMS 0x00000000e0d00000, 0x00000000e0c00000| Untracked 
|  13|0x00000000e0d00000, 0x00000000e0e00000, 0x00000000e0e00000|100%|HS|  |TAMS 0x00000000e0e00000, 0x00000000e0d00000| Complete 
|  14|0x00000000e0e00000, 0x00000000e0f00000, 0x00000000e0f00000|100%|HC|  |TAMS 0x00000000e0f00000, 0x00000000e0e00000| Complete 
|  15|0x00000000e0f00000, 0x00000000e1000000, 0x00000000e1000000|100%| O|  |TAMS 0x00000000e1000000, 0x00000000e0f00000| Untracked 
|  16|0x00000000e1000000, 0x00000000e1100000, 0x00000000e1100000|100%| O|  |TAMS 0x00000000e1100000, 0x00000000e1000000| Untracked 
|  17|0x00000000e1100000, 0x00000000e1200000, 0x00000000e1200000|100%| O|  |TAMS 0x00000000e1200000, 0x00000000e1100000| Untracked 
|  18|0x00000000e1200000, 0x00000000e1300000, 0x00000000e1300000|100%| O|  |TAMS 0x00000000e1300000, 0x00000000e1200000| Untracked 
|  19|0x00000000e1300000, 0x00000000e1400000, 0x00000000e1400000|100%| O|  |TAMS 0x00000000e1400000, 0x00000000e1300000| Untracked 
|  20|0x00000000e1400000, 0x00000000e1500000, 0x00000000e1500000|100%| O|  |TAMS 0x00000000e1500000, 0x00000000e1400000| Untracked 
|  21|0x00000000e1500000, 0x00000000e1600000, 0x00000000e1600000|100%| O|  |TAMS 0x00000000e1600000, 0x00000000e1500000| Untracked 
|  22|0x00000000e1600000, 0x00000000e1700000, 0x00000000e1700000|100%| O|  |TAMS 0x00000000e1700000, 0x00000000e1600000| Untracked 
|  23|0x00000000e1700000, 0x00000000e1800000, 0x00000000e1800000|100%| O|  |TAMS 0x00000000e1800000, 0x00000000e1700000| Untracked 
|  24|0x00000000e1800000, 0x00000000e1900000, 0x00000000e1900000|100%| O|  |TAMS 0x00000000e1900000, 0x00000000e1800000| Untracked 
|  25|0x00000000e1900000, 0x00000000e1a00000, 0x00000000e1a00000|100%| O|  |TAMS 0x00000000e1a00000, 0x00000000e1900000| Untracked 
|  26|0x00000000e1a00000, 0x00000000e1b00000, 0x00000000e1b00000|100%| O|  |TAMS 0x00000000e1b00000, 0x00000000e1a00000| Untracked 
|  27|0x00000000e1b00000, 0x00000000e1c00000, 0x00000000e1c00000|100%| O|  |TAMS 0x00000000e1c00000, 0x00000000e1b00000| Untracked 
|  28|0x00000000e1c00000, 0x00000000e1d00000, 0x00000000e1d00000|100%| O|  |TAMS 0x00000000e1d00000, 0x00000000e1c00000| Untracked 
|  29|0x00000000e1d00000, 0x00000000e1e00000, 0x00000000e1e00000|100%| O|  |TAMS 0x00000000e1e00000, 0x00000000e1d00000| Untracked 
|  30|0x00000000e1e00000, 0x00000000e1f00000, 0x00000000e1f00000|100%| O|  |TAMS 0x00000000e1f00000, 0x00000000e1e00000| Untracked 
|  31|0x00000000e1f00000, 0x00000000e2000000, 0x00000000e2000000|100%| O|  |TAMS 0x00000000e2000000, 0x00000000e1f00000| Untracked 
|  32|0x00000000e2000000, 0x00000000e2100000, 0x00000000e2100000|100%| O|  |TAMS 0x00000000e2100000, 0x00000000e2000000| Untracked 
|  33|0x00000000e2100000, 0x00000000e2200000, 0x00000000e2200000|100%| O|  |TAMS 0x00000000e2200000, 0x00000000e2100000| Untracked 
|  34|0x00000000e2200000, 0x00000000e2300000, 0x00000000e2300000|100%| O|  |TAMS 0x00000000e2300000, 0x00000000e2200000| Untracked 
|  35|0x00000000e2300000, 0x00000000e2400000, 0x00000000e2400000|100%| O|  |TAMS 0x00000000e2400000, 0x00000000e2300000| Untracked 
|  36|0x00000000e2400000, 0x00000000e2500000, 0x00000000e2500000|100%| O|  |TAMS 0x00000000e2500000, 0x00000000e2400000| Untracked 
|  37|0x00000000e2500000, 0x00000000e2600000, 0x00000000e2600000|100%| O|  |TAMS 0x00000000e2600000, 0x00000000e2500000| Untracked 
|  38|0x00000000e2600000, 0x00000000e2700000, 0x00000000e2700000|100%| O|  |TAMS 0x00000000e2700000, 0x00000000e2600000| Untracked 
|  39|0x00000000e2700000, 0x00000000e2800000, 0x00000000e2800000|100%| O|  |TAMS 0x00000000e2800000, 0x00000000e2700000| Untracked 
|  40|0x00000000e2800000, 0x00000000e2900000, 0x00000000e2900000|100%| O|  |TAMS 0x00000000e2900000, 0x00000000e2800000| Untracked 
|  41|0x00000000e2900000, 0x00000000e2a00000, 0x00000000e2a00000|100%| O|  |TAMS 0x00000000e2a00000, 0x00000000e2900000| Untracked 
|  42|0x00000000e2a00000, 0x00000000e2b00000, 0x00000000e2b00000|100%| O|  |TAMS 0x00000000e2b00000, 0x00000000e2a00000| Untracked 
|  43|0x00000000e2b00000, 0x00000000e2c00000, 0x00000000e2c00000|100%| O|  |TAMS 0x00000000e2c00000, 0x00000000e2b00000| Untracked 
|  44|0x00000000e2c00000, 0x00000000e2d00000, 0x00000000e2d00000|100%| O|  |TAMS 0x00000000e2d00000, 0x00000000e2c00000| Untracked 
|  45|0x00000000e2d00000, 0x00000000e2d4ce00, 0x00000000e2e00000| 30%| O|  |TAMS 0x00000000e2d4ce00, 0x00000000e2d00000| Untracked 
|  46|0x00000000e2e00000, 0x00000000e2e00000, 0x00000000e2f00000|  0%| F|  |TAMS 0x00000000e2e00000, 0x00000000e2e00000| Untracked 
|  47|0x00000000e2f00000, 0x00000000e2f00000, 0x00000000e3000000|  0%| F|  |TAMS 0x00000000e2f00000, 0x00000000e2f00000| Untracked 
|  48|0x00000000e3000000, 0x00000000e3000000, 0x00000000e3100000|  0%| F|  |TAMS 0x00000000e3000000, 0x00000000e3000000| Untracked 
|  49|0x00000000e3100000, 0x00000000e3100000, 0x00000000e3200000|  0%| F|  |TAMS 0x00000000e3100000, 0x00000000e3100000| Untracked 
|  50|0x00000000e3200000, 0x00000000e3200000, 0x00000000e3300000|  0%| F|  |TAMS 0x00000000e3200000, 0x00000000e3200000| Untracked 
|  51|0x00000000e3300000, 0x00000000e3300000, 0x00000000e3400000|  0%| F|  |TAMS 0x00000000e3300000, 0x00000000e3300000| Untracked 
|  52|0x00000000e3400000, 0x00000000e3400000, 0x00000000e3500000|  0%| F|  |TAMS 0x00000000e3400000, 0x00000000e3400000| Untracked 
|  53|0x00000000e3500000, 0x00000000e3500000, 0x00000000e3600000|  0%| F|  |TAMS 0x00000000e3500000, 0x00000000e3500000| Untracked 
|  54|0x00000000e3600000, 0x00000000e3600000, 0x00000000e3700000|  0%| F|  |TAMS 0x00000000e3600000, 0x00000000e3600000| Untracked 
|  55|0x00000000e3700000, 0x00000000e3700000, 0x00000000e3800000|  0%| F|  |TAMS 0x00000000e3700000, 0x00000000e3700000| Untracked 
|  56|0x00000000e3800000, 0x00000000e3800000, 0x00000000e3900000|  0%| F|  |TAMS 0x00000000e3800000, 0x00000000e3800000| Untracked 
|  57|0x00000000e3900000, 0x00000000e3900000, 0x00000000e3a00000|  0%| F|  |TAMS 0x00000000e3900000, 0x00000000e3900000| Untracked 
|  58|0x00000000e3a00000, 0x00000000e3a00000, 0x00000000e3b00000|  0%| F|  |TAMS 0x00000000e3a00000, 0x00000000e3a00000| Untracked 
|  59|0x00000000e3b00000, 0x00000000e3b00000, 0x00000000e3c00000|  0%| F|  |TAMS 0x00000000e3b00000, 0x00000000e3b00000| Untracked 
|  60|0x00000000e3c00000, 0x00000000e3c00000, 0x00000000e3d00000|  0%| F|  |TAMS 0x00000000e3c00000, 0x00000000e3c00000| Untracked 
|  61|0x00000000e3d00000, 0x00000000e3d00000, 0x00000000e3e00000|  0%| F|  |TAMS 0x00000000e3d00000, 0x00000000e3d00000| Untracked 
|  62|0x00000000e3e00000, 0x00000000e3e00000, 0x00000000e3f00000|  0%| F|  |TAMS 0x00000000e3e00000, 0x00000000e3e00000| Untracked 
|  63|0x00000000e3f00000, 0x00000000e3f00000, 0x00000000e4000000|  0%| F|  |TAMS 0x00000000e3f00000, 0x00000000e3f00000| Untracked 
|  64|0x00000000e4000000, 0x00000000e4000000, 0x00000000e4100000|  0%| F|  |TAMS 0x00000000e4000000, 0x00000000e4000000| Untracked 
|  65|0x00000000e4100000, 0x00000000e4100000, 0x00000000e4200000|  0%| F|  |TAMS 0x00000000e4100000, 0x00000000e4100000| Untracked 
|  66|0x00000000e4200000, 0x00000000e4200000, 0x00000000e4300000|  0%| F|  |TAMS 0x00000000e4200000, 0x00000000e4200000| Untracked 
|  67|0x00000000e4300000, 0x00000000e4300000, 0x00000000e4400000|  0%| F|  |TAMS 0x00000000e4300000, 0x00000000e4300000| Untracked 
|  68|0x00000000e4400000, 0x00000000e4400000, 0x00000000e4500000|  0%| F|  |TAMS 0x00000000e4400000, 0x00000000e4400000| Untracked 
|  69|0x00000000e4500000, 0x00000000e4500000, 0x00000000e4600000|  0%| F|  |TAMS 0x00000000e4500000, 0x00000000e4500000| Untracked 
|  70|0x00000000e4600000, 0x00000000e4600000, 0x00000000e4700000|  0%| F|  |TAMS 0x00000000e4600000, 0x00000000e4600000| Untracked 
|  71|0x00000000e4700000, 0x00000000e4700000, 0x00000000e4800000|  0%| F|  |TAMS 0x00000000e4700000, 0x00000000e4700000| Untracked 
|  72|0x00000000e4800000, 0x00000000e4800000, 0x00000000e4900000|  0%| F|  |TAMS 0x00000000e4800000, 0x00000000e4800000| Untracked 
|  73|0x00000000e4900000, 0x00000000e4900000, 0x00000000e4a00000|  0%| F|  |TAMS 0x00000000e4900000, 0x00000000e4900000| Untracked 
|  74|0x00000000e4a00000, 0x00000000e4a00000, 0x00000000e4b00000|  0%| F|  |TAMS 0x00000000e4a00000, 0x00000000e4a00000| Untracked 
|  75|0x00000000e4b00000, 0x00000000e4b00000, 0x00000000e4c00000|  0%| F|  |TAMS 0x00000000e4b00000, 0x00000000e4b00000| Untracked 
|  76|0x00000000e4c00000, 0x00000000e4c00000, 0x00000000e4d00000|  0%| F|  |TAMS 0x00000000e4c00000, 0x00000000e4c00000| Untracked 
|  77|0x00000000e4d00000, 0x00000000e4d00000, 0x00000000e4e00000|  0%| F|  |TAMS 0x00000000e4d00000, 0x00000000e4d00000| Untracked 
|  78|0x00000000e4e00000, 0x00000000e4e00000, 0x00000000e4f00000|  0%| F|  |TAMS 0x00000000e4e00000, 0x00000000e4e00000| Untracked 
|  79|0x00000000e4f00000, 0x00000000e4f00000, 0x00000000e5000000|  0%| F|  |TAMS 0x00000000e4f00000, 0x00000000e4f00000| Untracked 
|  80|0x00000000e5000000, 0x00000000e5000000, 0x00000000e5100000|  0%| F|  |TAMS 0x00000000e5000000, 0x00000000e5000000| Untracked 
|  81|0x00000000e5100000, 0x00000000e5100000, 0x00000000e5200000|  0%| F|  |TAMS 0x00000000e5100000, 0x00000000e5100000| Untracked 
|  82|0x00000000e5200000, 0x00000000e5200000, 0x00000000e5300000|  0%| F|  |TAMS 0x00000000e5200000, 0x00000000e5200000| Untracked 
|  83|0x00000000e5300000, 0x00000000e5300000, 0x00000000e5400000|  0%| F|  |TAMS 0x00000000e5300000, 0x00000000e5300000| Untracked 
|  84|0x00000000e5400000, 0x00000000e5400000, 0x00000000e5500000|  0%| F|  |TAMS 0x00000000e5400000, 0x00000000e5400000| Untracked 
|  85|0x00000000e5500000, 0x00000000e5500000, 0x00000000e5600000|  0%| F|  |TAMS 0x00000000e5500000, 0x00000000e5500000| Untracked 
|  86|0x00000000e5600000, 0x00000000e5600000, 0x00000000e5700000|  0%| F|  |TAMS 0x00000000e5600000, 0x00000000e5600000| Untracked 
|  87|0x00000000e5700000, 0x00000000e5700000, 0x00000000e5800000|  0%| F|  |TAMS 0x00000000e5700000, 0x00000000e5700000| Untracked 
|  88|0x00000000e5800000, 0x00000000e5800000, 0x00000000e5900000|  0%| F|  |TAMS 0x00000000e5800000, 0x00000000e5800000| Untracked 
|  89|0x00000000e5900000, 0x00000000e5900000, 0x00000000e5a00000|  0%| F|  |TAMS 0x00000000e5900000, 0x00000000e5900000| Untracked 
|  90|0x00000000e5a00000, 0x00000000e5a00000, 0x00000000e5b00000|  0%| F|  |TAMS 0x00000000e5a00000, 0x00000000e5a00000| Untracked 
|  91|0x00000000e5b00000, 0x00000000e5b00000, 0x00000000e5c00000|  0%| F|  |TAMS 0x00000000e5b00000, 0x00000000e5b00000| Untracked 
|  92|0x00000000e5c00000, 0x00000000e5c00000, 0x00000000e5d00000|  0%| F|  |TAMS 0x00000000e5c00000, 0x00000000e5c00000| Untracked 
|  93|0x00000000e5d00000, 0x00000000e5d00000, 0x00000000e5e00000|  0%| F|  |TAMS 0x00000000e5d00000, 0x00000000e5d00000| Untracked 
|  94|0x00000000e5e00000, 0x00000000e5e00000, 0x00000000e5f00000|  0%| F|  |TAMS 0x00000000e5e00000, 0x00000000e5e00000| Untracked 
|  95|0x00000000e5f00000, 0x00000000e5f00000, 0x00000000e6000000|  0%| F|  |TAMS 0x00000000e5f00000, 0x00000000e5f00000| Untracked 
|  96|0x00000000e6000000, 0x00000000e6000000, 0x00000000e6100000|  0%| F|  |TAMS 0x00000000e6000000, 0x00000000e6000000| Untracked 
|  97|0x00000000e6100000, 0x00000000e6100000, 0x00000000e6200000|  0%| F|  |TAMS 0x00000000e6100000, 0x00000000e6100000| Untracked 
|  98|0x00000000e6200000, 0x00000000e6200000, 0x00000000e6300000|  0%| F|  |TAMS 0x00000000e6200000, 0x00000000e6200000| Untracked 
|  99|0x00000000e6300000, 0x00000000e6300000, 0x00000000e6400000|  0%| F|  |TAMS 0x00000000e6300000, 0x00000000e6300000| Untracked 
| 100|0x00000000e6400000, 0x00000000e6400000, 0x00000000e6500000|  0%| F|  |TAMS 0x00000000e6400000, 0x00000000e6400000| Untracked 
| 101|0x00000000e6500000, 0x00000000e6500000, 0x00000000e6600000|  0%| F|  |TAMS 0x00000000e6500000, 0x00000000e6500000| Untracked 
| 102|0x00000000e6600000, 0x00000000e6600000, 0x00000000e6700000|  0%| F|  |TAMS 0x00000000e6600000, 0x00000000e6600000| Untracked 
| 103|0x00000000e6700000, 0x00000000e6700000, 0x00000000e6800000|  0%| F|  |TAMS 0x00000000e6700000, 0x00000000e6700000| Untracked 
| 104|0x00000000e6800000, 0x00000000e6800000, 0x00000000e6900000|  0%| F|  |TAMS 0x00000000e6800000, 0x00000000e6800000| Untracked 
| 105|0x00000000e6900000, 0x00000000e6900000, 0x00000000e6a00000|  0%| F|  |TAMS 0x00000000e6900000, 0x00000000e6900000| Untracked 
| 106|0x00000000e6a00000, 0x00000000e6a00000, 0x00000000e6b00000|  0%| F|  |TAMS 0x00000000e6a00000, 0x00000000e6a00000| Untracked 
| 107|0x00000000e6b00000, 0x00000000e6b00000, 0x00000000e6c00000|  0%| F|  |TAMS 0x00000000e6b00000, 0x00000000e6b00000| Untracked 
| 108|0x00000000e6c00000, 0x00000000e6c00000, 0x00000000e6d00000|  0%| F|  |TAMS 0x00000000e6c00000, 0x00000000e6c00000| Untracked 
| 109|0x00000000e6d00000, 0x00000000e6d00000, 0x00000000e6e00000|  0%| F|  |TAMS 0x00000000e6d00000, 0x00000000e6d00000| Untracked 
| 110|0x00000000e6e00000, 0x00000000e6e00000, 0x00000000e6f00000|  0%| F|  |TAMS 0x00000000e6e00000, 0x00000000e6e00000| Untracked 
| 111|0x00000000e6f00000, 0x00000000e6f00000, 0x00000000e7000000|  0%| F|  |TAMS 0x00000000e6f00000, 0x00000000e6f00000| Untracked 
| 112|0x00000000e7000000, 0x00000000e7000000, 0x00000000e7100000|  0%| F|  |TAMS 0x00000000e7000000, 0x00000000e7000000| Untracked 
| 113|0x00000000e7100000, 0x00000000e7100000, 0x00000000e7200000|  0%| F|  |TAMS 0x00000000e7100000, 0x00000000e7100000| Untracked 
| 114|0x00000000e7200000, 0x00000000e7200000, 0x00000000e7300000|  0%| F|  |TAMS 0x00000000e7200000, 0x00000000e7200000| Untracked 
| 115|0x00000000e7300000, 0x00000000e7300000, 0x00000000e7400000|  0%| F|  |TAMS 0x00000000e7300000, 0x00000000e7300000| Untracked 
| 116|0x00000000e7400000, 0x00000000e7400000, 0x00000000e7500000|  0%| F|  |TAMS 0x00000000e7400000, 0x00000000e7400000| Untracked 
| 117|0x00000000e7500000, 0x00000000e7500000, 0x00000000e7600000|  0%| F|  |TAMS 0x00000000e7500000, 0x00000000e7500000| Untracked 
| 118|0x00000000e7600000, 0x00000000e7600000, 0x00000000e7700000|  0%| F|  |TAMS 0x00000000e7600000, 0x00000000e7600000| Untracked 
| 119|0x00000000e7700000, 0x00000000e7700000, 0x00000000e7800000|  0%| F|  |TAMS 0x00000000e7700000, 0x00000000e7700000| Untracked 
| 120|0x00000000e7800000, 0x00000000e7800000, 0x00000000e7900000|  0%| F|  |TAMS 0x00000000e7800000, 0x00000000e7800000| Untracked 
| 121|0x00000000e7900000, 0x00000000e7900000, 0x00000000e7a00000|  0%| F|  |TAMS 0x00000000e7900000, 0x00000000e7900000| Untracked 
| 122|0x00000000e7a00000, 0x00000000e7a00000, 0x00000000e7b00000|  0%| F|  |TAMS 0x00000000e7a00000, 0x00000000e7a00000| Untracked 
| 123|0x00000000e7b00000, 0x00000000e7b00000, 0x00000000e7c00000|  0%| F|  |TAMS 0x00000000e7b00000, 0x00000000e7b00000| Untracked 
| 124|0x00000000e7c00000, 0x00000000e7c00000, 0x00000000e7d00000|  0%| F|  |TAMS 0x00000000e7c00000, 0x00000000e7c00000| Untracked 
| 125|0x00000000e7d00000, 0x00000000e7d00000, 0x00000000e7e00000|  0%| F|  |TAMS 0x00000000e7d00000, 0x00000000e7d00000| Untracked 
| 126|0x00000000e7e00000, 0x00000000e7e00000, 0x00000000e7f00000|  0%| F|  |TAMS 0x00000000e7e00000, 0x00000000e7e00000| Untracked 
| 127|0x00000000e7f00000, 0x00000000e7f00000, 0x00000000e8000000|  0%| F|  |TAMS 0x00000000e7f00000, 0x00000000e7f00000| Untracked 
| 128|0x00000000e8000000, 0x00000000e8000000, 0x00000000e8100000|  0%| F|  |TAMS 0x00000000e8000000, 0x00000000e8000000| Untracked 
| 129|0x00000000e8100000, 0x00000000e8100000, 0x00000000e8200000|  0%| F|  |TAMS 0x00000000e8100000, 0x00000000e8100000| Untracked 
| 130|0x00000000e8200000, 0x00000000e8200000, 0x00000000e8300000|  0%| F|  |TAMS 0x00000000e8200000, 0x00000000e8200000| Untracked 
| 131|0x00000000e8300000, 0x00000000e8300000, 0x00000000e8400000|  0%| F|  |TAMS 0x00000000e8300000, 0x00000000e8300000| Untracked 
| 132|0x00000000e8400000, 0x00000000e8400000, 0x00000000e8500000|  0%| F|  |TAMS 0x00000000e8400000, 0x00000000e8400000| Untracked 
| 133|0x00000000e8500000, 0x00000000e8500000, 0x00000000e8600000|  0%| F|  |TAMS 0x00000000e8500000, 0x00000000e8500000| Untracked 
| 134|0x00000000e8600000, 0x00000000e8600000, 0x00000000e8700000|  0%| F|  |TAMS 0x00000000e8600000, 0x00000000e8600000| Untracked 
| 135|0x00000000e8700000, 0x00000000e8700000, 0x00000000e8800000|  0%| F|  |TAMS 0x00000000e8700000, 0x00000000e8700000| Untracked 
| 136|0x00000000e8800000, 0x00000000e8800000, 0x00000000e8900000|  0%| F|  |TAMS 0x00000000e8800000, 0x00000000e8800000| Untracked 
| 137|0x00000000e8900000, 0x00000000e8900000, 0x00000000e8a00000|  0%| F|  |TAMS 0x00000000e8900000, 0x00000000e8900000| Untracked 
| 138|0x00000000e8a00000, 0x00000000e8a00000, 0x00000000e8b00000|  0%| F|  |TAMS 0x00000000e8a00000, 0x00000000e8a00000| Untracked 
| 139|0x00000000e8b00000, 0x00000000e8b00000, 0x00000000e8c00000|  0%| F|  |TAMS 0x00000000e8b00000, 0x00000000e8b00000| Untracked 
| 140|0x00000000e8c00000, 0x00000000e8c00000, 0x00000000e8d00000|  0%| F|  |TAMS 0x00000000e8c00000, 0x00000000e8c00000| Untracked 
| 141|0x00000000e8d00000, 0x00000000e8d00000, 0x00000000e8e00000|  0%| F|  |TAMS 0x00000000e8d00000, 0x00000000e8d00000| Untracked 
| 142|0x00000000e8e00000, 0x00000000e8e00000, 0x00000000e8f00000|  0%| F|  |TAMS 0x00000000e8e00000, 0x00000000e8e00000| Untracked 
| 143|0x00000000e8f00000, 0x00000000e8f00000, 0x00000000e9000000|  0%| F|  |TAMS 0x00000000e8f00000, 0x00000000e8f00000| Untracked 
| 144|0x00000000e9000000, 0x00000000e9000000, 0x00000000e9100000|  0%| F|  |TAMS 0x00000000e9000000, 0x00000000e9000000| Untracked 
| 145|0x00000000e9100000, 0x00000000e9100000, 0x00000000e9200000|  0%| F|  |TAMS 0x00000000e9100000, 0x00000000e9100000| Untracked 
| 146|0x00000000e9200000, 0x00000000e9200000, 0x00000000e9300000|  0%| F|  |TAMS 0x00000000e9200000, 0x00000000e9200000| Untracked 
| 147|0x00000000e9300000, 0x00000000e9300000, 0x00000000e9400000|  0%| F|  |TAMS 0x00000000e9300000, 0x00000000e9300000| Untracked 
| 148|0x00000000e9400000, 0x00000000e9400000, 0x00000000e9500000|  0%| F|  |TAMS 0x00000000e9400000, 0x00000000e9400000| Untracked 
| 149|0x00000000e9500000, 0x00000000e9500000, 0x00000000e9600000|  0%| F|  |TAMS 0x00000000e9500000, 0x00000000e9500000| Untracked 
| 150|0x00000000e9600000, 0x00000000e9600000, 0x00000000e9700000|  0%| F|  |TAMS 0x00000000e9600000, 0x00000000e9600000| Untracked 
| 151|0x00000000e9700000, 0x00000000e9700000, 0x00000000e9800000|  0%| F|  |TAMS 0x00000000e9700000, 0x00000000e9700000| Untracked 
| 152|0x00000000e9800000, 0x00000000e9800000, 0x00000000e9900000|  0%| F|  |TAMS 0x00000000e9800000, 0x00000000e9800000| Untracked 
| 153|0x00000000e9900000, 0x00000000e9900000, 0x00000000e9a00000|  0%| F|  |TAMS 0x00000000e9900000, 0x00000000e9900000| Untracked 
| 154|0x00000000e9a00000, 0x00000000e9a00000, 0x00000000e9b00000|  0%| F|  |TAMS 0x00000000e9a00000, 0x00000000e9a00000| Untracked 
| 155|0x00000000e9b00000, 0x00000000e9b00000, 0x00000000e9c00000|  0%| F|  |TAMS 0x00000000e9b00000, 0x00000000e9b00000| Untracked 
| 156|0x00000000e9c00000, 0x00000000e9c00000, 0x00000000e9d00000|  0%| F|  |TAMS 0x00000000e9c00000, 0x00000000e9c00000| Untracked 
| 157|0x00000000e9d00000, 0x00000000e9d00000, 0x00000000e9e00000|  0%| F|  |TAMS 0x00000000e9d00000, 0x00000000e9d00000| Untracked 
| 158|0x00000000e9e00000, 0x00000000e9e00000, 0x00000000e9f00000|  0%| F|  |TAMS 0x00000000e9e00000, 0x00000000e9e00000| Untracked 
| 159|0x00000000e9f00000, 0x00000000e9f00000, 0x00000000ea000000|  0%| F|  |TAMS 0x00000000e9f00000, 0x00000000e9f00000| Untracked 
| 160|0x00000000ea000000, 0x00000000ea000000, 0x00000000ea100000|  0%| F|  |TAMS 0x00000000ea000000, 0x00000000ea000000| Untracked 
| 161|0x00000000ea100000, 0x00000000ea100000, 0x00000000ea200000|  0%| F|  |TAMS 0x00000000ea100000, 0x00000000ea100000| Untracked 
| 162|0x00000000ea200000, 0x00000000ea200000, 0x00000000ea300000|  0%| F|  |TAMS 0x00000000ea200000, 0x00000000ea200000| Untracked 
| 163|0x00000000ea300000, 0x00000000ea300000, 0x00000000ea400000|  0%| F|  |TAMS 0x00000000ea300000, 0x00000000ea300000| Untracked 
| 164|0x00000000ea400000, 0x00000000ea400000, 0x00000000ea500000|  0%| F|  |TAMS 0x00000000ea400000, 0x00000000ea400000| Untracked 
| 165|0x00000000ea500000, 0x00000000ea500000, 0x00000000ea600000|  0%| F|  |TAMS 0x00000000ea500000, 0x00000000ea500000| Untracked 
| 166|0x00000000ea600000, 0x00000000ea600000, 0x00000000ea700000|  0%| F|  |TAMS 0x00000000ea600000, 0x00000000ea600000| Untracked 
| 167|0x00000000ea700000, 0x00000000ea700000, 0x00000000ea800000|  0%| F|  |TAMS 0x00000000ea700000, 0x00000000ea700000| Untracked 
| 168|0x00000000ea800000, 0x00000000ea800000, 0x00000000ea900000|  0%| F|  |TAMS 0x00000000ea800000, 0x00000000ea800000| Untracked 
| 169|0x00000000ea900000, 0x00000000ea900000, 0x00000000eaa00000|  0%| F|  |TAMS 0x00000000ea900000, 0x00000000ea900000| Untracked 
| 170|0x00000000eaa00000, 0x00000000eaa00000, 0x00000000eab00000|  0%| F|  |TAMS 0x00000000eaa00000, 0x00000000eaa00000| Untracked 
| 171|0x00000000eab00000, 0x00000000eab00000, 0x00000000eac00000|  0%| F|  |TAMS 0x00000000eab00000, 0x00000000eab00000| Untracked 
| 172|0x00000000eac00000, 0x00000000eac00000, 0x00000000ead00000|  0%| F|  |TAMS 0x00000000eac00000, 0x00000000eac00000| Untracked 
| 173|0x00000000ead00000, 0x00000000ead00000, 0x00000000eae00000|  0%| F|  |TAMS 0x00000000ead00000, 0x00000000ead00000| Untracked 
| 174|0x00000000eae00000, 0x00000000eae00000, 0x00000000eaf00000|  0%| F|  |TAMS 0x00000000eae00000, 0x00000000eae00000| Untracked 
| 175|0x00000000eaf00000, 0x00000000eaf00000, 0x00000000eb000000|  0%| F|  |TAMS 0x00000000eaf00000, 0x00000000eaf00000| Untracked 
| 176|0x00000000eb000000, 0x00000000eb000000, 0x00000000eb100000|  0%| F|  |TAMS 0x00000000eb000000, 0x00000000eb000000| Untracked 
| 177|0x00000000eb100000, 0x00000000eb100000, 0x00000000eb200000|  0%| F|  |TAMS 0x00000000eb100000, 0x00000000eb100000| Untracked 
| 178|0x00000000eb200000, 0x00000000eb200000, 0x00000000eb300000|  0%| F|  |TAMS 0x00000000eb200000, 0x00000000eb200000| Untracked 
| 179|0x00000000eb300000, 0x00000000eb300000, 0x00000000eb400000|  0%| F|  |TAMS 0x00000000eb300000, 0x00000000eb300000| Untracked 
| 180|0x00000000eb400000, 0x00000000eb400000, 0x00000000eb500000|  0%| F|  |TAMS 0x00000000eb400000, 0x00000000eb400000| Untracked 
| 181|0x00000000eb500000, 0x00000000eb500000, 0x00000000eb600000|  0%| F|  |TAMS 0x00000000eb500000, 0x00000000eb500000| Untracked 
| 182|0x00000000eb600000, 0x00000000eb600000, 0x00000000eb700000|  0%| F|  |TAMS 0x00000000eb600000, 0x00000000eb600000| Untracked 
| 183|0x00000000eb700000, 0x00000000eb700000, 0x00000000eb800000|  0%| F|  |TAMS 0x00000000eb700000, 0x00000000eb700000| Untracked 
| 184|0x00000000eb800000, 0x00000000eb800000, 0x00000000eb900000|  0%| F|  |TAMS 0x00000000eb800000, 0x00000000eb800000| Untracked 
| 185|0x00000000eb900000, 0x00000000eb900000, 0x00000000eba00000|  0%| F|  |TAMS 0x00000000eb900000, 0x00000000eb900000| Untracked 
| 186|0x00000000eba00000, 0x00000000eba00000, 0x00000000ebb00000|  0%| F|  |TAMS 0x00000000eba00000, 0x00000000eba00000| Untracked 
| 187|0x00000000ebb00000, 0x00000000ebb00000, 0x00000000ebc00000|  0%| F|  |TAMS 0x00000000ebb00000, 0x00000000ebb00000| Untracked 
| 188|0x00000000ebc00000, 0x00000000ebc00000, 0x00000000ebd00000|  0%| F|  |TAMS 0x00000000ebc00000, 0x00000000ebc00000| Untracked 
| 189|0x00000000ebd00000, 0x00000000ebd00000, 0x00000000ebe00000|  0%| F|  |TAMS 0x00000000ebd00000, 0x00000000ebd00000| Untracked 
| 190|0x00000000ebe00000, 0x00000000ebe00000, 0x00000000ebf00000|  0%| F|  |TAMS 0x00000000ebe00000, 0x00000000ebe00000| Untracked 
| 191|0x00000000ebf00000, 0x00000000ebf00000, 0x00000000ec000000|  0%| F|  |TAMS 0x00000000ebf00000, 0x00000000ebf00000| Untracked 
| 192|0x00000000ec000000, 0x00000000ec058cd8, 0x00000000ec100000| 34%| S|CS|TAMS 0x00000000ec000000, 0x00000000ec000000| Complete 
| 193|0x00000000ec100000, 0x00000000ec200000, 0x00000000ec200000|100%| S|CS|TAMS 0x00000000ec100000, 0x00000000ec100000| Complete 
| 194|0x00000000ec200000, 0x00000000ec300000, 0x00000000ec300000|100%| S|CS|TAMS 0x00000000ec200000, 0x00000000ec200000| Complete 
| 195|0x00000000ec300000, 0x00000000ec400000, 0x00000000ec400000|100%| S|CS|TAMS 0x00000000ec300000, 0x00000000ec300000| Complete 
| 196|0x00000000ec400000, 0x00000000ec500000, 0x00000000ec500000|100%| S|CS|TAMS 0x00000000ec400000, 0x00000000ec400000| Complete 
| 197|0x00000000ec500000, 0x00000000ec600000, 0x00000000ec600000|100%| S|CS|TAMS 0x00000000ec500000, 0x00000000ec500000| Complete 
| 198|0x00000000ec600000, 0x00000000ec700000, 0x00000000ec700000|100%| E|  |TAMS 0x00000000ec600000, 0x00000000ec600000| Complete 
| 199|0x00000000ec700000, 0x00000000ec800000, 0x00000000ec800000|100%| E|CS|TAMS 0x00000000ec700000, 0x00000000ec700000| Complete 
| 200|0x00000000ec800000, 0x00000000ec900000, 0x00000000ec900000|100%| E|CS|TAMS 0x00000000ec800000, 0x00000000ec800000| Complete 
| 201|0x00000000ec900000, 0x00000000eca00000, 0x00000000eca00000|100%| E|CS|TAMS 0x00000000ec900000, 0x00000000ec900000| Complete 
| 202|0x00000000eca00000, 0x00000000ecb00000, 0x00000000ecb00000|100%| E|CS|TAMS 0x00000000eca00000, 0x00000000eca00000| Complete 
| 203|0x00000000ecb00000, 0x00000000ecc00000, 0x00000000ecc00000|100%| E|CS|TAMS 0x00000000ecb00000, 0x00000000ecb00000| Complete 
| 204|0x00000000ecc00000, 0x00000000ecd00000, 0x00000000ecd00000|100%| E|CS|TAMS 0x00000000ecc00000, 0x00000000ecc00000| Complete 
| 205|0x00000000ecd00000, 0x00000000ece00000, 0x00000000ece00000|100%| E|CS|TAMS 0x00000000ecd00000, 0x00000000ecd00000| Complete 
| 206|0x00000000ece00000, 0x00000000ecf00000, 0x00000000ecf00000|100%| E|CS|TAMS 0x00000000ece00000, 0x00000000ece00000| Complete 
| 207|0x00000000ecf00000, 0x00000000ed000000, 0x00000000ed000000|100%| E|CS|TAMS 0x00000000ecf00000, 0x00000000ecf00000| Complete 
| 208|0x00000000ed000000, 0x00000000ed100000, 0x00000000ed100000|100%| E|CS|TAMS 0x00000000ed000000, 0x00000000ed000000| Complete 
| 209|0x00000000ed100000, 0x00000000ed200000, 0x00000000ed200000|100%| E|CS|TAMS 0x00000000ed100000, 0x00000000ed100000| Complete 
| 210|0x00000000ed200000, 0x00000000ed300000, 0x00000000ed300000|100%| E|CS|TAMS 0x00000000ed200000, 0x00000000ed200000| Complete 
| 211|0x00000000ed300000, 0x00000000ed400000, 0x00000000ed400000|100%| E|CS|TAMS 0x00000000ed300000, 0x00000000ed300000| Complete 
| 212|0x00000000ed400000, 0x00000000ed500000, 0x00000000ed500000|100%| E|CS|TAMS 0x00000000ed400000, 0x00000000ed400000| Complete 
| 213|0x00000000ed500000, 0x00000000ed600000, 0x00000000ed600000|100%| E|CS|TAMS 0x00000000ed500000, 0x00000000ed500000| Complete 
| 214|0x00000000ed600000, 0x00000000ed700000, 0x00000000ed700000|100%| E|CS|TAMS 0x00000000ed600000, 0x00000000ed600000| Complete 
| 215|0x00000000ed700000, 0x00000000ed800000, 0x00000000ed800000|100%| E|CS|TAMS 0x00000000ed700000, 0x00000000ed700000| Complete 
| 216|0x00000000ed800000, 0x00000000ed900000, 0x00000000ed900000|100%| E|CS|TAMS 0x00000000ed800000, 0x00000000ed800000| Complete 
| 217|0x00000000ed900000, 0x00000000eda00000, 0x00000000eda00000|100%| E|CS|TAMS 0x00000000ed900000, 0x00000000ed900000| Complete 
| 218|0x00000000eda00000, 0x00000000edb00000, 0x00000000edb00000|100%| E|CS|TAMS 0x00000000eda00000, 0x00000000eda00000| Complete 
| 219|0x00000000edb00000, 0x00000000edc00000, 0x00000000edc00000|100%| E|CS|TAMS 0x00000000edb00000, 0x00000000edb00000| Complete 
| 220|0x00000000edc00000, 0x00000000edd00000, 0x00000000edd00000|100%| E|CS|TAMS 0x00000000edc00000, 0x00000000edc00000| Complete 
| 221|0x00000000edd00000, 0x00000000ede00000, 0x00000000ede00000|100%| E|CS|TAMS 0x00000000edd00000, 0x00000000edd00000| Complete 
| 222|0x00000000ede00000, 0x00000000edf00000, 0x00000000edf00000|100%| E|CS|TAMS 0x00000000ede00000, 0x00000000ede00000| Complete 
| 223|0x00000000edf00000, 0x00000000ee000000, 0x00000000ee000000|100%| E|CS|TAMS 0x00000000edf00000, 0x00000000edf00000| Complete 
| 224|0x00000000ee000000, 0x00000000ee100000, 0x00000000ee100000|100%| E|CS|TAMS 0x00000000ee000000, 0x00000000ee000000| Complete 
| 225|0x00000000ee100000, 0x00000000ee200000, 0x00000000ee200000|100%| E|CS|TAMS 0x00000000ee100000, 0x00000000ee100000| Complete 
| 226|0x00000000ee200000, 0x00000000ee300000, 0x00000000ee300000|100%| E|CS|TAMS 0x00000000ee200000, 0x00000000ee200000| Complete 
| 227|0x00000000ee300000, 0x00000000ee400000, 0x00000000ee400000|100%| E|CS|TAMS 0x00000000ee300000, 0x00000000ee300000| Complete 
| 228|0x00000000ee400000, 0x00000000ee500000, 0x00000000ee500000|100%| E|CS|TAMS 0x00000000ee400000, 0x00000000ee400000| Complete 
| 229|0x00000000ee500000, 0x00000000ee600000, 0x00000000ee600000|100%| E|CS|TAMS 0x00000000ee500000, 0x00000000ee500000| Complete 
| 230|0x00000000ee600000, 0x00000000ee700000, 0x00000000ee700000|100%| E|CS|TAMS 0x00000000ee600000, 0x00000000ee600000| Complete 
| 231|0x00000000ee700000, 0x00000000ee800000, 0x00000000ee800000|100%| E|CS|TAMS 0x00000000ee700000, 0x00000000ee700000| Complete 
| 232|0x00000000ee800000, 0x00000000ee900000, 0x00000000ee900000|100%| E|CS|TAMS 0x00000000ee800000, 0x00000000ee800000| Complete 
| 233|0x00000000ee900000, 0x00000000eea00000, 0x00000000eea00000|100%| E|CS|TAMS 0x00000000ee900000, 0x00000000ee900000| Complete 
| 234|0x00000000eea00000, 0x00000000eeb00000, 0x00000000eeb00000|100%| E|CS|TAMS 0x00000000eea00000, 0x00000000eea00000| Complete 
| 235|0x00000000eeb00000, 0x00000000eec00000, 0x00000000eec00000|100%| E|CS|TAMS 0x00000000eeb00000, 0x00000000eeb00000| Complete 
| 236|0x00000000eec00000, 0x00000000eed00000, 0x00000000eed00000|100%| E|CS|TAMS 0x00000000eec00000, 0x00000000eec00000| Complete 
| 237|0x00000000eed00000, 0x00000000eee00000, 0x00000000eee00000|100%| E|CS|TAMS 0x00000000eed00000, 0x00000000eed00000| Complete 
| 238|0x00000000eee00000, 0x00000000eef00000, 0x00000000eef00000|100%| E|CS|TAMS 0x00000000eee00000, 0x00000000eee00000| Complete 
| 239|0x00000000eef00000, 0x00000000ef000000, 0x00000000ef000000|100%| E|CS|TAMS 0x00000000eef00000, 0x00000000eef00000| Complete 
| 240|0x00000000ef000000, 0x00000000ef100000, 0x00000000ef100000|100%| E|CS|TAMS 0x00000000ef000000, 0x00000000ef000000| Complete 
| 241|0x00000000ef100000, 0x00000000ef200000, 0x00000000ef200000|100%| E|CS|TAMS 0x00000000ef100000, 0x00000000ef100000| Complete 
| 242|0x00000000ef200000, 0x00000000ef300000, 0x00000000ef300000|100%| E|CS|TAMS 0x00000000ef200000, 0x00000000ef200000| Complete 
| 243|0x00000000ef300000, 0x00000000ef400000, 0x00000000ef400000|100%| E|CS|TAMS 0x00000000ef300000, 0x00000000ef300000| Complete 
| 244|0x00000000ef400000, 0x00000000ef500000, 0x00000000ef500000|100%| E|CS|TAMS 0x00000000ef400000, 0x00000000ef400000| Complete 
| 245|0x00000000ef500000, 0x00000000ef600000, 0x00000000ef600000|100%| E|CS|TAMS 0x00000000ef500000, 0x00000000ef500000| Complete 
| 246|0x00000000ef600000, 0x00000000ef700000, 0x00000000ef700000|100%| E|CS|TAMS 0x00000000ef600000, 0x00000000ef600000| Complete 
| 247|0x00000000ef700000, 0x00000000ef800000, 0x00000000ef800000|100%| E|CS|TAMS 0x00000000ef700000, 0x00000000ef700000| Complete 
| 248|0x00000000ef800000, 0x00000000ef900000, 0x00000000ef900000|100%| E|CS|TAMS 0x00000000ef800000, 0x00000000ef800000| Complete 
| 249|0x00000000ef900000, 0x00000000efa00000, 0x00000000efa00000|100%| E|CS|TAMS 0x00000000ef900000, 0x00000000ef900000| Complete 
| 250|0x00000000efa00000, 0x00000000efb00000, 0x00000000efb00000|100%| E|CS|TAMS 0x00000000efa00000, 0x00000000efa00000| Complete 
| 251|0x00000000efb00000, 0x00000000efc00000, 0x00000000efc00000|100%| E|CS|TAMS 0x00000000efb00000, 0x00000000efb00000| Complete 
| 252|0x00000000efc00000, 0x00000000efd00000, 0x00000000efd00000|100%| E|CS|TAMS 0x00000000efc00000, 0x00000000efc00000| Complete 
| 253|0x00000000efd00000, 0x00000000efe00000, 0x00000000efe00000|100%| E|CS|TAMS 0x00000000efd00000, 0x00000000efd00000| Complete 
| 254|0x00000000efe00000, 0x00000000eff00000, 0x00000000eff00000|100%| E|CS|TAMS 0x00000000efe00000, 0x00000000efe00000| Complete 
| 255|0x00000000eff00000, 0x00000000f0000000, 0x00000000f0000000|100%| E|CS|TAMS 0x00000000eff00000, 0x00000000eff00000| Complete 

Card table byte_map: [0x0000025ac4cc0000,0x0000025ac4dc0000] _byte_map_base: 0x0000025ac45c0000

Marking Bits (Prev, Next): (CMBitMap*) 0x0000025aacea0a80, (CMBitMap*) 0x0000025aacea0a48
 Prev Bits: [0x0000025ac56c0000, 0x0000025ac5ec0000)
 Next Bits: [0x0000025ac4ec0000, 0x0000025ac56c0000)

Polling page: 0x0000025aab500000

Metaspace:

Usage:
  Non-class:     55.75 MB capacity,    54.52 MB ( 98%) used,     1.03 MB (  2%) free+waste,   199.38 KB ( <1%) overhead. 
      Class:      8.89 MB capacity,     8.18 MB ( 92%) used,   630.31 KB (  7%) free+waste,    96.19 KB (  1%) overhead. 
       Both:     64.64 MB capacity,    62.70 MB ( 97%) used,     1.65 MB (  3%) free+waste,   295.56 KB ( <1%) overhead. 

Virtual space:
  Non-class space:       56.00 MB reserved,      55.75 MB (>99%) committed 
      Class space:      248.00 MB reserved,       9.00 MB (  4%) committed 
             Both:      304.00 MB reserved,      64.75 MB ( 21%) committed 

Chunk freelists:
   Non-Class:  3.00 KB
       Class:  0 bytes
        Both:  3.00 KB

MaxMetaspaceSize: 256.00 MB
CompressedClassSpaceSize: 248.00 MB
Initial GC threshold: 20.80 MB
Current GC threshold: 98.34 MB
CDS: off

CodeHeap 'non-profiled nmethods': size=120064Kb used=3689Kb max_used=3689Kb free=116374Kb
 bounds [0x0000025abd060000, 0x0000025abd400000, 0x0000025ac45a0000]
CodeHeap 'profiled nmethods': size=120000Kb used=16375Kb max_used=16375Kb free=103625Kb
 bounds [0x0000025ab5b30000, 0x0000025ab6b30000, 0x0000025abd060000]
CodeHeap 'non-nmethods': size=5696Kb used=2364Kb max_used=2398Kb free=3331Kb
 bounds [0x0000025ab55a0000, 0x0000025ab5810000, 0x0000025ab5b30000]
 total_blobs=8211 nmethods=7348 adapters=774
 compilation: enabled
              stopped_count=0, restarted_count=0
 full_count=0

Compilation events (20 events):
Event: 13.870 Thread 0x0000025ac84f0000 7371       3       java.io.Bits::putShort (16 bytes)
Event: 13.870 Thread 0x0000025ac84f0000 nmethod 7371 0x0000025ab6b26c10 code [0x0000025ab6b26dc0, 0x0000025ab6b26ef8]
Event: 13.870 Thread 0x0000025ac84f0000 7372       3       java.lang.invoke.MemberName::equals (69 bytes)
Event: 13.870 Thread 0x0000025ac84e8000 nmethod 7310 0x0000025abd3f8990 code [0x0000025abd3f8b20, 0x0000025abd3f8b98]
Event: 13.870 Thread 0x0000025ac84e8000 7273       4       jdk.internal.org.objectweb.asm.ByteVector::putInt (74 bytes)
Event: 13.871 Thread 0x0000025ac84f0000 nmethod 7372 0x0000025ab6b27010 code [0x0000025ab6b272c0, 0x0000025ab6b27fb8]
Event: 13.871 Thread 0x0000025ac84f0000 7373       3       java.io.ObjectOutputStream$BlockDataOutputStream::writeShort (47 bytes)
Event: 13.871 Thread 0x0000025ac84e8000 nmethod 7273 0x0000025abd3f8c90 code [0x0000025abd3f8e20, 0x0000025abd3f8f58]
Event: 13.871 Thread 0x0000025ac84e8000 7257       4       java.lang.invoke.MethodType::makeImpl (108 bytes)
Event: 13.871 Thread 0x0000025ac84f0000 nmethod 7373 0x0000025ab6b28310 code [0x0000025ab6b28500, 0x0000025ab6b289d8]
Event: 13.871 Thread 0x0000025ac84f0000 7374       3       jdk.internal.reflect.MethodAccessorGenerator::<init> (5 bytes)
Event: 13.871 Thread 0x0000025ac84f0000 nmethod 7374 0x0000025ab6b28c10 code [0x0000025ab6b28dc0, 0x0000025ab6b28f98]
Event: 13.905 Thread 0x0000025ac84f0000 7375       1       java.lang.Thread::getName (5 bytes)
Event: 13.905 Thread 0x0000025ac84f0000 nmethod 7375 0x0000025abd3f9090 code [0x0000025abd3f9240, 0x0000025abd3f92f8]
Event: 13.913 Thread 0x0000025ac84f0000 7380       3       java.lang.invoke.InvokerBytecodeGenerator::constantPlaceholder (97 bytes)
Event: 13.914 Thread 0x0000025ac84f0000 nmethod 7380 0x0000025ab6b29090 code [0x0000025ab6b29380, 0x0000025ab6b2a318]
Event: 13.914 Thread 0x0000025ac84f0000 7383       3       java.lang.invoke.InvokerBytecodeGenerator::<init> (108 bytes)
Event: 13.916 Thread 0x0000025ac84f0000 nmethod 7383 0x0000025ab6b2a910 code [0x0000025ab6b2ab80, 0x0000025ab6b2b698]
Event: 13.920 Thread 0x0000025ac84f0000 7384       3       java.io.ObjectStreamClass::forClass (52 bytes)
Event: 13.921 Thread 0x0000025ac84f0000 nmethod 7384 0x0000025ab6b2ba10 code [0x0000025ab6b2bd80, 0x0000025ab6b2d538]

GC Heap History (20 events):
Event: 0.793 GC heap before
{Heap before GC invocations=1 (full 0):
 garbage-first heap   total 262144K, used 20492K [0x00000000e0000000, 0x0000000100000000)
  region size 1024K, 14 young (14336K), 2 survivors (2048K)
 Metaspace       used 10551K, capacity 10773K, committed 11008K, reserved 264192K
  class space    used 1101K, capacity 1164K, committed 1280K, reserved 253952K
}
Event: 0.796 GC heap after
{Heap after GC invocations=2 (full 0):
 garbage-first heap   total 262144K, used 9033K [0x00000000e0000000, 0x0000000100000000)
  region size 1024K, 1 young (1024K), 1 survivors (1024K)
 Metaspace       used 10551K, capacity 10773K, committed 11008K, reserved 264192K
  class space    used 1101K, capacity 1164K, committed 1280K, reserved 253952K
}
Event: 1.260 GC heap before
{Heap before GC invocations=2 (full 0):
 garbage-first heap   total 262144K, used 38729K [0x00000000e0000000, 0x0000000100000000)
  region size 1024K, 31 young (31744K), 1 survivors (1024K)
 Metaspace       used 10749K, capacity 10933K, committed 11264K, reserved 264192K
  class space    used 1109K, capacity 1196K, committed 1280K, reserved 253952K
}
Event: 1.263 GC heap after
{Heap after GC invocations=3 (full 0):
 garbage-first heap   total 262144K, used 13283K [0x00000000e0000000, 0x0000000100000000)
  region size 1024K, 4 young (4096K), 4 survivors (4096K)
 Metaspace       used 10749K, capacity 10933K, committed 11264K, reserved 264192K
  class space    used 1109K, capacity 1196K, committed 1280K, reserved 253952K
}
Event: 2.359 GC heap before
{Heap before GC invocations=3 (full 0):
 garbage-first heap   total 262144K, used 57315K [0x00000000e0000000, 0x0000000100000000)
  region size 1024K, 47 young (48128K), 4 survivors (4096K)
 Metaspace       used 18899K, capacity 19233K, committed 19328K, reserved 272384K
  class space    used 2275K, capacity 2415K, committed 2432K, reserved 253952K
}
Event: 2.366 GC heap after
{Heap after GC invocations=4 (full 0):
 garbage-first heap   total 262144K, used 15971K [0x00000000e0000000, 0x0000000100000000)
  region size 1024K, 3 young (3072K), 3 survivors (3072K)
 Metaspace       used 18899K, capacity 19233K, committed 19328K, reserved 272384K
  class space    used 2275K, capacity 2415K, committed 2432K, reserved 253952K
}
Event: 2.514 GC heap before
{Heap before GC invocations=4 (full 0):
 garbage-first heap   total 262144K, used 25187K [0x00000000e0000000, 0x0000000100000000)
  region size 1024K, 13 young (13312K), 3 survivors (3072K)
 Metaspace       used 20631K, capacity 21098K, committed 21248K, reserved 272384K
  class space    used 2534K, capacity 2702K, committed 2816K, reserved 253952K
}
Event: 2.520 GC heap after
{Heap after GC invocations=5 (full 0):
 garbage-first heap   total 262144K, used 16234K [0x00000000e0000000, 0x0000000100000000)
  region size 1024K, 3 young (3072K), 3 survivors (3072K)
 Metaspace       used 20631K, capacity 21098K, committed 21248K, reserved 272384K
  class space    used 2534K, capacity 2702K, committed 2816K, reserved 253952K
}
Event: 3.424 GC heap before
{Heap before GC invocations=6 (full 0):
 garbage-first heap   total 262144K, used 74602K [0x00000000e0000000, 0x0000000100000000)
  region size 1024K, 60 young (61440K), 3 survivors (3072K)
 Metaspace       used 26362K, capacity 26953K, committed 27136K, reserved 278528K
  class space    used 3473K, capacity 3723K, committed 3840K, reserved 253952K
}
Event: 3.436 GC heap after
{Heap after GC invocations=7 (full 0):
 garbage-first heap   total 262144K, used 18282K [0x00000000e0000000, 0x0000000100000000)
  region size 1024K, 5 young (5120K), 5 survivors (5120K)
 Metaspace       used 26362K, capacity 26953K, committed 27136K, reserved 278528K
  class space    used 3473K, capacity 3723K, committed 3840K, reserved 253952K
}
Event: 4.686 GC heap before
{Heap before GC invocations=7 (full 0):
 garbage-first heap   total 262144K, used 68458K [0x00000000e0000000, 0x0000000100000000)
  region size 1024K, 55 young (56320K), 5 survivors (5120K)
 Metaspace       used 35064K, capacity 35786K, committed 35840K, reserved 286720K
  class space    used 4566K, capacity 4855K, committed 4864K, reserved 253952K
}
Event: 4.698 GC heap after
{Heap after GC invocations=8 (full 0):
 garbage-first heap   total 262144K, used 22011K [0x00000000e0000000, 0x0000000100000000)
  region size 1024K, 9 young (9216K), 9 survivors (9216K)
 Metaspace       used 35064K, capacity 35786K, committed 35840K, reserved 286720K
  class space    used 4566K, capacity 4855K, committed 4864K, reserved 253952K
}
Event: 7.737 GC heap before
{Heap before GC invocations=9 (full 0):
 garbage-first heap   total 262144K, used 116219K [0x00000000e0000000, 0x0000000100000000)
  region size 1024K, 98 young (100352K), 9 survivors (9216K)
 Metaspace       used 42938K, capacity 43969K, committed 44032K, reserved 292864K
  class space    used 5509K, capacity 5876K, committed 5888K, reserved 253952K
}
Event: 7.759 GC heap after
{Heap after GC invocations=10 (full 0):
 garbage-first heap   total 262144K, used 27905K [0x00000000e0000000, 0x0000000100000000)
  region size 1024K, 12 young (12288K), 12 survivors (12288K)
 Metaspace       used 42938K, capacity 43969K, committed 44032K, reserved 292864K
  class space    used 5509K, capacity 5876K, committed 5888K, reserved 253952K
}
Event: 10.478 GC heap before
{Heap before GC invocations=10 (full 0):
 garbage-first heap   total 262144K, used 173313K [0x00000000e0000000, 0x0000000100000000)
  region size 1024K, 153 young (156672K), 12 survivors (12288K)
 Metaspace       used 51761K, capacity 53334K, committed 53632K, reserved 301056K
  class space    used 6627K, capacity 7174K, committed 7296K, reserved 253952K
}
Event: 10.520 GC heap after
{Heap after GC invocations=11 (full 0):
 garbage-first heap   total 262144K, used 46074K [0x00000000e0000000, 0x0000000100000000)
  region size 1024K, 20 young (20480K), 20 survivors (20480K)
 Metaspace       used 51761K, capacity 53334K, committed 53632K, reserved 301056K
  class space    used 6627K, capacity 7174K, committed 7296K, reserved 253952K
}
Event: 11.435 GC heap before
{Heap before GC invocations=11 (full 0):
 garbage-first heap   total 262144K, used 82938K [0x00000000e0000000, 0x0000000100000000)
  region size 1024K, 56 young (57344K), 20 survivors (20480K)
 Metaspace       used 54186K, capacity 55936K, committed 56064K, reserved 303104K
  class space    used 6974K, capacity 7598K, committed 7680K, reserved 253952K
}
Event: 11.463 GC heap after
{Heap after GC invocations=12 (full 0):
 garbage-first heap   total 262144K, used 50995K [0x00000000e0000000, 0x0000000100000000)
  region size 1024K, 5 young (5120K), 5 survivors (5120K)
 Metaspace       used 54186K, capacity 55936K, committed 56064K, reserved 303104K
  class space    used 6974K, capacity 7598K, committed 7680K, reserved 253952K
}
Event: 12.105 GC heap before
{Heap before GC invocations=12 (full 0):
 garbage-first heap   total 262144K, used 104243K [0x00000000e0000000, 0x0000000100000000)
  region size 1024K, 58 young (59392K), 5 survivors (5120K)
 Metaspace       used 58418K, capacity 60098K, committed 60160K, reserved 307200K
  class space    used 7545K, capacity 8174K, committed 8192K, reserved 253952K
}
Event: 12.116 GC heap after
{Heap after GC invocations=13 (full 0):
 garbage-first heap   total 262144K, used 51862K [0x00000000e0000000, 0x0000000100000000)
  region size 1024K, 6 young (6144K), 6 survivors (6144K)
 Metaspace       used 58418K, capacity 60098K, committed 60160K, reserved 307200K
  class space    used 7545K, capacity 8174K, committed 8192K, reserved 253952K
}

Deoptimization events (20 events):
Event: 13.542 Thread 0x0000025acb5ba800 Uncommon trap: trap_request=0xffffffde fr.pc=0x0000025abd160e14 relative=0x0000000000000334
Event: 13.542 Thread 0x0000025acb5ba800 Uncommon trap: reason=class_check action=maybe_recompile pc=0x0000025abd160e14 method=java.io.DataOutputStream.write(I)V @ 5 c2
Event: 13.542 Thread 0x0000025acb5ba800 DEOPT PACKING pc=0x0000025abd160e14 sp=0x0000005bb67f63f0
Event: 13.542 Thread 0x0000025acb5ba800 DEOPT UNPACKING pc=0x0000025ab55a85af sp=0x0000005bb67f63c8 mode 2
Event: 13.542 Thread 0x0000025acb5ba800 Uncommon trap: trap_request=0xffffffde fr.pc=0x0000025abd160e14 relative=0x0000000000000334
Event: 13.542 Thread 0x0000025acb5ba800 Uncommon trap: reason=class_check action=maybe_recompile pc=0x0000025abd160e14 method=java.io.DataOutputStream.write(I)V @ 5 c2
Event: 13.542 Thread 0x0000025acb5ba800 DEOPT PACKING pc=0x0000025abd160e14 sp=0x0000005bb67f63f0
Event: 13.542 Thread 0x0000025acb5ba800 DEOPT UNPACKING pc=0x0000025ab55a85af sp=0x0000005bb67f63c8 mode 2
Event: 13.542 Thread 0x0000025acb5ba800 Uncommon trap: trap_request=0xffffffde fr.pc=0x0000025abd15f320 relative=0x0000000000000b00
Event: 13.542 Thread 0x0000025acb5ba800 Uncommon trap: reason=class_check action=maybe_recompile pc=0x0000025abd15f320 method=java.io.DataOutputStream.write(I)V @ 5 c2
Event: 13.542 Thread 0x0000025acb5ba800 DEOPT PACKING pc=0x0000025abd15f320 sp=0x0000005bb67f6440
Event: 13.542 Thread 0x0000025acb5ba800 DEOPT UNPACKING pc=0x0000025ab55a85af sp=0x0000005bb67f63d0 mode 2
Event: 13.643 Thread 0x0000025acb5ba800 Uncommon trap: trap_request=0xffffff4d fr.pc=0x0000025abd178678 relative=0x0000000000000058
Event: 13.643 Thread 0x0000025acb5ba800 Uncommon trap: reason=unstable_if action=reinterpret pc=0x0000025abd178678 method=java.util.Objects.equals(Ljava/lang/Object;Ljava/lang/Object;)Z @ 6 c2
Event: 13.643 Thread 0x0000025acb5ba800 DEOPT PACKING pc=0x0000025abd178678 sp=0x0000005bb67f6000
Event: 13.643 Thread 0x0000025acb5ba800 DEOPT UNPACKING pc=0x0000025ab55a85af sp=0x0000005bb67f5fa0 mode 2
Event: 13.916 Thread 0x0000025ac9887000 Uncommon trap: trap_request=0xffffffde fr.pc=0x0000025abd2be37c relative=0x00000000000000bc
Event: 13.916 Thread 0x0000025ac9887000 Uncommon trap: reason=class_check action=maybe_recompile pc=0x0000025abd2be37c method=java.lang.ThreadLocal.set(Ljava/lang/Object;)V @ 26 c2
Event: 13.916 Thread 0x0000025ac9887000 DEOPT PACKING pc=0x0000025abd2be37c sp=0x0000005bb95fd7c0
Event: 13.916 Thread 0x0000025ac9887000 DEOPT UNPACKING pc=0x0000025ab55a85af sp=0x0000005bb95fd750 mode 2

Classes redefined (0 events):
No events

Internal exceptions (20 events):
Event: 13.659 Thread 0x0000025acb5ba800 Exception <a 'java/lang/NoSuchMethodError'{0x00000000ecb1e1c0}: <clinit>> (0x00000000ecb1e1c0) thrown at [./src/hotspot/share/prims/jni.cpp, line 1365]
Event: 13.696 Thread 0x0000025acb5ba800 Exception <a 'java/lang/NoSuchMethodError'{0x00000000ecbdb238}: 'java.lang.Object java.lang.invoke.DirectMethodHandle$Holder.invokeSpecial(java.lang.Object, java.lang.Object, int, int, java.lang.Object, int, java.lang.Object, java.lang.Object)'> (0x00000000ecbdb238) thrown at [./src/hotspot/share/interpreter/linkResolver.cpp, line 773]
Event: 13.698 Thread 0x0000025acb5ba800 Exception <a 'java/lang/NoSuchMethodError'{0x00000000ecbdfdb8}: 'java.lang.Object java.lang.invoke.DelegatingMethodHandle$Holder.reinvoke_L(java.lang.Object, int, int, java.lang.Object, int, java.lang.Object, java.lang.Object)'> (0x00000000ecbdfdb8) thrown at [./src/hotspot/share/interpreter/linkResolver.cpp, line 773]
Event: 13.702 Thread 0x0000025acb5ba800 Exception <a 'java/lang/NoSuchMethodError'{0x00000000eca0bd78}: 'java.lang.Object java.lang.invoke.DirectMethodHandle$Holder.invokeStatic(java.lang.Object, java.lang.Object, java.lang.Object, java.lang.Object, java.lang.Object, java.lang.Object, java.lang.Object, java.lang.Object, int)'> (0x00000000eca0bd78) thrown at [./src/hotspot/share/interpreter/linkResolver.cpp, line 773]
Event: 13.709 Thread 0x0000025acb5ba800 Exception <a 'java/lang/NoSuchMethodError'{0x00000000eca27810}: 'java.lang.Object java.lang.invoke.DirectMethodHandle$Holder.invokeStatic(java.lang.Object, java.lang.Object, java.lang.Object, java.lang.Object, java.lang.Object, java.lang.Object, java.lang.Object, java.lang.Object, int, int)'> (0x00000000eca27810) thrown at [./src/hotspot/share/interpreter/linkResolver.cpp, line 773]
Event: 13.725 Thread 0x0000025acb5ba800 Exception <a 'java/lang/NoSuchMethodError'{0x00000000eca43fb8}: 'java.lang.Object java.lang.invoke.DirectMethodHandle$Holder.invokeStatic(java.lang.Object, java.lang.Object, java.lang.Object, java.lang.Object, java.lang.Object, java.lang.Object, java.lang.Object, java.lang.Object, int, int, java.lang.Object)'> (0x00000000eca43fb8) thrown at [./src/hotspot/share/interpreter/linkResolver.cpp, line 773]
Event: 13.727 Thread 0x0000025acb5ba800 Exception <a 'java/lang/NoSuchMethodError'{0x00000000eca61d28}: 'java.lang.Object java.lang.invoke.DirectMethodHandle$Holder.invokeStatic(java.lang.Object, java.lang.Object, java.lang.Object, java.lang.Object, java.lang.Object, java.lang.Object, java.lang.Object, java.lang.Object, int, int, java.lang.Object, java.lang.Object)'> (0x00000000eca61d28) thrown at [./src/hotspot/share/interpreter/linkResolver.cpp, line 773]
Event: 13.748 Thread 0x0000025acb5ba800 Exception <a 'java/lang/NoSuchMethodError'{0x00000000eca95160}: <clinit>> (0x00000000eca95160) thrown at [./src/hotspot/share/prims/jni.cpp, line 1365]
Event: 13.754 Thread 0x0000025acb5ba800 Exception <a 'java/lang/NoSuchMethodError'{0x00000000ecad80c0}: <clinit>> (0x00000000ecad80c0) thrown at [./src/hotspot/share/prims/jni.cpp, line 1365]
Event: 13.766 Thread 0x0000025accf26800 Exception <a 'java/lang/InterruptedException'{0x00000000ec900800}> (0x00000000ec900800) thrown at [./src/hotspot/share/runtime/objectMonitor.cpp, line 1635]
Event: 13.767 Thread 0x0000025accf26800 Exception <a 'java/lang/NoSuchMethodError'{0x00000000ec908608}: 'java.lang.Object java.lang.invoke.DirectMethodHandle$Holder.invokeStatic(java.lang.Object, java.lang.Object, int, java.lang.Object, long)'> (0x00000000ec908608) thrown at [./src/hotspot/share/interpreter/linkResolver.cpp, line 773]
Event: 13.811 Thread 0x0000025acb5ba800 Exception <a 'java/lang/NoSuchMethodError'{0x00000000ec93ebe8}: <clinit>> (0x00000000ec93ebe8) thrown at [./src/hotspot/share/prims/jni.cpp, line 1365]
Event: 13.813 Thread 0x0000025acb5ba800 Exception <a 'java/lang/NoSuchMethodError'{0x00000000ec9585e8}: <clinit>> (0x00000000ec9585e8) thrown at [./src/hotspot/share/prims/jni.cpp, line 1365]
Event: 13.814 Thread 0x0000025acb5ba800 Exception <a 'java/lang/NoSuchMethodError'{0x00000000ec96f400}: <clinit>> (0x00000000ec96f400) thrown at [./src/hotspot/share/prims/jni.cpp, line 1365]
Event: 13.823 Thread 0x0000025acb5ba800 Exception <a 'java/lang/NoSuchMethodError'{0x00000000ec9c51d8}: <clinit>> (0x00000000ec9c51d8) thrown at [./src/hotspot/share/prims/jni.cpp, line 1365]
Event: 13.844 Thread 0x0000025acb5ba800 Exception <a 'java/lang/NoSuchMethodError'{0x00000000ec8c1b70}: <clinit>> (0x00000000ec8c1b70) thrown at [./src/hotspot/share/prims/jni.cpp, line 1365]
Event: 13.848 Thread 0x0000025acb5ba800 Exception <a 'java/lang/NoSuchMethodError'{0x00000000ec8f23e8}: <clinit>> (0x00000000ec8f23e8) thrown at [./src/hotspot/share/prims/jni.cpp, line 1365]
Event: 13.910 Thread 0x0000025ac9887000 Exception <a 'java/lang/NoSuchMethodError'{0x00000000ec6c3228}: 'java.lang.Object java.lang.invoke.DirectMethodHandle$Holder.invokeStatic(java.lang.Object, java.lang.Object, java.lang.Object, java.lang.Object, java.lang.Object, java.lang.Object, java.lang.Object, java.lang.Object, java.lang.Object, java.lang.Object, java.lang.Object, java.lang.Object, java.lang.Object, int)'> (0x00000000ec6c3228) thrown at [./src/hotspot/share/interpreter/linkResolver.cpp, line 773]
Event: 13.912 Thread 0x0000025ac9887000 Exception <a 'java/lang/NoSuchMethodError'{0x00000000ec6cfca0}: 'java.lang.Object java.lang.invoke.DirectMethodHandle$Holder.invokeStatic(java.lang.Object, java.lang.Object, java.lang.Object, java.lang.Object, java.lang.Object, java.lang.Object, java.lang.Object, java.lang.Object, java.lang.Object, java.lang.Object, java.lang.Object, java.lang.Object, java.lang.Object, int, int)'> (0x00000000ec6cfca0) thrown at [./src/hotspot/share/interpreter/linkResolver.cpp, line 773]
Event: 13.915 Thread 0x0000025ac9887000 Exception <a 'java/lang/NoSuchMethodError'{0x00000000ec6e9130}: 'java.lang.Object java.lang.invoke.DelegatingMethodHandle$Holder.reinvoke_L(java.lang.Object, int, java.lang.Object)'> (0x00000000ec6e9130) thrown at [./src/hotspot/share/interpreter/linkResolver.cpp, line 773]

Events (20 events):
Event: 13.913 loading class java/lang/invoke/BoundMethodHandle$Species_LLLLLLLLLLIIL
Event: 13.914 loading class java/lang/invoke/BoundMethodHandle$Species_LLLLLLLLLLIIL done
Event: 13.915 Executing VM operation: RevokeBias
Event: 13.915 Executing VM operation: RevokeBias done
Event: 13.916 Executing VM operation: RevokeBias
Event: 13.916 Executing VM operation: RevokeBias done
Event: 13.916 Executing VM operation: RevokeBias
Event: 13.916 Executing VM operation: RevokeBias done
Event: 13.917 Executing VM operation: RevokeBias
Event: 13.917 Executing VM operation: RevokeBias done
Event: 13.917 Executing VM operation: RevokeBias
Event: 13.918 Executing VM operation: RevokeBias done
Event: 13.918 loading class sun/rmi/transport/Transport$1
Event: 13.918 loading class sun/rmi/transport/Transport$1 done
Event: 13.920 loading class sun/rmi/transport/DGCImpl$LeaseInfo
Event: 13.920 loading class sun/rmi/transport/DGCImpl$LeaseInfo done
Event: 13.920 loading class sun/rmi/transport/DGCImpl$1
Event: 13.920 loading class sun/rmi/transport/DGCImpl$1 done
Event: 13.920 loading class sun/rmi/transport/SequenceEntry
Event: 13.920 loading class sun/rmi/transport/SequenceEntry done


Dynamic libraries:
0x00007ff7a1b90000 - 0x00007ff7a1b9d000 	C:\Users\lenovo\.jdks\corretto-11.0.12\bin\java.exe
0x00007ffa656d0000 - 0x00007ffa658c5000 	C:\Windows\SYSTEM32\ntdll.dll
0x00007ffa63730000 - 0x00007ffa637ed000 	C:\Windows\System32\KERNEL32.DLL
0x00007ffa62e30000 - 0x00007ffa630f9000 	C:\Windows\System32\KERNELBASE.dll
0x00007ffa63210000 - 0x00007ffa63310000 	C:\Windows\System32\ucrtbase.dll
0x00007ffa4efe0000 - 0x00007ffa4eff7000 	C:\Users\lenovo\.jdks\corretto-11.0.12\bin\jli.dll
0x00007ffa4e2b0000 - 0x00007ffa4e2c9000 	C:\Users\lenovo\.jdks\corretto-11.0.12\bin\VCRUNTIME140.dll
0x00007ffa64ac0000 - 0x00007ffa64c60000 	C:\Windows\System32\USER32.dll
0x00007ffa62e00000 - 0x00007ffa62e22000 	C:\Windows\System32\win32u.dll
0x00007ffa4d9c0000 - 0x00007ffa4dc5a000 	C:\Windows\WinSxS\amd64_microsoft.windows.common-controls_6595b64144ccf1df_6.0.19041.1110_none_60b5254171f9507e\COMCTL32.dll
0x00007ffa65660000 - 0x00007ffa6568a000 	C:\Windows\System32\GDI32.dll
0x00007ffa633b0000 - 0x00007ffa634bb000 	C:\Windows\System32\gdi32full.dll
0x00007ffa64610000 - 0x00007ffa646ae000 	C:\Windows\System32\msvcrt.dll
0x00007ffa63310000 - 0x00007ffa633ad000 	C:\Windows\System32\msvcp_win.dll
0x00007ffa63db0000 - 0x00007ffa63de0000 	C:\Windows\System32\IMM32.DLL
0x00007ffa43ca0000 - 0x00007ffa43d3b000 	C:\Users\lenovo\.jdks\corretto-11.0.12\bin\msvcp140.dll
0x00007ffa33190000 - 0x00007ffa33cea000 	C:\Users\lenovo\.jdks\corretto-11.0.12\bin\server\jvm.dll
0x00007ffa64ec0000 - 0x00007ffa64f6c000 	C:\Windows\System32\ADVAPI32.dll
0x00007ffa637f0000 - 0x00007ffa6388b000 	C:\Windows\System32\sechost.dll
0x00007ffa64930000 - 0x00007ffa64a5a000 	C:\Windows\System32\RPCRT4.dll
0x00007ffa65650000 - 0x00007ffa65658000 	C:\Windows\System32\PSAPI.DLL
0x00007ffa56c60000 - 0x00007ffa56c87000 	C:\Windows\SYSTEM32\WINMM.dll
0x00007ffa5cdb0000 - 0x00007ffa5cdba000 	C:\Windows\SYSTEM32\VERSION.dll
0x00007ffa5e260000 - 0x00007ffa5e269000 	C:\Windows\SYSTEM32\WSOCK32.dll
0x00007ffa64860000 - 0x00007ffa648cb000 	C:\Windows\System32\WS2_32.dll
0x00007ffa616c0000 - 0x00007ffa616d2000 	C:\Windows\SYSTEM32\kernel.appcore.dll
0x00007ffa55280000 - 0x00007ffa55290000 	C:\Users\lenovo\.jdks\corretto-11.0.12\bin\verify.dll
0x00007ffa60c10000 - 0x00007ffa60df4000 	C:\Windows\SYSTEM32\DBGHELP.DLL
0x00007ffa5a8a0000 - 0x00007ffa5a8cc000 	C:\Windows\SYSTEM32\dbgcore.DLL
0x00007ffa63100000 - 0x00007ffa63183000 	C:\Windows\System32\bcryptPrimitives.dll
0x00007ffa4b1f0000 - 0x00007ffa4b218000 	C:\Users\lenovo\.jdks\corretto-11.0.12\bin\java.dll
0x00007ffa548f0000 - 0x00007ffa548fa000 	C:\Users\lenovo\.jdks\corretto-11.0.12\bin\jimage.dll
0x00007ffa4cfe0000 - 0x00007ffa4cff7000 	C:\Users\lenovo\.jdks\corretto-11.0.12\bin\zip.dll
0x00007ffa63ed0000 - 0x00007ffa6460f000 	C:\Windows\System32\SHELL32.dll
0x00007ffa60ef0000 - 0x00007ffa61680000 	C:\Windows\SYSTEM32\windows.storage.dll
0x00007ffa63890000 - 0x00007ffa63be5000 	C:\Windows\System32\combase.dll
0x00007ffa62790000 - 0x00007ffa627bc000 	C:\Windows\SYSTEM32\Wldp.dll
0x00007ffa63bf0000 - 0x00007ffa63c9e000 	C:\Windows\System32\SHCORE.dll
0x00007ffa63d50000 - 0x00007ffa63da5000 	C:\Windows\System32\shlwapi.dll
0x00007ffa62d40000 - 0x00007ffa62d5f000 	C:\Windows\SYSTEM32\profapi.dll
0x00007ffa4ad50000 - 0x00007ffa4ad69000 	C:\Users\lenovo\.jdks\corretto-11.0.12\bin\net.dll
0x00007ffa591a0000 - 0x00007ffa592a8000 	C:\Windows\SYSTEM32\WINHTTP.dll
0x00007ffa624f0000 - 0x00007ffa6255a000 	C:\Windows\system32\mswsock.dll
0x00007ffa4a910000 - 0x00007ffa4a922000 	C:\Users\lenovo\.jdks\corretto-11.0.12\bin\nio.dll
0x00007ffa43d60000 - 0x00007ffa43d87000 	C:\Users\lenovo\.gradle\native\fdc75f09e3144964f2cf3f50f0aa648679c211496f362492102eb8c894070792\windows-amd64\native-platform.dll
0x00007ffa34140000 - 0x00007ffa342d6000 	C:\Users\lenovo\.gradle\native\12488b8bf47d2d4c9fbf2f6322a914ad602e24e48041cd04a747c6da556b65c4\windows-amd64\native-platform-file-events.dll
0x00007ffa542c0000 - 0x00007ffa542c9000 	C:\Users\lenovo\.jdks\corretto-11.0.12\bin\management.dll
0x00007ffa54090000 - 0x00007ffa5409b000 	C:\Users\lenovo\.jdks\corretto-11.0.12\bin\management_ext.dll
0x00007ffa626f0000 - 0x00007ffa62708000 	C:\Windows\SYSTEM32\CRYPTSP.dll
0x00007ffa61e70000 - 0x00007ffa61ea4000 	C:\Windows\system32\rsaenh.dll
0x00007ffa63190000 - 0x00007ffa631b7000 	C:\Windows\System32\bcrypt.dll
0x00007ffa62d00000 - 0x00007ffa62d2e000 	C:\Windows\SYSTEM32\USERENV.dll
0x00007ffa626e0000 - 0x00007ffa626ec000 	C:\Windows\SYSTEM32\CRYPTBASE.dll
0x00007ffa621e0000 - 0x00007ffa6221b000 	C:\Windows\SYSTEM32\IPHLPAPI.DLL
0x00007ffa63de0000 - 0x00007ffa63de8000 	C:\Windows\System32\NSI.dll
0x00007ffa5aa50000 - 0x00007ffa5aa67000 	C:\Windows\SYSTEM32\dhcpcsvc6.DLL
0x00007ffa5b630000 - 0x00007ffa5b64d000 	C:\Windows\SYSTEM32\dhcpcsvc.DLL
0x00007ffa62220000 - 0x00007ffa622ec000 	C:\Windows\SYSTEM32\DNSAPI.dll
0x00007ffa5ba80000 - 0x00007ffa5ba8b000 	C:\Windows\SYSTEM32\WINNSI.DLL
0x00007ffa53fb0000 - 0x00007ffa53fb7000 	C:\Users\lenovo\.jdks\corretto-11.0.12\bin\rmi.dll

dbghelp: loaded successfully - version: 4.0.5 - missing functions: none
symbol engine: initialized successfully - sym options: 0x614 - pdb path: .;C:\Users\lenovo\.jdks\corretto-11.0.12\bin;C:\Windows\SYSTEM32;C:\Windows\WinSxS\amd64_microsoft.windows.common-controls_6595b64144ccf1df_6.0.19041.1110_none_60b5254171f9507e;C:\Users\lenovo\.jdks\corretto-11.0.12\bin\server;C:\Users\lenovo\.gradle\native\fdc75f09e3144964f2cf3f50f0aa648679c211496f362492102eb8c894070792\windows-amd64;C:\Users\lenovo\.gradle\native\12488b8bf47d2d4c9fbf2f6322a914ad602e24e48041cd04a747c6da556b65c4\windows-amd64

VM Arguments:
jvm_args: --add-opens=java.base/java.util=ALL-UNNAMED --add-opens=java.base/java.lang=ALL-UNNAMED --add-opens=java.base/java.lang.invoke=ALL-UNNAMED --add-opens=java.prefs/java.util.prefs=ALL-UNNAMED -XX:MaxMetaspaceSize=256m -XX:+HeapDumpOnOutOfMemoryError -Xms256m -Xmx512m -Dfile.encoding=windows-1252 -Duser.country=US -Duser.language=en -Duser.variant 
java_command: org.gradle.launcher.daemon.bootstrap.GradleDaemon 6.8
java_class_path (initial): C:\Users\lenovo\.gradle\wrapper\dists\gradle-6.8-bin\1jblhjyydfkclfzx1agp92nyl\gradle-6.8\lib\gradle-launcher-6.8.jar
Launcher Type: SUN_STANDARD

[Global flags]
     intx CICompilerCount                          = 3                                         {product} {ergonomic}
   size_t CompressedClassSpaceSize                 = 260046848                                 {product} {ergonomic}
     uint ConcGCThreads                            = 1                                         {product} {ergonomic}
     uint G1ConcRefinementThreads                  = 4                                         {product} {ergonomic}
   size_t G1HeapRegionSize                         = 1048576                                   {product} {ergonomic}
    uintx GCDrainStackTargetSize                   = 64                                        {product} {ergonomic}
     bool HeapDumpOnOutOfMemoryError               = true                                   {manageable} {command line}
   size_t InitialHeapSize                          = 268435456                                 {product} {command line}
   size_t MarkStackSize                            = 4194304                                   {product} {ergonomic}
   size_t MaxHeapSize                              = 536870912                                 {product} {command line}
   size_t MaxMetaspaceSize                         = 268435456                                 {product} {command line}
   size_t MaxNewSize                               = 321912832                                 {product} {ergonomic}
   size_t MinHeapDeltaBytes                        = 1048576                                   {product} {ergonomic}
    uintx NonNMethodCodeHeapSize                   = 5830732                                {pd product} {ergonomic}
    uintx NonProfiledCodeHeapSize                  = 122913754                              {pd product} {ergonomic}
    uintx ProfiledCodeHeapSize                     = 122913754                              {pd product} {ergonomic}
    uintx ReservedCodeCacheSize                    = 251658240                              {pd product} {ergonomic}
     bool SegmentedCodeCache                       = true                                      {product} {ergonomic}
     bool UseCompressedClassPointers               = true                                 {lp64_product} {ergonomic}
     bool UseCompressedOops                        = true                                 {lp64_product} {ergonomic}
     bool UseG1GC                                  = true                                      {product} {ergonomic}
     bool UseLargePagesIndividualAllocation        = false                                  {pd product} {ergonomic}

Logging:
Log output configuration:
 #0: stdout all=warning uptime,level,tags
 #1: stderr all=off uptime,level,tags

Environment Variables:
JAVA_HOME=C:/Users/lenovo/.jdks/corretto-11.0.12
CLASSPATH=C:\Users\lenovo\IdeaProjects\Android\Kotlin\Kotlin Koans1\\gradle\wrapper\gradle-wrapper.jar
PATH=C:\Program Files\Common Files\Oracle\Java\javapath;C:\Windows\system32;C:\Windows;C:\Windows\System32\Wbem;C:\Windows\System32\WindowsPowerShell\v1.0\;C:\Windows\System32\OpenSSH\;C:\Program Files\Git\cmd;C:\Users\lenovo\AppData\Local\Microsoft\WindowsApps;
USERNAME=lenovo
OS=Windows_NT
PROCESSOR_IDENTIFIER=Intel64 Family 6 Model 126 Stepping 5, GenuineIntel



---------------  S Y S T E M  ---------------

OS: Windows 10 , 64 bit Build 19041 (10.0.19041.1151)
OS uptime: 7 days 4:16 hours

CPU:total 4 (initial active 4) (2 cores per cpu, 2 threads per core) family 6 model 126 stepping 5 microcode 0xa0, cmov, cx8, fxsr, mmx, sse, sse2, sse3, ssse3, sse4.1, sse4.2, popcnt, avx, avx2, aes, clmul, erms, 3dnowpref, lzcnt, ht, tsc, tscinvbit, bmi1, bmi2, adx, evex, sha, fma

Memory: 4k page, system-wide physical 3891M (273M free)
TotalPageFile size 6915M (AvailPageFile size 4M)
current process WorkingSet (physical memory assigned to process): 383M, peak: 385M
current process commit charge ("private bytes"): 476M, peak: 478M

vm_info: OpenJDK 64-Bit Server VM (11.0.12+7-LTS) for windows-amd64 JRE (11.0.12+7-LTS), built on Jul 13 2021 17:58:36 by "Administrator" with unknown MS VC++:1916

END.
