#
# There is insufficient memory for the Java Runtime Environment to continue.
# Native memory allocation (malloc) failed to allocate 84976 bytes for Chunk::new
# Possible reasons:
#   The system is out of physical RAM or swap space
#   The process is running with CompressedOops enabled, and the Java Heap may be blocking the growth of the native heap
# Possible solutions:
#   Reduce memory load on the system
#   Increase physical memory or swap space
#   Check if swap backing store is full
#   Decrease Java heap size (-Xmx/-Xms)
#   Decrease number of Java threads
#   Decrease Java thread stack sizes (-Xss)
#   Set larger code cache with -XX:ReservedCodeCacheSize=
#   JVM is running with Unscaled Compressed Oops mode in which the Java heap is
#     placed in the first 4GB address space. The Java Heap base address is the
#     maximum limit for the native heap growth. Please use -XX:HeapBaseMinAddress
#     to set the Java Heap base and to place the Java Heap above 4GB virtual address.
# This output file may be truncated or incomplete.
#
#  Out of Memory Error (./src/hotspot/share/memory/arena.cpp:197), pid=2000, tid=12388
#
# JRE version: OpenJDK Runtime Environment Corretto-11.0.12.7.1 (11.0.12+7) (build 11.0.12+7-LTS)
# Java VM: OpenJDK 64-Bit Server VM Corretto-11.0.12.7.1 (11.0.12+7-LTS, mixed mode, tiered, compressed oops, g1 gc, windows-amd64)
# No core dump will be written. Minidumps are not enabled by default on client versions of Windows
#

---------------  S U M M A R Y ------------

Command Line: -Xmx64m -Xms64m -Dorg.gradle.appname=gradlew org.gradle.wrapper.GradleWrapperMain :Collections-FlatMap:testClasses

Host: Intel(R) Core(TM) i3-1005G1 CPU @ 1.20GHz, 4 cores, 3G,  Windows 10 , 64 bit Build 19041 (10.0.19041.1151)
Time: Sun Aug 22 16:36:56 2021 Pacific Daylight Time elapsed time: 1.626954 seconds (0d 0h 0m 1s)

---------------  T H R E A D  ---------------

Current thread (0x0000013ebb7f4000):  JavaThread "C2 CompilerThread0" daemon [_thread_in_native, id=12388, stack(0x00000003ada00000,0x00000003adb00000)]


Current CompileTask:
C2:   1627  451       4       java.util.HashMap::putVal (300 bytes)

Stack: [0x00000003ada00000,0x00000003adb00000]
Native frames: (J=compiled Java code, j=interpreted, Vv=VM code, C=native code)
V  [jvm.dll+0x601d7a]
V  [jvm.dll+0x78b45e]
V  [jvm.dll+0x78cb2f]
V  [jvm.dll+0x78d1f3]
V  [jvm.dll+0x24bc58]
V  [jvm.dll+0xc219c]
V  [jvm.dll+0xc275c]
V  [jvm.dll+0x354892]
V  [jvm.dll+0x19d7be]
V  [jvm.dll+0x205642]
V  [jvm.dll+0x20471d]
V  [jvm.dll+0x18990c]
V  [jvm.dll+0x213b57]
V  [jvm.dll+0x211d1b]
V  [jvm.dll+0x74f509]
V  [jvm.dll+0x748574]
V  [jvm.dll+0x600c16]
C  [ucrtbase.dll+0x21bb2]
C  [KERNEL32.DLL+0x17034]
C  [ntdll.dll+0x52651]


---------------  P R O C E S S  ---------------

Threads class SMR info:
_java_thread_list=0x0000013ebba5b370, length=10, elements={
0x0000013ea0a49800, 0x0000013ebb79c800, 0x0000013ebb79e000, 0x0000013ebb7a9800,
0x0000013ebb7ae800, 0x0000013ebb7f3800, 0x0000013ebb7f4000, 0x0000013ebb7f5000,
0x0000013ebb7f7000, 0x0000013ebba72800
}

Java Threads: ( => current thread )
  0x0000013ea0a49800 JavaThread "main" [_thread_in_native, id=6424, stack(0x00000003acd00000,0x00000003ace00000)]
  0x0000013ebb79c800 JavaThread "Reference Handler" daemon [_thread_blocked, id=13908, stack(0x00000003ad500000,0x00000003ad600000)]
  0x0000013ebb79e000 JavaThread "Finalizer" daemon [_thread_blocked, id=4092, stack(0x00000003ad600000,0x00000003ad700000)]
  0x0000013ebb7a9800 JavaThread "Signal Dispatcher" daemon [_thread_blocked, id=9204, stack(0x00000003ad700000,0x00000003ad800000)]
  0x0000013ebb7ae800 JavaThread "Attach Listener" daemon [_thread_blocked, id=7260, stack(0x00000003ad800000,0x00000003ad900000)]
  0x0000013ebb7f3800 JavaThread "Service Thread" daemon [_thread_blocked, id=13704, stack(0x00000003ad900000,0x00000003ada00000)]
=>0x0000013ebb7f4000 JavaThread "C2 CompilerThread0" daemon [_thread_in_native, id=12388, stack(0x00000003ada00000,0x00000003adb00000)]
  0x0000013ebb7f5000 JavaThread "C1 CompilerThread0" daemon [_thread_blocked, id=14860, stack(0x00000003adb00000,0x00000003adc00000)]
  0x0000013ebb7f7000 JavaThread "Sweeper thread" daemon [_thread_blocked, id=6476, stack(0x00000003adc00000,0x00000003add00000)]
  0x0000013ebba72800 JavaThread "Common-Cleaner" daemon [_thread_blocked, id=3188, stack(0x00000003ade00000,0x00000003adf00000)]

Other Threads:
  0x0000013ebb764800 VMThread "VM Thread" [stack: 0x00000003ad400000,0x00000003ad500000] [id=11088]
  0x0000013ebba69800 WatcherThread [stack: 0x00000003add00000,0x00000003ade00000] [id=2796]
  0x0000013ea0a63000 GCTaskThread "GC Thread#0" [stack: 0x00000003acf00000,0x00000003ad000000] [id=10564]
  0x0000013ea0a69800 ConcurrentGCThread "G1 Main Marker" [stack: 0x00000003ad000000,0x00000003ad100000] [id=11332]
  0x0000013ea0a6c800 ConcurrentGCThread "G1 Conc#0" [stack: 0x00000003ad100000,0x00000003ad200000] [id=5856]
  0x0000013ea0abf000 ConcurrentGCThread "G1 Refine#0" [stack: 0x00000003ad200000,0x00000003ad300000] [id=11152]
  0x0000013ea0ac1000 ConcurrentGCThread "G1 Young RemSet Sampling" [stack: 0x00000003ad300000,0x00000003ad400000] [id=5240]

Threads with active compile tasks:
C2 CompilerThread0   1638  451       4       java.util.HashMap::putVal (300 bytes)

VM state:not at safepoint (normal execution)

VM Mutex/Monitor currently owned by a thread: None

Heap address: 0x00000000fc000000, size: 64 MB, Compressed Oops mode: 32-bit
Narrow klass base: 0x0000000000000000, Narrow klass shift: 3
Compressed class space size: 1073741824 Address: 0x0000000100000000

Heap:
 garbage-first heap   total 65536K, used 11264K [0x00000000fc000000, 0x0000000100000000)
  region size 1024K, 10 young (10240K), 0 survivors (0K)
 Metaspace       used 7351K, capacity 7513K, committed 7680K, reserved 1056768K
  class space    used 649K, capacity 714K, committed 768K, reserved 1048576K
Heap Regions: E=young(eden), S=young(survivor), O=old, HS=humongous(starts), HC=humongous(continues), CS=collection set, F=free, A=archive, TAMS=top-at-mark-start (previous, next)
|   0|0x00000000fc000000, 0x00000000fc100000, 0x00000000fc100000|100%|HS|  |TAMS 0x00000000fc000000, 0x00000000fc000000| Complete 
|   1|0x00000000fc100000, 0x00000000fc200000, 0x00000000fc200000|100%|HC|  |TAMS 0x00000000fc100000, 0x00000000fc100000| Complete 
|   2|0x00000000fc200000, 0x00000000fc300000, 0x00000000fc300000|100%|HC|  |TAMS 0x00000000fc200000, 0x00000000fc200000| Complete 
|   3|0x00000000fc300000, 0x00000000fc300000, 0x00000000fc400000|  0%| F|  |TAMS 0x00000000fc300000, 0x00000000fc300000| Untracked 
|   4|0x00000000fc400000, 0x00000000fc400000, 0x00000000fc500000|  0%| F|  |TAMS 0x00000000fc400000, 0x00000000fc400000| Untracked 
|   5|0x00000000fc500000, 0x00000000fc500000, 0x00000000fc600000|  0%| F|  |TAMS 0x00000000fc500000, 0x00000000fc500000| Untracked 
|   6|0x00000000fc600000, 0x00000000fc600000, 0x00000000fc700000|  0%| F|  |TAMS 0x00000000fc600000, 0x00000000fc600000| Untracked 
|   7|0x00000000fc700000, 0x00000000fc700000, 0x00000000fc800000|  0%| F|  |TAMS 0x00000000fc700000, 0x00000000fc700000| Untracked 
|   8|0x00000000fc800000, 0x00000000fc800000, 0x00000000fc900000|  0%| F|  |TAMS 0x00000000fc800000, 0x00000000fc800000| Untracked 
|   9|0x00000000fc900000, 0x00000000fc900000, 0x00000000fca00000|  0%| F|  |TAMS 0x00000000fc900000, 0x00000000fc900000| Untracked 
|  10|0x00000000fca00000, 0x00000000fca00000, 0x00000000fcb00000|  0%| F|  |TAMS 0x00000000fca00000, 0x00000000fca00000| Untracked 
|  11|0x00000000fcb00000, 0x00000000fcb00000, 0x00000000fcc00000|  0%| F|  |TAMS 0x00000000fcb00000, 0x00000000fcb00000| Untracked 
|  12|0x00000000fcc00000, 0x00000000fcc00000, 0x00000000fcd00000|  0%| F|  |TAMS 0x00000000fcc00000, 0x00000000fcc00000| Untracked 
|  13|0x00000000fcd00000, 0x00000000fcd00000, 0x00000000fce00000|  0%| F|  |TAMS 0x00000000fcd00000, 0x00000000fcd00000| Untracked 
|  14|0x00000000fce00000, 0x00000000fce00000, 0x00000000fcf00000|  0%| F|  |TAMS 0x00000000fce00000, 0x00000000fce00000| Untracked 
|  15|0x00000000fcf00000, 0x00000000fcf00000, 0x00000000fd000000|  0%| F|  |TAMS 0x00000000fcf00000, 0x00000000fcf00000| Untracked 
|  16|0x00000000fd000000, 0x00000000fd000000, 0x00000000fd100000|  0%| F|  |TAMS 0x00000000fd000000, 0x00000000fd000000| Untracked 
|  17|0x00000000fd100000, 0x00000000fd100000, 0x00000000fd200000|  0%| F|  |TAMS 0x00000000fd100000, 0x00000000fd100000| Untracked 
|  18|0x00000000fd200000, 0x00000000fd200000, 0x00000000fd300000|  0%| F|  |TAMS 0x00000000fd200000, 0x00000000fd200000| Untracked 
|  19|0x00000000fd300000, 0x00000000fd300000, 0x00000000fd400000|  0%| F|  |TAMS 0x00000000fd300000, 0x00000000fd300000| Untracked 
|  20|0x00000000fd400000, 0x00000000fd400000, 0x00000000fd500000|  0%| F|  |TAMS 0x00000000fd400000, 0x00000000fd400000| Untracked 
|  21|0x00000000fd500000, 0x00000000fd500000, 0x00000000fd600000|  0%| F|  |TAMS 0x00000000fd500000, 0x00000000fd500000| Untracked 
|  22|0x00000000fd600000, 0x00000000fd600000, 0x00000000fd700000|  0%| F|  |TAMS 0x00000000fd600000, 0x00000000fd600000| Untracked 
|  23|0x00000000fd700000, 0x00000000fd700000, 0x00000000fd800000|  0%| F|  |TAMS 0x00000000fd700000, 0x00000000fd700000| Untracked 
|  24|0x00000000fd800000, 0x00000000fd800000, 0x00000000fd900000|  0%| F|  |TAMS 0x00000000fd800000, 0x00000000fd800000| Untracked 
|  25|0x00000000fd900000, 0x00000000fd900000, 0x00000000fda00000|  0%| F|  |TAMS 0x00000000fd900000, 0x00000000fd900000| Untracked 
|  26|0x00000000fda00000, 0x00000000fda00000, 0x00000000fdb00000|  0%| F|  |TAMS 0x00000000fda00000, 0x00000000fda00000| Untracked 
|  27|0x00000000fdb00000, 0x00000000fdb00000, 0x00000000fdc00000|  0%| F|  |TAMS 0x00000000fdb00000, 0x00000000fdb00000| Untracked 
|  28|0x00000000fdc00000, 0x00000000fdc00000, 0x00000000fdd00000|  0%| F|  |TAMS 0x00000000fdc00000, 0x00000000fdc00000| Untracked 
|  29|0x00000000fdd00000, 0x00000000fdd00000, 0x00000000fde00000|  0%| F|  |TAMS 0x00000000fdd00000, 0x00000000fdd00000| Untracked 
|  30|0x00000000fde00000, 0x00000000fde00000, 0x00000000fdf00000|  0%| F|  |TAMS 0x00000000fde00000, 0x00000000fde00000| Untracked 
|  31|0x00000000fdf00000, 0x00000000fdf00000, 0x00000000fe000000|  0%| F|  |TAMS 0x00000000fdf00000, 0x00000000fdf00000| Untracked 
|  32|0x00000000fe000000, 0x00000000fe000000, 0x00000000fe100000|  0%| F|  |TAMS 0x00000000fe000000, 0x00000000fe000000| Untracked 
|  33|0x00000000fe100000, 0x00000000fe100000, 0x00000000fe200000|  0%| F|  |TAMS 0x00000000fe100000, 0x00000000fe100000| Untracked 
|  34|0x00000000fe200000, 0x00000000fe200000, 0x00000000fe300000|  0%| F|  |TAMS 0x00000000fe200000, 0x00000000fe200000| Untracked 
|  35|0x00000000fe300000, 0x00000000fe300000, 0x00000000fe400000|  0%| F|  |TAMS 0x00000000fe300000, 0x00000000fe300000| Untracked 
|  36|0x00000000fe400000, 0x00000000fe400000, 0x00000000fe500000|  0%| F|  |TAMS 0x00000000fe400000, 0x00000000fe400000| Untracked 
|  37|0x00000000fe500000, 0x00000000fe500000, 0x00000000fe600000|  0%| F|  |TAMS 0x00000000fe500000, 0x00000000fe500000| Untracked 
|  38|0x00000000fe600000, 0x00000000fe600000, 0x00000000fe700000|  0%| F|  |TAMS 0x00000000fe600000, 0x00000000fe600000| Untracked 
|  39|0x00000000fe700000, 0x00000000fe700000, 0x00000000fe800000|  0%| F|  |TAMS 0x00000000fe700000, 0x00000000fe700000| Untracked 
|  40|0x00000000fe800000, 0x00000000fe800000, 0x00000000fe900000|  0%| F|  |TAMS 0x00000000fe800000, 0x00000000fe800000| Untracked 
|  41|0x00000000fe900000, 0x00000000fe900000, 0x00000000fea00000|  0%| F|  |TAMS 0x00000000fe900000, 0x00000000fe900000| Untracked 
|  42|0x00000000fea00000, 0x00000000fea00000, 0x00000000feb00000|  0%| F|  |TAMS 0x00000000fea00000, 0x00000000fea00000| Untracked 
|  43|0x00000000feb00000, 0x00000000feb00000, 0x00000000fec00000|  0%| F|  |TAMS 0x00000000feb00000, 0x00000000feb00000| Untracked 
|  44|0x00000000fec00000, 0x00000000fec00000, 0x00000000fed00000|  0%| F|  |TAMS 0x00000000fec00000, 0x00000000fec00000| Untracked 
|  45|0x00000000fed00000, 0x00000000fed00000, 0x00000000fee00000|  0%| F|  |TAMS 0x00000000fed00000, 0x00000000fed00000| Untracked 
|  46|0x00000000fee00000, 0x00000000fee00000, 0x00000000fef00000|  0%| F|  |TAMS 0x00000000fee00000, 0x00000000fee00000| Untracked 
|  47|0x00000000fef00000, 0x00000000fef00000, 0x00000000ff000000|  0%| F|  |TAMS 0x00000000fef00000, 0x00000000fef00000| Untracked 
|  48|0x00000000ff000000, 0x00000000ff000000, 0x00000000ff100000|  0%| F|  |TAMS 0x00000000ff000000, 0x00000000ff000000| Untracked 
|  49|0x00000000ff100000, 0x00000000ff100000, 0x00000000ff200000|  0%| F|  |TAMS 0x00000000ff100000, 0x00000000ff100000| Untracked 
|  50|0x00000000ff200000, 0x00000000ff200000, 0x00000000ff300000|  0%| F|  |TAMS 0x00000000ff200000, 0x00000000ff200000| Untracked 
|  51|0x00000000ff300000, 0x00000000ff300000, 0x00000000ff400000|  0%| F|  |TAMS 0x00000000ff300000, 0x00000000ff300000| Untracked 
|  52|0x00000000ff400000, 0x00000000ff400000, 0x00000000ff500000|  0%| F|  |TAMS 0x00000000ff400000, 0x00000000ff400000| Untracked 
|  53|0x00000000ff500000, 0x00000000ff500000, 0x00000000ff600000|  0%| F|  |TAMS 0x00000000ff500000, 0x00000000ff500000| Untracked 
|  54|0x00000000ff600000, 0x00000000ff6482f8, 0x00000000ff700000| 28%| E|  |TAMS 0x00000000ff600000, 0x00000000ff600000| Complete 
|  55|0x00000000ff700000, 0x00000000ff800000, 0x00000000ff800000|100%| E|CS|TAMS 0x00000000ff700000, 0x00000000ff700000| Complete 
|  56|0x00000000ff800000, 0x00000000ff900000, 0x00000000ff900000|100%| E|CS|TAMS 0x00000000ff800000, 0x00000000ff800000| Complete 
|  57|0x00000000ff900000, 0x00000000ffa00000, 0x00000000ffa00000|100%| E|CS|TAMS 0x00000000ff900000, 0x00000000ff900000| Complete 
|  58|0x00000000ffa00000, 0x00000000ffb00000, 0x00000000ffb00000|100%| E|CS|TAMS 0x00000000ffa00000, 0x00000000ffa00000| Complete 
|  59|0x00000000ffb00000, 0x00000000ffc00000, 0x00000000ffc00000|100%| E|CS|TAMS 0x00000000ffb00000, 0x00000000ffb00000| Complete 
|  60|0x00000000ffc00000, 0x00000000ffd00000, 0x00000000ffd00000|100%| E|CS|TAMS 0x00000000ffc00000, 0x00000000ffc00000| Complete 
|  61|0x00000000ffd00000, 0x00000000ffe00000, 0x00000000ffe00000|100%| E|  |TAMS 0x00000000ffd00000, 0x00000000ffd00000| Complete 
|  62|0x00000000ffe00000, 0x00000000fff00000, 0x00000000fff00000|100%| E|CS|TAMS 0x00000000ffe00000, 0x00000000ffe00000| Complete 
|  63|0x00000000fff00000, 0x0000000100000000, 0x0000000100000000|100%| E|CS|TAMS 0x00000000fff00000, 0x00000000fff00000| Complete 

Card table byte_map: [0x0000013eb87b0000,0x0000013eb87d0000] _byte_map_base: 0x0000013eb7fd0000

Marking Bits (Prev, Next): (CMBitMap*) 0x0000013ea0a684d8, (CMBitMap*) 0x0000013ea0a68510
 Prev Bits: [0x0000013eb87f0000, 0x0000013eb88f0000)
 Next Bits: [0x0000013eb88f0000, 0x0000013eb89f0000)

Polling page: 0x0000013e9f250000

Metaspace:

Usage:
  Non-class:      6.64 MB capacity,     6.55 MB ( 99%) used,    91.43 KB (  1%) free+waste,     5.31 KB ( <1%) overhead. 
      Class:    714.00 KB capacity,   649.42 KB ( 91%) used,    62.08 KB (  9%) free+waste,     2.50 KB ( <1%) overhead. 
       Both:      7.34 MB capacity,     7.18 MB ( 98%) used,   153.51 KB (  2%) free+waste,     7.81 KB ( <1%) overhead. 

Virtual space:
  Non-class space:        8.00 MB reserved,       6.75 MB ( 84%) committed 
      Class space:        1.00 GB reserved,     768.00 KB ( <1%) committed 
             Both:        1.01 GB reserved,       7.50 MB ( <1%) committed 

Chunk freelists:
   Non-Class:  49.00 KB
       Class:  22.00 KB
        Both:  71.00 KB

MaxMetaspaceSize: 17179869184.00 GB
CompressedClassSpaceSize: 1.00 GB
Initial GC threshold: 20.80 MB
Current GC threshold: 20.80 MB
CDS: off

CodeHeap 'non-profiled nmethods': size=120064Kb used=137Kb max_used=137Kb free=119926Kb
 bounds [0x0000013eb0c30000, 0x0000013eb0ea0000, 0x0000013eb8170000]
CodeHeap 'profiled nmethods': size=120000Kb used=777Kb max_used=777Kb free=119222Kb
 bounds [0x0000013ea9700000, 0x0000013ea9970000, 0x0000013eb0c30000]
CodeHeap 'non-nmethods': size=5696Kb used=1120Kb max_used=1132Kb free=4575Kb
 bounds [0x0000013ea9170000, 0x0000013ea93e0000, 0x0000013ea9700000]
 total_blobs=819 nmethods=468 adapters=263
 compilation: enabled
              stopped_count=0, restarted_count=0
 full_count=0

Compilation events (20 events):
Event: 1.616 Thread 0x0000013ebb7f5000 nmethod 452 0x0000013ea97bbb10 code [0x0000013ea97bbce0, 0x0000013ea97bbf58]
Event: 1.616 Thread 0x0000013ebb7f5000  453       3       java.util.AbstractCollection::addAll (42 bytes)
Event: 1.616 Thread 0x0000013ebb7f5000 nmethod 453 0x0000013ea97bc090 code [0x0000013ea97bc280, 0x0000013ea97bc778]
Event: 1.616 Thread 0x0000013ebb7f5000  455       3       java.util.LinkedHashMap::keySet (25 bytes)
Event: 1.617 Thread 0x0000013ebb7f5000 nmethod 455 0x0000013ea97bc910 code [0x0000013ea97bcae0, 0x0000013ea97bceb8]
Event: 1.617 Thread 0x0000013ebb7f5000  456       3       java.util.LinkedHashMap$LinkedKeySet::iterator (12 bytes)
Event: 1.617 Thread 0x0000013ebb7f5000 nmethod 456 0x0000013ea97bd010 code [0x0000013ea97bd1e0, 0x0000013ea97bd578]
Event: 1.623 Thread 0x0000013ebb7f5000  458       3       java.nio.Buffer::hasRemaining (17 bytes)
Event: 1.623 Thread 0x0000013ebb7f5000 nmethod 458 0x0000013ea97bd690 code [0x0000013ea97bd840, 0x0000013ea97bd998]
Event: 1.623 Thread 0x0000013ebb7f5000  459       1       java.nio.Buffer::limit (5 bytes)
Event: 1.624 Thread 0x0000013ebb7f5000 nmethod 459 0x0000013eb0c51790 code [0x0000013eb0c51940, 0x0000013eb0c519f8]
Event: 1.624 Thread 0x0000013ebb7f5000  460   !   3       java.nio.DirectByteBuffer::get (28 bytes)
Event: 1.624 Thread 0x0000013ebb7f5000 nmethod 460 0x0000013ea97bda10 code [0x0000013ea97bdc00, 0x0000013ea97bdfe8]
Event: 1.624 Thread 0x0000013ebb7f5000  461       3       java.nio.Buffer::nextGetIndex (30 bytes)
Event: 1.624 Thread 0x0000013ebb7f5000 nmethod 461 0x0000013ea97be210 code [0x0000013ea97be3e0, 0x0000013ea97be5a8]
Event: 1.624 Thread 0x0000013ebb7f5000  462       3       java.nio.DirectByteBuffer::ix (10 bytes)
Event: 1.624 Thread 0x0000013ebb7f5000 nmethod 462 0x0000013ea97be690 code [0x0000013ea97be840, 0x0000013ea97be958]
Event: 1.624 Thread 0x0000013ebb7f5000  464       1       java.nio.Buffer::position (5 bytes)
Event: 1.624 Thread 0x0000013ebb7f5000 nmethod 464 0x0000013eb0c51f10 code [0x0000013eb0c520c0, 0x0000013eb0c52178]
Event: 1.625 Thread 0x0000013ebb7f5000  465       3       jdk.internal.jimage.ImageStringsReader::unmaskedHashCode (173 bytes)

GC Heap History (0 events):
No events

Deoptimization events (20 events):
Event: 1.598 Thread 0x0000013ea0a49800 DEOPT PACKING pc=0x0000013ea97b328b sp=0x00000003acdfdc50
Event: 1.598 Thread 0x0000013ea0a49800 DEOPT UNPACKING pc=0x0000013ea91b9d0e sp=0x00000003acdfd120 mode 0
Event: 1.598 Thread 0x0000013ea0a49800 DEOPT PACKING pc=0x0000013ea97b328b sp=0x00000003acdfdc50
Event: 1.598 Thread 0x0000013ea0a49800 DEOPT UNPACKING pc=0x0000013ea91b9d0e sp=0x00000003acdfd120 mode 0
Event: 1.598 Thread 0x0000013ea0a49800 DEOPT PACKING pc=0x0000013ea97b328b sp=0x00000003acdfdc50
Event: 1.598 Thread 0x0000013ea0a49800 DEOPT UNPACKING pc=0x0000013ea91b9d0e sp=0x00000003acdfd120 mode 0
Event: 1.598 Thread 0x0000013ea0a49800 DEOPT PACKING pc=0x0000013ea97b328b sp=0x00000003acdfdc50
Event: 1.598 Thread 0x0000013ea0a49800 DEOPT UNPACKING pc=0x0000013ea91b9d0e sp=0x00000003acdfd120 mode 0
Event: 1.598 Thread 0x0000013ea0a49800 DEOPT PACKING pc=0x0000013ea97b328b sp=0x00000003acdfdc50
Event: 1.598 Thread 0x0000013ea0a49800 DEOPT UNPACKING pc=0x0000013ea91b9d0e sp=0x00000003acdfd120 mode 0
Event: 1.598 Thread 0x0000013ea0a49800 DEOPT PACKING pc=0x0000013ea97b328b sp=0x00000003acdfdc50
Event: 1.598 Thread 0x0000013ea0a49800 DEOPT UNPACKING pc=0x0000013ea91b9d0e sp=0x00000003acdfd120 mode 0
Event: 1.598 Thread 0x0000013ea0a49800 DEOPT PACKING pc=0x0000013ea97b328b sp=0x00000003acdfdc50
Event: 1.598 Thread 0x0000013ea0a49800 DEOPT UNPACKING pc=0x0000013ea91b9d0e sp=0x00000003acdfd120 mode 0
Event: 1.598 Thread 0x0000013ea0a49800 DEOPT PACKING pc=0x0000013ea97b328b sp=0x00000003acdfdc50
Event: 1.598 Thread 0x0000013ea0a49800 DEOPT UNPACKING pc=0x0000013ea91b9d0e sp=0x00000003acdfd120 mode 0
Event: 1.599 Thread 0x0000013ea0a49800 DEOPT PACKING pc=0x0000013ea97b328b sp=0x00000003acdfdc50
Event: 1.599 Thread 0x0000013ea0a49800 DEOPT UNPACKING pc=0x0000013ea91b9d0e sp=0x00000003acdfd120 mode 0
Event: 1.600 Thread 0x0000013ea0a49800 DEOPT PACKING pc=0x0000013ea97b328b sp=0x00000003acdfdc50
Event: 1.600 Thread 0x0000013ea0a49800 DEOPT UNPACKING pc=0x0000013ea91b9d0e sp=0x00000003acdfd120 mode 0

Classes redefined (0 events):
No events

Internal exceptions (3 events):
Event: 1.347 Thread 0x0000013ea0a49800 Exception <a 'java/lang/NoSuchMethodError'{0x00000000ffdf0668}: 'int java.lang.invoke.DirectMethodHandle$Holder.invokeStaticInit(java.lang.Object, java.lang.Object)'> (0x00000000ffdf0668) thrown at [./src/hotspot/share/interpreter/linkResolver.cpp, line 773]
Event: 1.418 Thread 0x0000013ea0a49800 Exception <a 'java/lang/NoSuchMethodError'{0x00000000ffceaaa8}: 'int java.lang.invoke.DirectMethodHandle$Holder.invokeSpecial(java.lang.Object, java.lang.Object, java.lang.Object, java.lang.Object)'> (0x00000000ffceaaa8) thrown at [./src/hotspot/share/interpreter/linkResolver.cpp, line 773]
Event: 1.428 Thread 0x0000013ea0a49800 Exception <a 'java/lang/NoSuchMethodError'{0x00000000ffb1d680}: 'int java.lang.invoke.DirectMethodHandle$Holder.invokeSpecialIFC(java.lang.Object, java.lang.Object, int)'> (0x00000000ffb1d680) thrown at [./src/hotspot/share/interpreter/linkResolver.cpp, line 773]

Events (20 events):
Event: 1.620 loading class jdk/internal/jimage/NativeImageBuffer$1 done
Event: 1.621 Loaded shared library C:\Users\lenovo\.jdks\corretto-11.0.12\bin\jimage.dll
Event: 1.621 loading class jdk/internal/jimage/ImageHeader
Event: 1.621 loading class jdk/internal/jimage/ImageHeader done
Event: 1.622 loading class java/nio/DirectIntBufferU
Event: 1.622 loading class java/nio/IntBuffer
Event: 1.622 loading class java/nio/IntBuffer done
Event: 1.622 loading class java/nio/DirectIntBufferU done
Event: 1.622 loading class java/nio/DirectByteBufferR
Event: 1.622 loading class java/nio/DirectByteBufferR done
Event: 1.622 loading class java/nio/DirectIntBufferRU
Event: 1.622 loading class java/nio/DirectIntBufferRU done
Event: 1.623 loading class jdk/internal/jimage/ImageStringsReader
Event: 1.623 loading class jdk/internal/jimage/ImageStrings
Event: 1.623 loading class jdk/internal/jimage/ImageStrings done
Event: 1.623 loading class jdk/internal/jimage/ImageStringsReader done
Event: 1.623 loading class jdk/internal/jimage/decompressor/Decompressor
Event: 1.623 loading class jdk/internal/jimage/decompressor/Decompressor done
Event: 1.623 loading class jdk/internal/jimage/ImageLocation
Event: 1.623 loading class jdk/internal/jimage/ImageLocation done


Dynamic libraries:
0x00007ff7a1b90000 - 0x00007ff7a1b9d000 	C:\Users\lenovo\.jdks\corretto-11.0.12\bin\java.exe
0x00007ffa656d0000 - 0x00007ffa658c5000 	C:\Windows\SYSTEM32\ntdll.dll
0x00007ffa63730000 - 0x00007ffa637ed000 	C:\Windows\System32\KERNEL32.DLL
0x00007ffa62e30000 - 0x00007ffa630f9000 	C:\Windows\System32\KERNELBASE.dll
0x00007ffa63210000 - 0x00007ffa63310000 	C:\Windows\System32\ucrtbase.dll
0x00007ffa4efe0000 - 0x00007ffa4eff7000 	C:\Users\lenovo\.jdks\corretto-11.0.12\bin\jli.dll
0x00007ffa64ac0000 - 0x00007ffa64c60000 	C:\Windows\System32\USER32.dll
0x00007ffa62e00000 - 0x00007ffa62e22000 	C:\Windows\System32\win32u.dll
0x00007ffa65660000 - 0x00007ffa6568a000 	C:\Windows\System32\GDI32.dll
0x00007ffa633b0000 - 0x00007ffa634bb000 	C:\Windows\System32\gdi32full.dll
0x00007ffa63310000 - 0x00007ffa633ad000 	C:\Windows\System32\msvcp_win.dll
0x00007ffa4e2b0000 - 0x00007ffa4e2c9000 	C:\Users\lenovo\.jdks\corretto-11.0.12\bin\VCRUNTIME140.dll
0x00007ffa4d9c0000 - 0x00007ffa4dc5a000 	C:\Windows\WinSxS\amd64_microsoft.windows.common-controls_6595b64144ccf1df_6.0.19041.1110_none_60b5254171f9507e\COMCTL32.dll
0x00007ffa64610000 - 0x00007ffa646ae000 	C:\Windows\System32\msvcrt.dll
0x00007ffa63db0000 - 0x00007ffa63de0000 	C:\Windows\System32\IMM32.DLL
0x00007ffa43ca0000 - 0x00007ffa43d3b000 	C:\Users\lenovo\.jdks\corretto-11.0.12\bin\msvcp140.dll
0x00007ffa33190000 - 0x00007ffa33cea000 	C:\Users\lenovo\.jdks\corretto-11.0.12\bin\server\jvm.dll
0x00007ffa64ec0000 - 0x00007ffa64f6c000 	C:\Windows\System32\ADVAPI32.dll
0x00007ffa637f0000 - 0x00007ffa6388b000 	C:\Windows\System32\sechost.dll
0x00007ffa64930000 - 0x00007ffa64a5a000 	C:\Windows\System32\RPCRT4.dll
0x00007ffa65650000 - 0x00007ffa65658000 	C:\Windows\System32\PSAPI.DLL
0x00007ffa5e260000 - 0x00007ffa5e269000 	C:\Windows\SYSTEM32\WSOCK32.dll
0x00007ffa64860000 - 0x00007ffa648cb000 	C:\Windows\System32\WS2_32.dll
0x00007ffa56c60000 - 0x00007ffa56c87000 	C:\Windows\SYSTEM32\WINMM.dll
0x00007ffa5cdb0000 - 0x00007ffa5cdba000 	C:\Windows\SYSTEM32\VERSION.dll
0x00007ffa616c0000 - 0x00007ffa616d2000 	C:\Windows\SYSTEM32\kernel.appcore.dll
0x00007ffa55280000 - 0x00007ffa55290000 	C:\Users\lenovo\.jdks\corretto-11.0.12\bin\verify.dll
0x00007ffa60c10000 - 0x00007ffa60df4000 	C:\Windows\SYSTEM32\DBGHELP.DLL
0x00007ffa5a8a0000 - 0x00007ffa5a8cc000 	C:\Windows\SYSTEM32\dbgcore.DLL
0x00007ffa63100000 - 0x00007ffa63183000 	C:\Windows\System32\bcryptPrimitives.dll
0x00007ffa4b1f0000 - 0x00007ffa4b218000 	C:\Users\lenovo\.jdks\corretto-11.0.12\bin\java.dll
0x00007ffa548f0000 - 0x00007ffa548fa000 	C:\Users\lenovo\.jdks\corretto-11.0.12\bin\jimage.dll
0x00007ffa4cfe0000 - 0x00007ffa4cff7000 	C:\Users\lenovo\.jdks\corretto-11.0.12\bin\zip.dll
0x00007ffa63ed0000 - 0x00007ffa6460f000 	C:\Windows\System32\SHELL32.dll
0x00007ffa60ef0000 - 0x00007ffa61680000 	C:\Windows\SYSTEM32\windows.storage.dll
0x00007ffa63890000 - 0x00007ffa63be5000 	C:\Windows\System32\combase.dll
0x00007ffa62790000 - 0x00007ffa627bc000 	C:\Windows\SYSTEM32\Wldp.dll
0x00007ffa63bf0000 - 0x00007ffa63c9e000 	C:\Windows\System32\SHCORE.dll
0x00007ffa63d50000 - 0x00007ffa63da5000 	C:\Windows\System32\shlwapi.dll
0x00007ffa62d40000 - 0x00007ffa62d5f000 	C:\Windows\SYSTEM32\profapi.dll
0x00007ffa4ad50000 - 0x00007ffa4ad69000 	C:\Users\lenovo\.jdks\corretto-11.0.12\bin\net.dll
0x00007ffa591a0000 - 0x00007ffa592a8000 	C:\Windows\SYSTEM32\WINHTTP.dll
0x00007ffa624f0000 - 0x00007ffa6255a000 	C:\Windows\system32\mswsock.dll
0x00007ffa4a910000 - 0x00007ffa4a922000 	C:\Users\lenovo\.jdks\corretto-11.0.12\bin\nio.dll

dbghelp: loaded successfully - version: 4.0.5 - missing functions: none
symbol engine: initialized successfully - sym options: 0x614 - pdb path: .;C:\Users\lenovo\.jdks\corretto-11.0.12\bin;C:\Windows\SYSTEM32;C:\Windows\WinSxS\amd64_microsoft.windows.common-controls_6595b64144ccf1df_6.0.19041.1110_none_60b5254171f9507e;C:\Users\lenovo\.jdks\corretto-11.0.12\bin\server

VM Arguments:
jvm_args: -Xmx64m -Xms64m -Dorg.gradle.appname=gradlew 
java_command: org.gradle.wrapper.GradleWrapperMain :Collections-FlatMap:testClasses
java_class_path (initial): C:\Users\lenovo\IdeaProjects\Android\Kotlin\Kotlin Koans1\\gradle\wrapper\gradle-wrapper.jar
Launcher Type: SUN_STANDARD

[Global flags]
     intx CICompilerCount                          = 3                                         {product} {ergonomic}
     uint ConcGCThreads                            = 1                                         {product} {ergonomic}
     uint G1ConcRefinementThreads                  = 4                                         {product} {ergonomic}
   size_t G1HeapRegionSize                         = 1048576                                   {product} {ergonomic}
    uintx GCDrainStackTargetSize                   = 64                                        {product} {ergonomic}
   size_t InitialHeapSize                          = 67108864                                  {product} {command line}
   size_t MarkStackSize                            = 4194304                                   {product} {ergonomic}
   size_t MaxHeapSize                              = 67108864                                  {product} {command line}
   size_t MaxNewSize                               = 39845888                                  {product} {ergonomic}
   size_t MinHeapDeltaBytes                        = 1048576                                   {product} {ergonomic}
    uintx NonNMethodCodeHeapSize                   = 5830732                                {pd product} {ergonomic}
    uintx NonProfiledCodeHeapSize                  = 122913754                              {pd product} {ergonomic}
    uintx ProfiledCodeHeapSize                     = 122913754                              {pd product} {ergonomic}
    uintx ReservedCodeCacheSize                    = 251658240                              {pd product} {ergonomic}
     bool SegmentedCodeCache                       = true                                      {product} {ergonomic}
     bool UseCompressedClassPointers               = true                                 {lp64_product} {ergonomic}
     bool UseCompressedOops                        = true                                 {lp64_product} {ergonomic}
     bool UseG1GC                                  = true                                      {product} {ergonomic}
     bool UseLargePagesIndividualAllocation        = false                                  {pd product} {ergonomic}

Logging:
Log output configuration:
 #0: stdout all=warning uptime,level,tags
 #1: stderr all=off uptime,level,tags

Environment Variables:
JAVA_HOME=C:/Users/lenovo/.jdks/corretto-11.0.12
CLASSPATH=C:\Users\lenovo\IdeaProjects\Android\Kotlin\Kotlin Koans1\\gradle\wrapper\gradle-wrapper.jar
PATH=C:\Program Files\Common Files\Oracle\Java\javapath;C:\Windows\system32;C:\Windows;C:\Windows\System32\Wbem;C:\Windows\System32\WindowsPowerShell\v1.0\;C:\Windows\System32\OpenSSH\;C:\Program Files\Git\cmd;C:\Users\lenovo\AppData\Local\Microsoft\WindowsApps;
USERNAME=lenovo
OS=Windows_NT
PROCESSOR_IDENTIFIER=Intel64 Family 6 Model 126 Stepping 5, GenuineIntel



---------------  S Y S T E M  ---------------

OS: Windows 10 , 64 bit Build 19041 (10.0.19041.1151)
OS uptime: 7 days 4:15 hours

CPU:total 4 (initial active 4) (2 cores per cpu, 2 threads per core) family 6 model 126 stepping 5 microcode 0xa0, cmov, cx8, fxsr, mmx, sse, sse2, sse3, ssse3, sse4.1, sse4.2, popcnt, avx, avx2, aes, clmul, erms, 3dnowpref, lzcnt, ht, tsc, tscinvbit, bmi1, bmi2, adx, evex, sha, fma

Memory: 4k page, system-wide physical 3891M (372M free)
TotalPageFile size 6915M (AvailPageFile size 2M)
current process WorkingSet (physical memory assigned to process): 48M, peak: 48M
current process commit charge ("private bytes"): 135M, peak: 136M

vm_info: OpenJDK 64-Bit Server VM (11.0.12+7-LTS) for windows-amd64 JRE (11.0.12+7-LTS), built on Jul 13 2021 17:58:36 by "Administrator" with unknown MS VC++:1916

END.
