#
# There is insufficient memory for the Java Runtime Environment to continue.
# Native memory allocation (malloc) failed to allocate 1025296 bytes for Chunk::new
# Possible reasons:
#   The system is out of physical RAM or swap space
#   The process is running with CompressedOops enabled, and the Java Heap may be blocking the growth of the native heap
# Possible solutions:
#   Reduce memory load on the system
#   Increase physical memory or swap space
#   Check if swap backing store is full
#   Decrease Java heap size (-Xmx/-Xms)
#   Decrease number of Java threads
#   Decrease Java thread stack sizes (-Xss)
#   Set larger code cache with -XX:ReservedCodeCacheSize=
#   JVM is running with Unscaled Compressed Oops mode in which the Java heap is
#     placed in the first 4GB address space. The Java Heap base address is the
#     maximum limit for the native heap growth. Please use -XX:HeapBaseMinAddress
#     to set the Java Heap base and to place the Java Heap above 4GB virtual address.
# This output file may be truncated or incomplete.
#
#  Out of Memory Error (./src/hotspot/share/memory/arena.cpp:197), pid=120, tid=1620
#
# JRE version: OpenJDK Runtime Environment Corretto-11.0.12.7.1 (11.0.12+7) (build 11.0.12+7-LTS)
# Java VM: OpenJDK 64-Bit Server VM Corretto-11.0.12.7.1 (11.0.12+7-LTS, mixed mode, tiered, compressed oops, g1 gc, windows-amd64)
# No core dump will be written. Minidumps are not enabled by default on client versions of Windows
#

---------------  S U M M A R Y ------------

Command Line: --add-opens=java.base/java.util=ALL-UNNAMED --add-opens=java.base/java.lang=ALL-UNNAMED --add-opens=java.base/java.lang.invoke=ALL-UNNAMED --add-opens=java.prefs/java.util.prefs=ALL-UNNAMED -XX:MaxMetaspaceSize=256m -XX:+HeapDumpOnOutOfMemoryError -Xms256m -Xmx512m -Dfile.encoding=windows-1252 -Duser.country=US -Duser.language=en -Duser.variant org.gradle.launcher.daemon.bootstrap.GradleDaemon 6.8

Host: Intel(R) Core(TM) i3-1005G1 CPU @ 1.20GHz, 4 cores, 3G,  Windows 10 , 64 bit Build 19041 (10.0.19041.1151)
Time: Sun Aug 22 16:20:55 2021 Pacific Daylight Time elapsed time: 7.228995 seconds (0d 0h 0m 7s)

---------------  T H R E A D  ---------------

Current thread (0x00000167ffbc9800):  JavaThread "C2 CompilerThread0" daemon [_thread_in_native, id=1620, stack(0x00000035fba00000,0x00000035fbb00000)]


Current CompileTask:
C2:   7229 5565       4       java.util.regex.Pattern::compile (498 bytes)

Stack: [0x00000035fba00000,0x00000035fbb00000]
Native frames: (J=compiled Java code, j=interpreted, Vv=VM code, C=native code)
V  [jvm.dll+0x601d7a]
V  [jvm.dll+0x78b45e]
V  [jvm.dll+0x78cb2f]
V  [jvm.dll+0x78d1f3]
V  [jvm.dll+0x24bc58]
V  [jvm.dll+0xc219c]
V  [jvm.dll+0xc275c]
V  [jvm.dll+0x354892]
V  [jvm.dll+0x321d93]
V  [jvm.dll+0x3210ca]
V  [jvm.dll+0x205535]
V  [jvm.dll+0x20471d]
V  [jvm.dll+0x18990c]
V  [jvm.dll+0x213b57]
V  [jvm.dll+0x211d1b]
V  [jvm.dll+0x74f509]
V  [jvm.dll+0x748574]
V  [jvm.dll+0x600c16]
C  [ucrtbase.dll+0x21bb2]
C  [KERNEL32.DLL+0x17034]
C  [ntdll.dll+0x52651]


---------------  P R O C E S S  ---------------

Threads class SMR info:
_java_thread_list=0x0000016795890960, length=52, elements={
0x00000167f53f7800, 0x00000167ff336000, 0x00000167ff337000, 0x00000167ffbc2000,
0x00000167ffbc6000, 0x00000167ffbc8000, 0x00000167ffbc9800, 0x00000167ffbcd800,
0x00000167ffbd7000, 0x00000167ffd39000, 0x0000016791e14800, 0x0000016791cfb000,
0x000001679268e000, 0x0000016791ea3000, 0x0000016791ec9800, 0x00000167927bf800,
0x0000016792bda000, 0x0000016792bdc000, 0x0000016792b90000, 0x00000167927bb000,
0x00000167927b7800, 0x00000167927b5800, 0x00000167927b7000, 0x00000167927bc000,
0x00000167927b6000, 0x00000167927b8800, 0x00000167927b9800, 0x00000167927ba000,
0x00000167950c3000, 0x00000167950c0000, 0x00000167950bd800, 0x00000167950bf000,
0x00000167950c1800, 0x00000167950c4000, 0x00000167950be800, 0x00000167950c5800,
0x00000167950c9000, 0x00000167950c6800, 0x00000167950c7800, 0x00000167950c8000,
0x00000167950c9800, 0x00000167950ca800, 0x00000167950c5000, 0x00000167950cb800,
0x00000167950cc000, 0x0000016795594000, 0x0000016795593000, 0x0000016795594800,
0x0000016795595800, 0x0000016795596000, 0x0000016795590800, 0x0000016795597000
}

Java Threads: ( => current thread )
  0x00000167f53f7800 JavaThread "main" [_thread_blocked, id=2168, stack(0x00000035fae00000,0x00000035faf00000)]
  0x00000167ff336000 JavaThread "Reference Handler" daemon [_thread_blocked, id=13364, stack(0x00000035fb500000,0x00000035fb600000)]
  0x00000167ff337000 JavaThread "Finalizer" daemon [_thread_blocked, id=8576, stack(0x00000035fb600000,0x00000035fb700000)]
  0x00000167ffbc2000 JavaThread "Signal Dispatcher" daemon [_thread_blocked, id=9340, stack(0x00000035fb700000,0x00000035fb800000)]
  0x00000167ffbc6000 JavaThread "Attach Listener" daemon [_thread_blocked, id=2224, stack(0x00000035fb800000,0x00000035fb900000)]
  0x00000167ffbc8000 JavaThread "Service Thread" daemon [_thread_blocked, id=12764, stack(0x00000035fb900000,0x00000035fba00000)]
=>0x00000167ffbc9800 JavaThread "C2 CompilerThread0" daemon [_thread_in_native, id=1620, stack(0x00000035fba00000,0x00000035fbb00000)]
  0x00000167ffbcd800 JavaThread "C1 CompilerThread0" daemon [_thread_blocked, id=5840, stack(0x00000035fbb00000,0x00000035fbc00000)]
  0x00000167ffbd7000 JavaThread "Sweeper thread" daemon [_thread_blocked, id=11876, stack(0x00000035fbc00000,0x00000035fbd00000)]
  0x00000167ffd39000 JavaThread "Common-Cleaner" daemon [_thread_blocked, id=7820, stack(0x00000035fbd00000,0x00000035fbe00000)]
  0x0000016791e14800 JavaThread "Daemon health stats" [_thread_blocked, id=9148, stack(0x00000035fc200000,0x00000035fc300000)]
  0x0000016791cfb000 JavaThread "Incoming local TCP Connector on port 58736" [_thread_in_native, id=13412, stack(0x00000035fc500000,0x00000035fc600000)]
  0x000001679268e000 JavaThread "Daemon periodic checks" [_thread_blocked, id=9956, stack(0x00000035fc600000,0x00000035fc700000)]
  0x0000016791ea3000 JavaThread "Daemon" [_thread_blocked, id=14988, stack(0x00000035fc700000,0x00000035fc800000)]
  0x0000016791ec9800 JavaThread "Handler for socket connection from /127.0.0.1:58736 to /127.0.0.1:58737" [_thread_in_native, id=2564, stack(0x00000035fc800000,0x00000035fc900000)]
  0x00000167927bf800 JavaThread "Cancel handler" [_thread_blocked, id=10136, stack(0x00000035fc900000,0x00000035fca00000)]
  0x0000016792bda000 JavaThread "Daemon worker" [_thread_in_Java, id=11544, stack(0x00000035fca00000,0x00000035fcb00000)]
  0x0000016792bdc000 JavaThread "Asynchronous log dispatcher for DefaultDaemonConnection: socket connection from /127.0.0.1:58736 to /127.0.0.1:58737" [_thread_blocked, id=10592, stack(0x00000035fcb00000,0x00000035fcc00000)]
  0x0000016792b90000 JavaThread "Stdin handler" [_thread_blocked, id=9248, stack(0x00000035fcc00000,0x00000035fcd00000)]
  0x00000167927bb000 JavaThread "Daemon client event forwarder" [_thread_blocked, id=11652, stack(0x00000035fcd00000,0x00000035fce00000)]
  0x00000167927b7800 JavaThread "Cache worker for file hash cache (C:\Users\lenovo\.gradle\caches\6.8\fileHashes)" [_thread_blocked, id=12220, stack(0x00000035fce00000,0x00000035fcf00000)]
  0x00000167927b5800 JavaThread "File lock request listener" [_thread_in_native, id=12708, stack(0x00000035fcf00000,0x00000035fd000000)]
  0x00000167927b7000 JavaThread "Cache worker for journal cache (C:\Users\lenovo\.gradle\caches\journal-1)" [_thread_blocked, id=11292, stack(0x00000035fd000000,0x00000035fd100000)]
  0x00000167927bc000 JavaThread "Cache worker for file hash cache (C:\Users\lenovo\IdeaProjects\Android\Kotlin\Kotlin Koans1\.gradle\6.8\fileHashes)" [_thread_blocked, id=11356, stack(0x00000035fd100000,0x00000035fd200000)]
  0x00000167927b6000 JavaThread "Cache worker for checksums cache (C:\Users\lenovo\IdeaProjects\Android\Kotlin\Kotlin Koans1\.gradle\checksums)" [_thread_blocked, id=14684, stack(0x00000035fd200000,0x00000035fd300000)]
  0x00000167927b8800 JavaThread "Cache worker for cache directory md-supplier (C:\Users\lenovo\.gradle\caches\6.8\md-supplier)" [_thread_blocked, id=8292, stack(0x00000035fd300000,0x00000035fd400000)]
  0x00000167927b9800 JavaThread "Cache worker for cache directory md-rule (C:\Users\lenovo\.gradle\caches\6.8\md-rule)" [_thread_blocked, id=11956, stack(0x00000035fd400000,0x00000035fd500000)]
  0x00000167927ba000 JavaThread "Cache worker for execution history cache (C:\Users\lenovo\.gradle\caches\6.8\executionHistory)" [_thread_blocked, id=5428, stack(0x00000035fd500000,0x00000035fd600000)]
  0x00000167950c3000 JavaThread "jar transforms" [_thread_blocked, id=124, stack(0x00000035fd600000,0x00000035fd700000)]
  0x00000167950c0000 JavaThread "Cache worker for file content cache (C:\Users\lenovo\.gradle\caches\6.8\fileContent)" [_thread_blocked, id=2000, stack(0x00000035fd700000,0x00000035fd800000)]
  0x00000167950bd800 JavaThread "Cache worker for Build Output Cleanup Cache (C:\Users\lenovo\IdeaProjects\Android\Kotlin\Kotlin Koans1\.gradle\buildOutputCleanup)" [_thread_blocked, id=1292, stack(0x00000035fd800000,0x00000035fd900000)]
  0x00000167950bf000 JavaThread "Build operations" [_thread_blocked, id=13684, stack(0x00000035fd900000,0x00000035fda00000)]
  0x00000167950c1800 JavaThread "Build operations Thread 2" [_thread_blocked, id=11304, stack(0x00000035fda00000,0x00000035fdb00000)]
  0x00000167950c4000 JavaThread "Build operations Thread 3" [_thread_blocked, id=1060, stack(0x00000035fdb00000,0x00000035fdc00000)]
  0x00000167950be800 JavaThread "Build operations Thread 4" [_thread_blocked, id=14644, stack(0x00000035fdc00000,0x00000035fdd00000)]
  0x00000167950c5800 JavaThread "jar transforms Thread 2" [_thread_blocked, id=11244, stack(0x00000035fdd00000,0x00000035fde00000)]
  0x00000167950c9000 JavaThread "jar transforms Thread 3" [_thread_blocked, id=6440, stack(0x00000035fde00000,0x00000035fdf00000)]
  0x00000167950c6800 JavaThread "jar transforms Thread 4" [_thread_blocked, id=12280, stack(0x00000035fdf00000,0x00000035fe000000)]
  0x00000167950c7800 JavaThread "jar transforms Thread 5" [_thread_blocked, id=1152, stack(0x00000035fe000000,0x00000035fe100000)]
  0x00000167950c8000 JavaThread "jar transforms Thread 6" [_thread_blocked, id=14524, stack(0x00000035fe100000,0x00000035fe200000)]
  0x00000167950c9800 JavaThread "jar transforms Thread 7" [_thread_blocked, id=13488, stack(0x00000035fe200000,0x00000035fe300000)]
  0x00000167950ca800 JavaThread "jar transforms Thread 8" [_thread_blocked, id=12580, stack(0x00000035fe300000,0x00000035fe400000)]
  0x00000167950c5000 JavaThread "jar transforms Thread 9" [_thread_blocked, id=9688, stack(0x00000035fe400000,0x00000035fe500000)]
  0x00000167950cb800 JavaThread "jar transforms Thread 10" [_thread_blocked, id=8476, stack(0x00000035fe500000,0x00000035fe600000)]
  0x00000167950cc000 JavaThread "jar transforms Thread 11" [_thread_blocked, id=2164, stack(0x00000035fe600000,0x00000035fe700000)]
  0x0000016795594000 JavaThread "jar transforms Thread 12" [_thread_blocked, id=11712, stack(0x00000035fe700000,0x00000035fe800000)]
  0x0000016795593000 JavaThread "jar transforms Thread 13" [_thread_blocked, id=13344, stack(0x00000035fe800000,0x00000035fe900000)]
  0x0000016795594800 JavaThread "jar transforms Thread 14" [_thread_blocked, id=15104, stack(0x00000035fe900000,0x00000035fea00000)]
  0x0000016795595800 JavaThread "jar transforms Thread 15" [_thread_blocked, id=8992, stack(0x00000035fea00000,0x00000035feb00000)]
  0x0000016795596000 JavaThread "jar transforms Thread 16" [_thread_blocked, id=12032, stack(0x00000035feb00000,0x00000035fec00000)]
  0x0000016795590800 JavaThread "jar transforms Thread 17" [_thread_blocked, id=7488, stack(0x00000035fec00000,0x00000035fed00000)]
  0x0000016795597000 JavaThread "Memory manager" [_thread_blocked, id=13660, stack(0x00000035fed00000,0x00000035fee00000)]

Other Threads:
  0x00000167ff334000 VMThread "VM Thread" [stack: 0x00000035fb400000,0x00000035fb500000] [id=11208]
  0x00000167ffd86000 WatcherThread [stack: 0x00000035fbe00000,0x00000035fbf00000] [id=9088]
  0x00000167f5413000 GCTaskThread "GC Thread#0" [stack: 0x00000035faf00000,0x00000035fb000000] [id=10280]
  0x00000167fff08800 GCTaskThread "GC Thread#1" [stack: 0x00000035fbf00000,0x00000035fc000000] [id=14712]
  0x00000167911f4800 GCTaskThread "GC Thread#2" [stack: 0x00000035fc000000,0x00000035fc100000] [id=11828]
  0x00000167911f5000 GCTaskThread "GC Thread#3" [stack: 0x00000035fc100000,0x00000035fc200000] [id=7656]
  0x00000167f5427000 ConcurrentGCThread "G1 Main Marker" [stack: 0x00000035fb000000,0x00000035fb100000] [id=10828]
  0x00000167f5429800 ConcurrentGCThread "G1 Conc#0" [stack: 0x00000035fb100000,0x00000035fb200000] [id=12236]
  0x00000167f54dd800 ConcurrentGCThread "G1 Refine#0" [stack: 0x00000035fb200000,0x00000035fb300000] [id=15052]
  0x00000167ff1d2800 ConcurrentGCThread "G1 Young RemSet Sampling" [stack: 0x00000035fb300000,0x00000035fb400000] [id=8928]

Threads with active compile tasks:
C2 CompilerThread0   7243 5565       4       java.util.regex.Pattern::compile (498 bytes)

VM state:not at safepoint (normal execution)

VM Mutex/Monitor currently owned by a thread: None

Heap address: 0x00000000e0000000, size: 512 MB, Compressed Oops mode: 32-bit
Narrow klass base: 0x0000000000000000, Narrow klass shift: 3
Compressed class space size: 260046848 Address: 0x0000000100000000

Heap:
 garbage-first heap   total 262144K, used 124901K [0x00000000e0000000, 0x0000000100000000)
  region size 1024K, 108 young (110592K), 17 survivors (17408K)
 Metaspace       used 51798K, capacity 53378K, committed 53528K, reserved 301056K
  class space    used 6639K, capacity 7209K, committed 7296K, reserved 253952K
Heap Regions: E=young(eden), S=young(survivor), O=old, HS=humongous(starts), HC=humongous(continues), CS=collection set, F=free, A=archive, TAMS=top-at-mark-start (previous, next)
|   0|0x00000000e0000000, 0x00000000e0100000, 0x00000000e0100000|100%| O|  |TAMS 0x00000000e0100000, 0x00000000e0000000| Untracked 
|   1|0x00000000e0100000, 0x00000000e0200000, 0x00000000e0200000|100%| O|  |TAMS 0x00000000e0200000, 0x00000000e0100000| Untracked 
|   2|0x00000000e0200000, 0x00000000e0300000, 0x00000000e0300000|100%| O|  |TAMS 0x00000000e0300000, 0x00000000e0200000| Untracked 
|   3|0x00000000e0300000, 0x00000000e0400000, 0x00000000e0400000|100%|HS|  |TAMS 0x00000000e0400000, 0x00000000e0300000| Complete 
|   4|0x00000000e0400000, 0x00000000e0500000, 0x00000000e0500000|100%|HC|  |TAMS 0x00000000e0500000, 0x00000000e0400000| Complete 
|   5|0x00000000e0500000, 0x00000000e0600000, 0x00000000e0600000|100%|HC|  |TAMS 0x00000000e0600000, 0x00000000e0500000| Complete 
|   6|0x00000000e0600000, 0x00000000e0700000, 0x00000000e0700000|100%| O|  |TAMS 0x00000000e0700000, 0x00000000e0600000| Untracked 
|   7|0x00000000e0700000, 0x00000000e0800000, 0x00000000e0800000|100%| O|  |TAMS 0x00000000e0800000, 0x00000000e0700000| Untracked 
|   8|0x00000000e0800000, 0x00000000e0900000, 0x00000000e0900000|100%| O|  |TAMS 0x00000000e0900000, 0x00000000e0800000| Untracked 
|   9|0x00000000e0900000, 0x00000000e0a00000, 0x00000000e0a00000|100%| O|  |TAMS 0x00000000e0a00000, 0x00000000e0900000| Untracked 
|  10|0x00000000e0a00000, 0x00000000e0b00000, 0x00000000e0b00000|100%| O|  |TAMS 0x00000000e0b00000, 0x00000000e0a00000| Untracked 
|  11|0x00000000e0b00000, 0x00000000e0c00000, 0x00000000e0c00000|100%| O|  |TAMS 0x00000000e0c00000, 0x00000000e0b00000| Untracked 
|  12|0x00000000e0c00000, 0x00000000e0cf9400, 0x00000000e0d00000| 97%| O|  |TAMS 0x00000000e0cf9400, 0x00000000e0c00000| Untracked 
|  13|0x00000000e0d00000, 0x00000000e0d00000, 0x00000000e0e00000|  0%| F|  |TAMS 0x00000000e0d00000, 0x00000000e0d00000| Untracked 
|  14|0x00000000e0e00000, 0x00000000e0e00000, 0x00000000e0f00000|  0%| F|  |TAMS 0x00000000e0e00000, 0x00000000e0e00000| Untracked 
|  15|0x00000000e0f00000, 0x00000000e0f00000, 0x00000000e1000000|  0%| F|  |TAMS 0x00000000e0f00000, 0x00000000e0f00000| Untracked 
|  16|0x00000000e1000000, 0x00000000e1000000, 0x00000000e1100000|  0%| F|  |TAMS 0x00000000e1000000, 0x00000000e1000000| Untracked 
|  17|0x00000000e1100000, 0x00000000e1200000, 0x00000000e1200000|100%|HS|  |TAMS 0x00000000e1200000, 0x00000000e1100000| Complete 
|  18|0x00000000e1200000, 0x00000000e1300000, 0x00000000e1300000|100%|HC|  |TAMS 0x00000000e1300000, 0x00000000e1200000| Complete 
|  19|0x00000000e1300000, 0x00000000e1300000, 0x00000000e1400000|  0%| F|  |TAMS 0x00000000e1300000, 0x00000000e1300000| Untracked 
|  20|0x00000000e1400000, 0x00000000e1400000, 0x00000000e1500000|  0%| F|  |TAMS 0x00000000e1400000, 0x00000000e1400000| Untracked 
|  21|0x00000000e1500000, 0x00000000e1500000, 0x00000000e1600000|  0%| F|  |TAMS 0x00000000e1500000, 0x00000000e1500000| Untracked 
|  22|0x00000000e1600000, 0x00000000e1600000, 0x00000000e1700000|  0%| F|  |TAMS 0x00000000e1600000, 0x00000000e1600000| Untracked 
|  23|0x00000000e1700000, 0x00000000e1700000, 0x00000000e1800000|  0%| F|  |TAMS 0x00000000e1700000, 0x00000000e1700000| Untracked 
|  24|0x00000000e1800000, 0x00000000e1800000, 0x00000000e1900000|  0%| F|  |TAMS 0x00000000e1800000, 0x00000000e1800000| Untracked 
|  25|0x00000000e1900000, 0x00000000e1900000, 0x00000000e1a00000|  0%| F|  |TAMS 0x00000000e1900000, 0x00000000e1900000| Untracked 
|  26|0x00000000e1a00000, 0x00000000e1a00000, 0x00000000e1b00000|  0%| F|  |TAMS 0x00000000e1a00000, 0x00000000e1a00000| Untracked 
|  27|0x00000000e1b00000, 0x00000000e1b00000, 0x00000000e1c00000|  0%| F|  |TAMS 0x00000000e1b00000, 0x00000000e1b00000| Untracked 
|  28|0x00000000e1c00000, 0x00000000e1c00000, 0x00000000e1d00000|  0%| F|  |TAMS 0x00000000e1c00000, 0x00000000e1c00000| Untracked 
|  29|0x00000000e1d00000, 0x00000000e1d00000, 0x00000000e1e00000|  0%| F|  |TAMS 0x00000000e1d00000, 0x00000000e1d00000| Untracked 
|  30|0x00000000e1e00000, 0x00000000e1e00000, 0x00000000e1f00000|  0%| F|  |TAMS 0x00000000e1e00000, 0x00000000e1e00000| Untracked 
|  31|0x00000000e1f00000, 0x00000000e1f00000, 0x00000000e2000000|  0%| F|  |TAMS 0x00000000e1f00000, 0x00000000e1f00000| Untracked 
|  32|0x00000000e2000000, 0x00000000e2000000, 0x00000000e2100000|  0%| F|  |TAMS 0x00000000e2000000, 0x00000000e2000000| Untracked 
|  33|0x00000000e2100000, 0x00000000e2100000, 0x00000000e2200000|  0%| F|  |TAMS 0x00000000e2100000, 0x00000000e2100000| Untracked 
|  34|0x00000000e2200000, 0x00000000e2200000, 0x00000000e2300000|  0%| F|  |TAMS 0x00000000e2200000, 0x00000000e2200000| Untracked 
|  35|0x00000000e2300000, 0x00000000e2300000, 0x00000000e2400000|  0%| F|  |TAMS 0x00000000e2300000, 0x00000000e2300000| Untracked 
|  36|0x00000000e2400000, 0x00000000e2400000, 0x00000000e2500000|  0%| F|  |TAMS 0x00000000e2400000, 0x00000000e2400000| Untracked 
|  37|0x00000000e2500000, 0x00000000e2500000, 0x00000000e2600000|  0%| F|  |TAMS 0x00000000e2500000, 0x00000000e2500000| Untracked 
|  38|0x00000000e2600000, 0x00000000e2600000, 0x00000000e2700000|  0%| F|  |TAMS 0x00000000e2600000, 0x00000000e2600000| Untracked 
|  39|0x00000000e2700000, 0x00000000e2700000, 0x00000000e2800000|  0%| F|  |TAMS 0x00000000e2700000, 0x00000000e2700000| Untracked 
|  40|0x00000000e2800000, 0x00000000e2800000, 0x00000000e2900000|  0%| F|  |TAMS 0x00000000e2800000, 0x00000000e2800000| Untracked 
|  41|0x00000000e2900000, 0x00000000e2900000, 0x00000000e2a00000|  0%| F|  |TAMS 0x00000000e2900000, 0x00000000e2900000| Untracked 
|  42|0x00000000e2a00000, 0x00000000e2a00000, 0x00000000e2b00000|  0%| F|  |TAMS 0x00000000e2a00000, 0x00000000e2a00000| Untracked 
|  43|0x00000000e2b00000, 0x00000000e2b00000, 0x00000000e2c00000|  0%| F|  |TAMS 0x00000000e2b00000, 0x00000000e2b00000| Untracked 
|  44|0x00000000e2c00000, 0x00000000e2c00000, 0x00000000e2d00000|  0%| F|  |TAMS 0x00000000e2c00000, 0x00000000e2c00000| Untracked 
|  45|0x00000000e2d00000, 0x00000000e2d00000, 0x00000000e2e00000|  0%| F|  |TAMS 0x00000000e2d00000, 0x00000000e2d00000| Untracked 
|  46|0x00000000e2e00000, 0x00000000e2e00000, 0x00000000e2f00000|  0%| F|  |TAMS 0x00000000e2e00000, 0x00000000e2e00000| Untracked 
|  47|0x00000000e2f00000, 0x00000000e2f00000, 0x00000000e3000000|  0%| F|  |TAMS 0x00000000e2f00000, 0x00000000e2f00000| Untracked 
|  48|0x00000000e3000000, 0x00000000e3000000, 0x00000000e3100000|  0%| F|  |TAMS 0x00000000e3000000, 0x00000000e3000000| Untracked 
|  49|0x00000000e3100000, 0x00000000e3100000, 0x00000000e3200000|  0%| F|  |TAMS 0x00000000e3100000, 0x00000000e3100000| Untracked 
|  50|0x00000000e3200000, 0x00000000e3200000, 0x00000000e3300000|  0%| F|  |TAMS 0x00000000e3200000, 0x00000000e3200000| Untracked 
|  51|0x00000000e3300000, 0x00000000e3300000, 0x00000000e3400000|  0%| F|  |TAMS 0x00000000e3300000, 0x00000000e3300000| Untracked 
|  52|0x00000000e3400000, 0x00000000e3400000, 0x00000000e3500000|  0%| F|  |TAMS 0x00000000e3400000, 0x00000000e3400000| Untracked 
|  53|0x00000000e3500000, 0x00000000e3500000, 0x00000000e3600000|  0%| F|  |TAMS 0x00000000e3500000, 0x00000000e3500000| Untracked 
|  54|0x00000000e3600000, 0x00000000e3600000, 0x00000000e3700000|  0%| F|  |TAMS 0x00000000e3600000, 0x00000000e3600000| Untracked 
|  55|0x00000000e3700000, 0x00000000e3700000, 0x00000000e3800000|  0%| F|  |TAMS 0x00000000e3700000, 0x00000000e3700000| Untracked 
|  56|0x00000000e3800000, 0x00000000e3800000, 0x00000000e3900000|  0%| F|  |TAMS 0x00000000e3800000, 0x00000000e3800000| Untracked 
|  57|0x00000000e3900000, 0x00000000e3900000, 0x00000000e3a00000|  0%| F|  |TAMS 0x00000000e3900000, 0x00000000e3900000| Untracked 
|  58|0x00000000e3a00000, 0x00000000e3a00000, 0x00000000e3b00000|  0%| F|  |TAMS 0x00000000e3a00000, 0x00000000e3a00000| Untracked 
|  59|0x00000000e3b00000, 0x00000000e3b00000, 0x00000000e3c00000|  0%| F|  |TAMS 0x00000000e3b00000, 0x00000000e3b00000| Untracked 
|  60|0x00000000e3c00000, 0x00000000e3c00000, 0x00000000e3d00000|  0%| F|  |TAMS 0x00000000e3c00000, 0x00000000e3c00000| Untracked 
|  61|0x00000000e3d00000, 0x00000000e3d00000, 0x00000000e3e00000|  0%| F|  |TAMS 0x00000000e3d00000, 0x00000000e3d00000| Untracked 
|  62|0x00000000e3e00000, 0x00000000e3e00000, 0x00000000e3f00000|  0%| F|  |TAMS 0x00000000e3e00000, 0x00000000e3e00000| Untracked 
|  63|0x00000000e3f00000, 0x00000000e3f00000, 0x00000000e4000000|  0%| F|  |TAMS 0x00000000e3f00000, 0x00000000e3f00000| Untracked 
|  64|0x00000000e4000000, 0x00000000e4000000, 0x00000000e4100000|  0%| F|  |TAMS 0x00000000e4000000, 0x00000000e4000000| Untracked 
|  65|0x00000000e4100000, 0x00000000e4100000, 0x00000000e4200000|  0%| F|  |TAMS 0x00000000e4100000, 0x00000000e4100000| Untracked 
|  66|0x00000000e4200000, 0x00000000e4200000, 0x00000000e4300000|  0%| F|  |TAMS 0x00000000e4200000, 0x00000000e4200000| Untracked 
|  67|0x00000000e4300000, 0x00000000e4300000, 0x00000000e4400000|  0%| F|  |TAMS 0x00000000e4300000, 0x00000000e4300000| Untracked 
|  68|0x00000000e4400000, 0x00000000e4400000, 0x00000000e4500000|  0%| F|  |TAMS 0x00000000e4400000, 0x00000000e4400000| Untracked 
|  69|0x00000000e4500000, 0x00000000e4500000, 0x00000000e4600000|  0%| F|  |TAMS 0x00000000e4500000, 0x00000000e4500000| Untracked 
|  70|0x00000000e4600000, 0x00000000e4600000, 0x00000000e4700000|  0%| F|  |TAMS 0x00000000e4600000, 0x00000000e4600000| Untracked 
|  71|0x00000000e4700000, 0x00000000e4700000, 0x00000000e4800000|  0%| F|  |TAMS 0x00000000e4700000, 0x00000000e4700000| Untracked 
|  72|0x00000000e4800000, 0x00000000e4800000, 0x00000000e4900000|  0%| F|  |TAMS 0x00000000e4800000, 0x00000000e4800000| Untracked 
|  73|0x00000000e4900000, 0x00000000e4900000, 0x00000000e4a00000|  0%| F|  |TAMS 0x00000000e4900000, 0x00000000e4900000| Untracked 
|  74|0x00000000e4a00000, 0x00000000e4a00000, 0x00000000e4b00000|  0%| F|  |TAMS 0x00000000e4a00000, 0x00000000e4a00000| Untracked 
|  75|0x00000000e4b00000, 0x00000000e4b00000, 0x00000000e4c00000|  0%| F|  |TAMS 0x00000000e4b00000, 0x00000000e4b00000| Untracked 
|  76|0x00000000e4c00000, 0x00000000e4c00000, 0x00000000e4d00000|  0%| F|  |TAMS 0x00000000e4c00000, 0x00000000e4c00000| Untracked 
|  77|0x00000000e4d00000, 0x00000000e4d00000, 0x00000000e4e00000|  0%| F|  |TAMS 0x00000000e4d00000, 0x00000000e4d00000| Untracked 
|  78|0x00000000e4e00000, 0x00000000e4e00000, 0x00000000e4f00000|  0%| F|  |TAMS 0x00000000e4e00000, 0x00000000e4e00000| Untracked 
|  79|0x00000000e4f00000, 0x00000000e4f00000, 0x00000000e5000000|  0%| F|  |TAMS 0x00000000e4f00000, 0x00000000e4f00000| Untracked 
|  80|0x00000000e5000000, 0x00000000e5000000, 0x00000000e5100000|  0%| F|  |TAMS 0x00000000e5000000, 0x00000000e5000000| Untracked 
|  81|0x00000000e5100000, 0x00000000e5100000, 0x00000000e5200000|  0%| F|  |TAMS 0x00000000e5100000, 0x00000000e5100000| Untracked 
|  82|0x00000000e5200000, 0x00000000e5200000, 0x00000000e5300000|  0%| F|  |TAMS 0x00000000e5200000, 0x00000000e5200000| Untracked 
|  83|0x00000000e5300000, 0x00000000e5300000, 0x00000000e5400000|  0%| F|  |TAMS 0x00000000e5300000, 0x00000000e5300000| Untracked 
|  84|0x00000000e5400000, 0x00000000e5400000, 0x00000000e5500000|  0%| F|  |TAMS 0x00000000e5400000, 0x00000000e5400000| Untracked 
|  85|0x00000000e5500000, 0x00000000e5500000, 0x00000000e5600000|  0%| F|  |TAMS 0x00000000e5500000, 0x00000000e5500000| Untracked 
|  86|0x00000000e5600000, 0x00000000e5700000, 0x00000000e5700000|100%| S|CS|TAMS 0x00000000e5600000, 0x00000000e5600000| Complete 
|  87|0x00000000e5700000, 0x00000000e5800000, 0x00000000e5800000|100%| S|CS|TAMS 0x00000000e5700000, 0x00000000e5700000| Complete 
|  88|0x00000000e5800000, 0x00000000e5900000, 0x00000000e5900000|100%| S|CS|TAMS 0x00000000e5800000, 0x00000000e5800000| Complete 
|  89|0x00000000e5900000, 0x00000000e5a00000, 0x00000000e5a00000|100%| S|CS|TAMS 0x00000000e5900000, 0x00000000e5900000| Complete 
|  90|0x00000000e5a00000, 0x00000000e5b00000, 0x00000000e5b00000|100%| S|CS|TAMS 0x00000000e5a00000, 0x00000000e5a00000| Complete 
|  91|0x00000000e5b00000, 0x00000000e5c00000, 0x00000000e5c00000|100%| S|CS|TAMS 0x00000000e5b00000, 0x00000000e5b00000| Complete 
|  92|0x00000000e5c00000, 0x00000000e5d00000, 0x00000000e5d00000|100%| S|CS|TAMS 0x00000000e5c00000, 0x00000000e5c00000| Complete 
|  93|0x00000000e5d00000, 0x00000000e5e00000, 0x00000000e5e00000|100%| S|CS|TAMS 0x00000000e5d00000, 0x00000000e5d00000| Complete 
|  94|0x00000000e5e00000, 0x00000000e5f00000, 0x00000000e5f00000|100%| S|CS|TAMS 0x00000000e5e00000, 0x00000000e5e00000| Complete 
|  95|0x00000000e5f00000, 0x00000000e6000000, 0x00000000e6000000|100%| S|CS|TAMS 0x00000000e5f00000, 0x00000000e5f00000| Complete 
|  96|0x00000000e6000000, 0x00000000e6100000, 0x00000000e6100000|100%| S|CS|TAMS 0x00000000e6000000, 0x00000000e6000000| Complete 
|  97|0x00000000e6100000, 0x00000000e6200000, 0x00000000e6200000|100%| S|CS|TAMS 0x00000000e6100000, 0x00000000e6100000| Complete 
|  98|0x00000000e6200000, 0x00000000e6300000, 0x00000000e6300000|100%| S|CS|TAMS 0x00000000e6200000, 0x00000000e6200000| Complete 
|  99|0x00000000e6300000, 0x00000000e6400000, 0x00000000e6400000|100%| S|CS|TAMS 0x00000000e6300000, 0x00000000e6300000| Complete 
| 100|0x00000000e6400000, 0x00000000e6500000, 0x00000000e6500000|100%| S|CS|TAMS 0x00000000e6400000, 0x00000000e6400000| Complete 
| 101|0x00000000e6500000, 0x00000000e6600000, 0x00000000e6600000|100%| S|CS|TAMS 0x00000000e6500000, 0x00000000e6500000| Complete 
| 102|0x00000000e6600000, 0x00000000e6700000, 0x00000000e6700000|100%| S|CS|TAMS 0x00000000e6600000, 0x00000000e6600000| Complete 
| 103|0x00000000e6700000, 0x00000000e6700000, 0x00000000e6800000|  0%| F|  |TAMS 0x00000000e6700000, 0x00000000e6700000| Untracked 
| 104|0x00000000e6800000, 0x00000000e6800000, 0x00000000e6900000|  0%| F|  |TAMS 0x00000000e6800000, 0x00000000e6800000| Untracked 
| 105|0x00000000e6900000, 0x00000000e6900000, 0x00000000e6a00000|  0%| F|  |TAMS 0x00000000e6900000, 0x00000000e6900000| Untracked 
| 106|0x00000000e6a00000, 0x00000000e6a00000, 0x00000000e6b00000|  0%| F|  |TAMS 0x00000000e6a00000, 0x00000000e6a00000| Untracked 
| 107|0x00000000e6b00000, 0x00000000e6b00000, 0x00000000e6c00000|  0%| F|  |TAMS 0x00000000e6b00000, 0x00000000e6b00000| Untracked 
| 108|0x00000000e6c00000, 0x00000000e6c00000, 0x00000000e6d00000|  0%| F|  |TAMS 0x00000000e6c00000, 0x00000000e6c00000| Untracked 
| 109|0x00000000e6d00000, 0x00000000e6d00000, 0x00000000e6e00000|  0%| F|  |TAMS 0x00000000e6d00000, 0x00000000e6d00000| Untracked 
| 110|0x00000000e6e00000, 0x00000000e6e00000, 0x00000000e6f00000|  0%| F|  |TAMS 0x00000000e6e00000, 0x00000000e6e00000| Untracked 
| 111|0x00000000e6f00000, 0x00000000e6f00000, 0x00000000e7000000|  0%| F|  |TAMS 0x00000000e6f00000, 0x00000000e6f00000| Untracked 
| 112|0x00000000e7000000, 0x00000000e7000000, 0x00000000e7100000|  0%| F|  |TAMS 0x00000000e7000000, 0x00000000e7000000| Untracked 
| 113|0x00000000e7100000, 0x00000000e7100000, 0x00000000e7200000|  0%| F|  |TAMS 0x00000000e7100000, 0x00000000e7100000| Untracked 
| 114|0x00000000e7200000, 0x00000000e7200000, 0x00000000e7300000|  0%| F|  |TAMS 0x00000000e7200000, 0x00000000e7200000| Untracked 
| 115|0x00000000e7300000, 0x00000000e7300000, 0x00000000e7400000|  0%| F|  |TAMS 0x00000000e7300000, 0x00000000e7300000| Untracked 
| 116|0x00000000e7400000, 0x00000000e7400000, 0x00000000e7500000|  0%| F|  |TAMS 0x00000000e7400000, 0x00000000e7400000| Untracked 
| 117|0x00000000e7500000, 0x00000000e7500000, 0x00000000e7600000|  0%| F|  |TAMS 0x00000000e7500000, 0x00000000e7500000| Untracked 
| 118|0x00000000e7600000, 0x00000000e7600000, 0x00000000e7700000|  0%| F|  |TAMS 0x00000000e7600000, 0x00000000e7600000| Untracked 
| 119|0x00000000e7700000, 0x00000000e7700000, 0x00000000e7800000|  0%| F|  |TAMS 0x00000000e7700000, 0x00000000e7700000| Untracked 
| 120|0x00000000e7800000, 0x00000000e7800000, 0x00000000e7900000|  0%| F|  |TAMS 0x00000000e7800000, 0x00000000e7800000| Untracked 
| 121|0x00000000e7900000, 0x00000000e7900000, 0x00000000e7a00000|  0%| F|  |TAMS 0x00000000e7900000, 0x00000000e7900000| Untracked 
| 122|0x00000000e7a00000, 0x00000000e7a00000, 0x00000000e7b00000|  0%| F|  |TAMS 0x00000000e7a00000, 0x00000000e7a00000| Untracked 
| 123|0x00000000e7b00000, 0x00000000e7b00000, 0x00000000e7c00000|  0%| F|  |TAMS 0x00000000e7b00000, 0x00000000e7b00000| Untracked 
| 124|0x00000000e7c00000, 0x00000000e7c00000, 0x00000000e7d00000|  0%| F|  |TAMS 0x00000000e7c00000, 0x00000000e7c00000| Untracked 
| 125|0x00000000e7d00000, 0x00000000e7d00000, 0x00000000e7e00000|  0%| F|  |TAMS 0x00000000e7d00000, 0x00000000e7d00000| Untracked 
| 126|0x00000000e7e00000, 0x00000000e7e00000, 0x00000000e7f00000|  0%| F|  |TAMS 0x00000000e7e00000, 0x00000000e7e00000| Untracked 
| 127|0x00000000e7f00000, 0x00000000e7f00000, 0x00000000e8000000|  0%| F|  |TAMS 0x00000000e7f00000, 0x00000000e7f00000| Untracked 
| 128|0x00000000e8000000, 0x00000000e8000000, 0x00000000e8100000|  0%| F|  |TAMS 0x00000000e8000000, 0x00000000e8000000| Untracked 
| 129|0x00000000e8100000, 0x00000000e8100000, 0x00000000e8200000|  0%| F|  |TAMS 0x00000000e8100000, 0x00000000e8100000| Untracked 
| 130|0x00000000e8200000, 0x00000000e8200000, 0x00000000e8300000|  0%| F|  |TAMS 0x00000000e8200000, 0x00000000e8200000| Untracked 
| 131|0x00000000e8300000, 0x00000000e8300000, 0x00000000e8400000|  0%| F|  |TAMS 0x00000000e8300000, 0x00000000e8300000| Untracked 
| 132|0x00000000e8400000, 0x00000000e8400000, 0x00000000e8500000|  0%| F|  |TAMS 0x00000000e8400000, 0x00000000e8400000| Untracked 
| 133|0x00000000e8500000, 0x00000000e8500000, 0x00000000e8600000|  0%| F|  |TAMS 0x00000000e8500000, 0x00000000e8500000| Untracked 
| 134|0x00000000e8600000, 0x00000000e8600000, 0x00000000e8700000|  0%| F|  |TAMS 0x00000000e8600000, 0x00000000e8600000| Untracked 
| 135|0x00000000e8700000, 0x00000000e8700000, 0x00000000e8800000|  0%| F|  |TAMS 0x00000000e8700000, 0x00000000e8700000| Untracked 
| 136|0x00000000e8800000, 0x00000000e8800000, 0x00000000e8900000|  0%| F|  |TAMS 0x00000000e8800000, 0x00000000e8800000| Untracked 
| 137|0x00000000e8900000, 0x00000000e8900000, 0x00000000e8a00000|  0%| F|  |TAMS 0x00000000e8900000, 0x00000000e8900000| Untracked 
| 138|0x00000000e8a00000, 0x00000000e8a00000, 0x00000000e8b00000|  0%| F|  |TAMS 0x00000000e8a00000, 0x00000000e8a00000| Untracked 
| 139|0x00000000e8b00000, 0x00000000e8b00000, 0x00000000e8c00000|  0%| F|  |TAMS 0x00000000e8b00000, 0x00000000e8b00000| Untracked 
| 140|0x00000000e8c00000, 0x00000000e8c00000, 0x00000000e8d00000|  0%| F|  |TAMS 0x00000000e8c00000, 0x00000000e8c00000| Untracked 
| 141|0x00000000e8d00000, 0x00000000e8d00000, 0x00000000e8e00000|  0%| F|  |TAMS 0x00000000e8d00000, 0x00000000e8d00000| Untracked 
| 142|0x00000000e8e00000, 0x00000000e8e00000, 0x00000000e8f00000|  0%| F|  |TAMS 0x00000000e8e00000, 0x00000000e8e00000| Untracked 
| 143|0x00000000e8f00000, 0x00000000e8f00000, 0x00000000e9000000|  0%| F|  |TAMS 0x00000000e8f00000, 0x00000000e8f00000| Untracked 
| 144|0x00000000e9000000, 0x00000000e9000000, 0x00000000e9100000|  0%| F|  |TAMS 0x00000000e9000000, 0x00000000e9000000| Untracked 
| 145|0x00000000e9100000, 0x00000000e9100000, 0x00000000e9200000|  0%| F|  |TAMS 0x00000000e9100000, 0x00000000e9100000| Untracked 
| 146|0x00000000e9200000, 0x00000000e9200000, 0x00000000e9300000|  0%| F|  |TAMS 0x00000000e9200000, 0x00000000e9200000| Untracked 
| 147|0x00000000e9300000, 0x00000000e9300000, 0x00000000e9400000|  0%| F|  |TAMS 0x00000000e9300000, 0x00000000e9300000| Untracked 
| 148|0x00000000e9400000, 0x00000000e9400000, 0x00000000e9500000|  0%| F|  |TAMS 0x00000000e9400000, 0x00000000e9400000| Untracked 
| 149|0x00000000e9500000, 0x00000000e9500000, 0x00000000e9600000|  0%| F|  |TAMS 0x00000000e9500000, 0x00000000e9500000| Untracked 
| 150|0x00000000e9600000, 0x00000000e9600000, 0x00000000e9700000|  0%| F|  |TAMS 0x00000000e9600000, 0x00000000e9600000| Untracked 
| 151|0x00000000e9700000, 0x00000000e9700000, 0x00000000e9800000|  0%| F|  |TAMS 0x00000000e9700000, 0x00000000e9700000| Untracked 
| 152|0x00000000e9800000, 0x00000000e9800000, 0x00000000e9900000|  0%| F|  |TAMS 0x00000000e9800000, 0x00000000e9800000| Untracked 
| 153|0x00000000e9900000, 0x00000000e9900000, 0x00000000e9a00000|  0%| F|  |TAMS 0x00000000e9900000, 0x00000000e9900000| Untracked 
| 154|0x00000000e9a00000, 0x00000000e9a00000, 0x00000000e9b00000|  0%| F|  |TAMS 0x00000000e9a00000, 0x00000000e9a00000| Untracked 
| 155|0x00000000e9b00000, 0x00000000e9b00000, 0x00000000e9c00000|  0%| F|  |TAMS 0x00000000e9b00000, 0x00000000e9b00000| Untracked 
| 156|0x00000000e9c00000, 0x00000000e9c00000, 0x00000000e9d00000|  0%| F|  |TAMS 0x00000000e9c00000, 0x00000000e9c00000| Untracked 
| 157|0x00000000e9d00000, 0x00000000e9d00000, 0x00000000e9e00000|  0%| F|  |TAMS 0x00000000e9d00000, 0x00000000e9d00000| Untracked 
| 158|0x00000000e9e00000, 0x00000000e9e00000, 0x00000000e9f00000|  0%| F|  |TAMS 0x00000000e9e00000, 0x00000000e9e00000| Untracked 
| 159|0x00000000e9f00000, 0x00000000e9f00000, 0x00000000ea000000|  0%| F|  |TAMS 0x00000000e9f00000, 0x00000000e9f00000| Untracked 
| 160|0x00000000ea000000, 0x00000000ea000000, 0x00000000ea100000|  0%| F|  |TAMS 0x00000000ea000000, 0x00000000ea000000| Untracked 
| 161|0x00000000ea100000, 0x00000000ea100000, 0x00000000ea200000|  0%| F|  |TAMS 0x00000000ea100000, 0x00000000ea100000| Untracked 
| 162|0x00000000ea200000, 0x00000000ea200000, 0x00000000ea300000|  0%| F|  |TAMS 0x00000000ea200000, 0x00000000ea200000| Untracked 
| 163|0x00000000ea300000, 0x00000000ea300000, 0x00000000ea400000|  0%| F|  |TAMS 0x00000000ea300000, 0x00000000ea300000| Untracked 
| 164|0x00000000ea400000, 0x00000000ea400000, 0x00000000ea500000|  0%| F|  |TAMS 0x00000000ea400000, 0x00000000ea400000| Untracked 
| 165|0x00000000ea500000, 0x00000000ea600000, 0x00000000ea600000|100%| E|  |TAMS 0x00000000ea500000, 0x00000000ea500000| Complete 
| 166|0x00000000ea600000, 0x00000000ea700000, 0x00000000ea700000|100%| E|CS|TAMS 0x00000000ea600000, 0x00000000ea600000| Complete 
| 167|0x00000000ea700000, 0x00000000ea800000, 0x00000000ea800000|100%| E|CS|TAMS 0x00000000ea700000, 0x00000000ea700000| Complete 
| 168|0x00000000ea800000, 0x00000000ea900000, 0x00000000ea900000|100%| E|CS|TAMS 0x00000000ea800000, 0x00000000ea800000| Complete 
| 169|0x00000000ea900000, 0x00000000eaa00000, 0x00000000eaa00000|100%| E|CS|TAMS 0x00000000ea900000, 0x00000000ea900000| Complete 
| 170|0x00000000eaa00000, 0x00000000eab00000, 0x00000000eab00000|100%| E|CS|TAMS 0x00000000eaa00000, 0x00000000eaa00000| Complete 
| 171|0x00000000eab00000, 0x00000000eac00000, 0x00000000eac00000|100%| E|CS|TAMS 0x00000000eab00000, 0x00000000eab00000| Complete 
| 172|0x00000000eac00000, 0x00000000ead00000, 0x00000000ead00000|100%| E|CS|TAMS 0x00000000eac00000, 0x00000000eac00000| Complete 
| 173|0x00000000ead00000, 0x00000000eae00000, 0x00000000eae00000|100%| E|CS|TAMS 0x00000000ead00000, 0x00000000ead00000| Complete 
| 174|0x00000000eae00000, 0x00000000eaf00000, 0x00000000eaf00000|100%| E|CS|TAMS 0x00000000eae00000, 0x00000000eae00000| Complete 
| 175|0x00000000eaf00000, 0x00000000eb000000, 0x00000000eb000000|100%| E|CS|TAMS 0x00000000eaf00000, 0x00000000eaf00000| Complete 
| 176|0x00000000eb000000, 0x00000000eb100000, 0x00000000eb100000|100%| E|CS|TAMS 0x00000000eb000000, 0x00000000eb000000| Complete 
| 177|0x00000000eb100000, 0x00000000eb200000, 0x00000000eb200000|100%| E|CS|TAMS 0x00000000eb100000, 0x00000000eb100000| Complete 
| 178|0x00000000eb200000, 0x00000000eb300000, 0x00000000eb300000|100%| E|CS|TAMS 0x00000000eb200000, 0x00000000eb200000| Complete 
| 179|0x00000000eb300000, 0x00000000eb400000, 0x00000000eb400000|100%| E|CS|TAMS 0x00000000eb300000, 0x00000000eb300000| Complete 
| 180|0x00000000eb400000, 0x00000000eb500000, 0x00000000eb500000|100%| E|CS|TAMS 0x00000000eb400000, 0x00000000eb400000| Complete 
| 181|0x00000000eb500000, 0x00000000eb600000, 0x00000000eb600000|100%| E|CS|TAMS 0x00000000eb500000, 0x00000000eb500000| Complete 
| 182|0x00000000eb600000, 0x00000000eb700000, 0x00000000eb700000|100%| E|CS|TAMS 0x00000000eb600000, 0x00000000eb600000| Complete 
| 183|0x00000000eb700000, 0x00000000eb800000, 0x00000000eb800000|100%| E|CS|TAMS 0x00000000eb700000, 0x00000000eb700000| Complete 
| 184|0x00000000eb800000, 0x00000000eb900000, 0x00000000eb900000|100%| E|CS|TAMS 0x00000000eb800000, 0x00000000eb800000| Complete 
| 185|0x00000000eb900000, 0x00000000eba00000, 0x00000000eba00000|100%| E|CS|TAMS 0x00000000eb900000, 0x00000000eb900000| Complete 
| 186|0x00000000eba00000, 0x00000000ebb00000, 0x00000000ebb00000|100%| E|CS|TAMS 0x00000000eba00000, 0x00000000eba00000| Complete 
| 187|0x00000000ebb00000, 0x00000000ebc00000, 0x00000000ebc00000|100%| E|CS|TAMS 0x00000000ebb00000, 0x00000000ebb00000| Complete 
| 188|0x00000000ebc00000, 0x00000000ebd00000, 0x00000000ebd00000|100%| E|CS|TAMS 0x00000000ebc00000, 0x00000000ebc00000| Complete 
| 189|0x00000000ebd00000, 0x00000000ebe00000, 0x00000000ebe00000|100%| E|CS|TAMS 0x00000000ebd00000, 0x00000000ebd00000| Complete 
| 190|0x00000000ebe00000, 0x00000000ebf00000, 0x00000000ebf00000|100%| E|CS|TAMS 0x00000000ebe00000, 0x00000000ebe00000| Complete 
| 191|0x00000000ebf00000, 0x00000000ec000000, 0x00000000ec000000|100%| E|CS|TAMS 0x00000000ebf00000, 0x00000000ebf00000| Complete 
| 192|0x00000000ec000000, 0x00000000ec100000, 0x00000000ec100000|100%| E|CS|TAMS 0x00000000ec000000, 0x00000000ec000000| Complete 
| 193|0x00000000ec100000, 0x00000000ec200000, 0x00000000ec200000|100%| E|CS|TAMS 0x00000000ec100000, 0x00000000ec100000| Complete 
| 194|0x00000000ec200000, 0x00000000ec300000, 0x00000000ec300000|100%| E|CS|TAMS 0x00000000ec200000, 0x00000000ec200000| Complete 
| 195|0x00000000ec300000, 0x00000000ec400000, 0x00000000ec400000|100%| E|CS|TAMS 0x00000000ec300000, 0x00000000ec300000| Complete 
| 196|0x00000000ec400000, 0x00000000ec500000, 0x00000000ec500000|100%| E|CS|TAMS 0x00000000ec400000, 0x00000000ec400000| Complete 
| 197|0x00000000ec500000, 0x00000000ec600000, 0x00000000ec600000|100%| E|CS|TAMS 0x00000000ec500000, 0x00000000ec500000| Complete 
| 198|0x00000000ec600000, 0x00000000ec700000, 0x00000000ec700000|100%| E|CS|TAMS 0x00000000ec600000, 0x00000000ec600000| Complete 
| 199|0x00000000ec700000, 0x00000000ec800000, 0x00000000ec800000|100%| E|CS|TAMS 0x00000000ec700000, 0x00000000ec700000| Complete 
| 200|0x00000000ec800000, 0x00000000ec900000, 0x00000000ec900000|100%| E|CS|TAMS 0x00000000ec800000, 0x00000000ec800000| Complete 
| 201|0x00000000ec900000, 0x00000000eca00000, 0x00000000eca00000|100%| E|CS|TAMS 0x00000000ec900000, 0x00000000ec900000| Complete 
| 202|0x00000000eca00000, 0x00000000ecb00000, 0x00000000ecb00000|100%| E|CS|TAMS 0x00000000eca00000, 0x00000000eca00000| Complete 
| 203|0x00000000ecb00000, 0x00000000ecc00000, 0x00000000ecc00000|100%| E|CS|TAMS 0x00000000ecb00000, 0x00000000ecb00000| Complete 
| 204|0x00000000ecc00000, 0x00000000ecd00000, 0x00000000ecd00000|100%| E|CS|TAMS 0x00000000ecc00000, 0x00000000ecc00000| Complete 
| 205|0x00000000ecd00000, 0x00000000ece00000, 0x00000000ece00000|100%| E|CS|TAMS 0x00000000ecd00000, 0x00000000ecd00000| Complete 
| 206|0x00000000ece00000, 0x00000000ecf00000, 0x00000000ecf00000|100%| E|CS|TAMS 0x00000000ece00000, 0x00000000ece00000| Complete 
| 207|0x00000000ecf00000, 0x00000000ed000000, 0x00000000ed000000|100%| E|CS|TAMS 0x00000000ecf00000, 0x00000000ecf00000| Complete 
| 208|0x00000000ed000000, 0x00000000ed100000, 0x00000000ed100000|100%| E|CS|TAMS 0x00000000ed000000, 0x00000000ed000000| Complete 
| 209|0x00000000ed100000, 0x00000000ed200000, 0x00000000ed200000|100%| E|CS|TAMS 0x00000000ed100000, 0x00000000ed100000| Complete 
| 210|0x00000000ed200000, 0x00000000ed300000, 0x00000000ed300000|100%| E|CS|TAMS 0x00000000ed200000, 0x00000000ed200000| Complete 
| 211|0x00000000ed300000, 0x00000000ed400000, 0x00000000ed400000|100%| E|CS|TAMS 0x00000000ed300000, 0x00000000ed300000| Complete 
| 212|0x00000000ed400000, 0x00000000ed500000, 0x00000000ed500000|100%| E|CS|TAMS 0x00000000ed400000, 0x00000000ed400000| Complete 
| 213|0x00000000ed500000, 0x00000000ed600000, 0x00000000ed600000|100%| E|CS|TAMS 0x00000000ed500000, 0x00000000ed500000| Complete 
| 214|0x00000000ed600000, 0x00000000ed700000, 0x00000000ed700000|100%| E|CS|TAMS 0x00000000ed600000, 0x00000000ed600000| Complete 
| 215|0x00000000ed700000, 0x00000000ed800000, 0x00000000ed800000|100%| E|CS|TAMS 0x00000000ed700000, 0x00000000ed700000| Complete 
| 216|0x00000000ed800000, 0x00000000ed900000, 0x00000000ed900000|100%| E|CS|TAMS 0x00000000ed800000, 0x00000000ed800000| Complete 
| 217|0x00000000ed900000, 0x00000000eda00000, 0x00000000eda00000|100%| E|CS|TAMS 0x00000000ed900000, 0x00000000ed900000| Complete 
| 218|0x00000000eda00000, 0x00000000edb00000, 0x00000000edb00000|100%| E|CS|TAMS 0x00000000eda00000, 0x00000000eda00000| Complete 
| 219|0x00000000edb00000, 0x00000000edc00000, 0x00000000edc00000|100%| E|CS|TAMS 0x00000000edb00000, 0x00000000edb00000| Complete 
| 220|0x00000000edc00000, 0x00000000edd00000, 0x00000000edd00000|100%| E|CS|TAMS 0x00000000edc00000, 0x00000000edc00000| Complete 
| 221|0x00000000edd00000, 0x00000000ede00000, 0x00000000ede00000|100%| E|CS|TAMS 0x00000000edd00000, 0x00000000edd00000| Complete 
| 222|0x00000000ede00000, 0x00000000edf00000, 0x00000000edf00000|100%| E|CS|TAMS 0x00000000ede00000, 0x00000000ede00000| Complete 
| 223|0x00000000edf00000, 0x00000000ee000000, 0x00000000ee000000|100%| E|CS|TAMS 0x00000000edf00000, 0x00000000edf00000| Complete 
| 224|0x00000000ee000000, 0x00000000ee100000, 0x00000000ee100000|100%| E|CS|TAMS 0x00000000ee000000, 0x00000000ee000000| Complete 
| 225|0x00000000ee100000, 0x00000000ee200000, 0x00000000ee200000|100%| E|CS|TAMS 0x00000000ee100000, 0x00000000ee100000| Complete 
| 226|0x00000000ee200000, 0x00000000ee300000, 0x00000000ee300000|100%| E|CS|TAMS 0x00000000ee200000, 0x00000000ee200000| Complete 
| 227|0x00000000ee300000, 0x00000000ee400000, 0x00000000ee400000|100%| E|CS|TAMS 0x00000000ee300000, 0x00000000ee300000| Complete 
| 228|0x00000000ee400000, 0x00000000ee500000, 0x00000000ee500000|100%| E|CS|TAMS 0x00000000ee400000, 0x00000000ee400000| Complete 
| 229|0x00000000ee500000, 0x00000000ee600000, 0x00000000ee600000|100%| E|CS|TAMS 0x00000000ee500000, 0x00000000ee500000| Complete 
| 230|0x00000000ee600000, 0x00000000ee700000, 0x00000000ee700000|100%| E|CS|TAMS 0x00000000ee600000, 0x00000000ee600000| Complete 
| 231|0x00000000ee700000, 0x00000000ee800000, 0x00000000ee800000|100%| E|CS|TAMS 0x00000000ee700000, 0x00000000ee700000| Complete 
| 232|0x00000000ee800000, 0x00000000ee900000, 0x00000000ee900000|100%| E|CS|TAMS 0x00000000ee800000, 0x00000000ee800000| Complete 
| 233|0x00000000ee900000, 0x00000000eea00000, 0x00000000eea00000|100%| E|CS|TAMS 0x00000000ee900000, 0x00000000ee900000| Complete 
| 234|0x00000000eea00000, 0x00000000eeb00000, 0x00000000eeb00000|100%| E|CS|TAMS 0x00000000eea00000, 0x00000000eea00000| Complete 
| 235|0x00000000eeb00000, 0x00000000eec00000, 0x00000000eec00000|100%| E|CS|TAMS 0x00000000eeb00000, 0x00000000eeb00000| Complete 
| 236|0x00000000eec00000, 0x00000000eed00000, 0x00000000eed00000|100%| E|CS|TAMS 0x00000000eec00000, 0x00000000eec00000| Complete 
| 237|0x00000000eed00000, 0x00000000eee00000, 0x00000000eee00000|100%| E|CS|TAMS 0x00000000eed00000, 0x00000000eed00000| Complete 
| 238|0x00000000eee00000, 0x00000000eef00000, 0x00000000eef00000|100%| E|CS|TAMS 0x00000000eee00000, 0x00000000eee00000| Complete 
| 239|0x00000000eef00000, 0x00000000ef000000, 0x00000000ef000000|100%| E|CS|TAMS 0x00000000eef00000, 0x00000000eef00000| Complete 
| 240|0x00000000ef000000, 0x00000000ef100000, 0x00000000ef100000|100%| E|CS|TAMS 0x00000000ef000000, 0x00000000ef000000| Complete 
| 241|0x00000000ef100000, 0x00000000ef200000, 0x00000000ef200000|100%| E|CS|TAMS 0x00000000ef100000, 0x00000000ef100000| Complete 
| 242|0x00000000ef200000, 0x00000000ef300000, 0x00000000ef300000|100%| E|CS|TAMS 0x00000000ef200000, 0x00000000ef200000| Complete 
| 243|0x00000000ef300000, 0x00000000ef400000, 0x00000000ef400000|100%| E|CS|TAMS 0x00000000ef300000, 0x00000000ef300000| Complete 
| 244|0x00000000ef400000, 0x00000000ef500000, 0x00000000ef500000|100%| E|CS|TAMS 0x00000000ef400000, 0x00000000ef400000| Complete 
| 245|0x00000000ef500000, 0x00000000ef600000, 0x00000000ef600000|100%| E|CS|TAMS 0x00000000ef500000, 0x00000000ef500000| Complete 
| 246|0x00000000ef600000, 0x00000000ef700000, 0x00000000ef700000|100%| E|CS|TAMS 0x00000000ef600000, 0x00000000ef600000| Complete 
| 247|0x00000000ef700000, 0x00000000ef800000, 0x00000000ef800000|100%| E|CS|TAMS 0x00000000ef700000, 0x00000000ef700000| Complete 
| 248|0x00000000ef800000, 0x00000000ef900000, 0x00000000ef900000|100%| E|CS|TAMS 0x00000000ef800000, 0x00000000ef800000| Complete 
| 249|0x00000000ef900000, 0x00000000efa00000, 0x00000000efa00000|100%| E|CS|TAMS 0x00000000ef900000, 0x00000000ef900000| Complete 
| 250|0x00000000efa00000, 0x00000000efb00000, 0x00000000efb00000|100%| E|CS|TAMS 0x00000000efa00000, 0x00000000efa00000| Complete 
| 251|0x00000000efb00000, 0x00000000efc00000, 0x00000000efc00000|100%| E|CS|TAMS 0x00000000efb00000, 0x00000000efb00000| Complete 
| 252|0x00000000efc00000, 0x00000000efd00000, 0x00000000efd00000|100%| E|CS|TAMS 0x00000000efc00000, 0x00000000efc00000| Complete 
| 253|0x00000000efd00000, 0x00000000efe00000, 0x00000000efe00000|100%| E|CS|TAMS 0x00000000efd00000, 0x00000000efd00000| Complete 
| 254|0x00000000efe00000, 0x00000000eff00000, 0x00000000eff00000|100%| E|CS|TAMS 0x00000000efe00000, 0x00000000efe00000| Complete 
| 255|0x00000000eff00000, 0x00000000f0000000, 0x00000000f0000000|100%| E|CS|TAMS 0x00000000eff00000, 0x00000000eff00000| Complete 

Card table byte_map: [0x00000167fdb20000,0x00000167fdc20000] _byte_map_base: 0x00000167fd420000

Marking Bits (Prev, Next): (CMBitMap*) 0x00000167f54244d0, (CMBitMap*) 0x00000167f5424498
 Prev Bits: [0x00000167fe520000, 0x00000167fed20000)
 Next Bits: [0x00000167fdd20000, 0x00000167fe520000)

Polling page: 0x00000167f4be0000

Metaspace:

Usage:
  Non-class:     45.15 MB capacity,    44.12 MB ( 98%) used,   910.19 KB (  2%) free+waste,   146.19 KB ( <1%) overhead. 
      Class:      7.04 MB capacity,     6.49 MB ( 92%) used,   492.11 KB (  7%) free+waste,    70.75 KB ( <1%) overhead. 
       Both:     52.19 MB capacity,    50.61 MB ( 97%) used,     1.37 MB (  3%) free+waste,   216.94 KB ( <1%) overhead. 

Virtual space:
  Non-class space:       46.00 MB reserved,      45.40 MB ( 99%) committed 
      Class space:      248.00 MB reserved,       7.13 MB (  3%) committed 
             Both:      294.00 MB reserved,      52.52 MB ( 18%) committed 

Chunk freelists:
   Non-Class:  61.00 KB
       Class:  22.00 KB
        Both:  83.00 KB

MaxMetaspaceSize: 256.00 MB
CompressedClassSpaceSize: 248.00 MB
Initial GC threshold: 20.80 MB
Current GC threshold: 81.29 MB
CDS: off

CodeHeap 'non-profiled nmethods': size=120064Kb used=2414Kb max_used=2414Kb free=117649Kb
 bounds [0x0000016787ac0000, 0x0000016787d30000, 0x000001678f000000]
CodeHeap 'profiled nmethods': size=120000Kb used=12659Kb max_used=12659Kb free=107340Kb
 bounds [0x0000016780590000, 0x00000167811f0000, 0x0000016787ac0000]
CodeHeap 'non-nmethods': size=5696Kb used=2307Kb max_used=2347Kb free=3388Kb
 bounds [0x0000016780000000, 0x0000016780270000, 0x0000016780590000]
 total_blobs=6426 nmethods=5633 adapters=705
 compilation: enabled
              stopped_count=0, restarted_count=0
 full_count=0

Compilation events (20 events):
Event: 7.213 Thread 0x00000167ffbcd800 nmethod 5635 0x00000167811df290 code [0x00000167811df460, 0x00000167811df6b8]
Event: 7.213 Thread 0x00000167ffbcd800 5636       2       org.gradle.api.internal.project.DefaultProject::depthCompare (14 bytes)
Event: 7.214 Thread 0x00000167ffbcd800 nmethod 5636 0x00000167811df890 code [0x00000167811dfa40, 0x00000167811dfbb8]
Event: 7.214 Thread 0x00000167ffbcd800 5637       2       com.google.common.primitives.Ints::compare (20 bytes)
Event: 7.214 Thread 0x00000167ffbcd800 nmethod 5637 0x00000167811dfc90 code [0x00000167811dfe40, 0x00000167811dff58]
Event: 7.214 Thread 0x00000167ffbcd800 5639       2       org.gradle.util.GUtil$1::compare (13 bytes)
Event: 7.214 Thread 0x00000167ffbcd800 nmethod 5639 0x00000167811e0010 code [0x00000167811e01e0, 0x00000167811e03b8]
Event: 7.217 Thread 0x00000167ffbcd800 5640       2       com.sun.beans.WeakCache::get (42 bytes)
Event: 7.217 Thread 0x00000167ffbcd800 nmethod 5640 0x00000167811e0510 code [0x00000167811e06e0, 0x00000167811e08c8]
Event: 7.221 Thread 0x00000167ffbcd800 5643       1       org.codehaus.groovy.runtime.callsite.AbstractCallSite::getIndex (5 bytes)
Event: 7.221 Thread 0x00000167ffbcd800 nmethod 5643 0x0000016787d19d10 code [0x0000016787d19ec0, 0x0000016787d19f78]
Event: 7.222 Thread 0x00000167ffbcd800 5644   !   2       sun.reflect.misc.ReflectUtil::isPackageAccessible (12 bytes)
Event: 7.223 Thread 0x00000167ffbcd800 nmethod 5644 0x00000167811e0a10 code [0x00000167811e0bc0, 0x00000167811e0d08]
Event: 7.225 Thread 0x00000167ffbcd800 5645 %     3       java.util.Formatter::checkText @ 2 (58 bytes)
Event: 7.226 Thread 0x00000167ffbcd800 nmethod 5645% 0x00000167811e0e10 code [0x00000167811e10c0, 0x00000167811e1e18]
Event: 7.226 Thread 0x00000167ffbcd800 5646       2       org.gradle.internal.metaobject.AbstractDynamicObject::getProperty (24 bytes)
Event: 7.226 Thread 0x00000167ffbcd800 nmethod 5646 0x00000167811e2390 code [0x00000167811e2580, 0x00000167811e2808]
Event: 7.227 Thread 0x00000167ffbcd800 5647       2       org.codehaus.groovy.runtime.callsite.AbstractCallSite::callGetProperty (12 bytes)
Event: 7.227 Thread 0x00000167ffbcd800 nmethod 5647 0x00000167811e2990 code [0x00000167811e2b60, 0x00000167811e2cb8]
Event: 7.227 Thread 0x00000167ffbcd800 5648       2       jdk.internal.misc.Unsafe::defineClass (39 bytes)

GC Heap History (16 events):
Event: 0.350 GC heap before
{Heap before GC invocations=0 (full 0):
 garbage-first heap   total 262144K, used 19456K [0x00000000e0000000, 0x0000000100000000)
  region size 1024K, 14 young (14336K), 0 survivors (0K)
 Metaspace       used 7400K, capacity 7583K, committed 7680K, reserved 262144K
  class space    used 672K, capacity 716K, committed 768K, reserved 253952K
}
Event: 0.354 GC heap after
{Heap after GC invocations=1 (full 0):
 garbage-first heap   total 262144K, used 8329K [0x00000000e0000000, 0x0000000100000000)
  region size 1024K, 2 young (2048K), 2 survivors (2048K)
 Metaspace       used 7400K, capacity 7583K, committed 7680K, reserved 262144K
  class space    used 672K, capacity 716K, committed 768K, reserved 253952K
}
Event: 0.603 GC heap before
{Heap before GC invocations=1 (full 0):
 garbage-first heap   total 262144K, used 20617K [0x00000000e0000000, 0x0000000100000000)
  region size 1024K, 14 young (14336K), 2 survivors (2048K)
 Metaspace       used 10510K, capacity 10709K, committed 11008K, reserved 264192K
  class space    used 1100K, capacity 1164K, committed 1280K, reserved 253952K
}
Event: 0.606 GC heap after
{Heap after GC invocations=2 (full 0):
 garbage-first heap   total 262144K, used 9121K [0x00000000e0000000, 0x0000000100000000)
  region size 1024K, 1 young (1024K), 1 survivors (1024K)
 Metaspace       used 10510K, capacity 10709K, committed 11008K, reserved 264192K
  class space    used 1100K, capacity 1164K, committed 1280K, reserved 253952K
}
Event: 0.943 GC heap before
{Heap before GC invocations=2 (full 0):
 garbage-first heap   total 262144K, used 39841K [0x00000000e0000000, 0x0000000100000000)
  region size 1024K, 31 young (31744K), 1 survivors (1024K)
 Metaspace       used 10692K, capacity 10901K, committed 11264K, reserved 264192K
  class space    used 1105K, capacity 1164K, committed 1280K, reserved 253952K
}
Event: 0.946 GC heap after
{Heap after GC invocations=3 (full 0):
 garbage-first heap   total 262144K, used 13260K [0x00000000e0000000, 0x0000000100000000)
  region size 1024K, 4 young (4096K), 4 survivors (4096K)
 Metaspace       used 10692K, capacity 10901K, committed 11264K, reserved 264192K
  class space    used 1105K, capacity 1164K, committed 1280K, reserved 253952K
}
Event: 1.796 GC heap before
{Heap before GC invocations=3 (full 0):
 garbage-first heap   total 262144K, used 57292K [0x00000000e0000000, 0x0000000100000000)
  region size 1024K, 47 young (48128K), 4 survivors (4096K)
 Metaspace       used 18703K, capacity 19102K, committed 19328K, reserved 272384K
  class space    used 2265K, capacity 2414K, committed 2432K, reserved 253952K
}
Event: 1.801 GC heap after
{Heap after GC invocations=4 (full 0):
 garbage-first heap   total 262144K, used 16052K [0x00000000e0000000, 0x0000000100000000)
  region size 1024K, 3 young (3072K), 3 survivors (3072K)
 Metaspace       used 18703K, capacity 19102K, committed 19328K, reserved 272384K
  class space    used 2265K, capacity 2414K, committed 2432K, reserved 253952K
}
Event: 1.955 GC heap before
{Heap before GC invocations=4 (full 0):
 garbage-first heap   total 262144K, used 27316K [0x00000000e0000000, 0x0000000100000000)
  region size 1024K, 15 young (15360K), 3 survivors (3072K)
 Metaspace       used 20614K, capacity 21098K, committed 21248K, reserved 272384K
  class space    used 2533K, capacity 2702K, committed 2816K, reserved 253952K
}
Event: 1.959 GC heap after
{Heap after GC invocations=5 (full 0):
 garbage-first heap   total 262144K, used 16471K [0x00000000e0000000, 0x0000000100000000)
  region size 1024K, 4 young (4096K), 4 survivors (4096K)
 Metaspace       used 20614K, capacity 21098K, committed 21248K, reserved 272384K
  class space    used 2533K, capacity 2702K, committed 2816K, reserved 253952K
}
Event: 2.699 GC heap before
{Heap before GC invocations=6 (full 0):
 garbage-first heap   total 262144K, used 76887K [0x00000000e0000000, 0x0000000100000000)
  region size 1024K, 63 young (64512K), 4 survivors (4096K)
 Metaspace       used 26621K, capacity 27215K, committed 27392K, reserved 278528K
  class space    used 3507K, capacity 3724K, committed 3840K, reserved 253952K
}
Event: 2.706 GC heap after
{Heap after GC invocations=7 (full 0):
 garbage-first heap   total 262144K, used 18682K [0x00000000e0000000, 0x0000000100000000)
  region size 1024K, 6 young (6144K), 6 survivors (6144K)
 Metaspace       used 26621K, capacity 27215K, committed 27392K, reserved 278528K
  class space    used 3507K, capacity 3724K, committed 3840K, reserved 253952K
}
Event: 3.408 GC heap before
{Heap before GC invocations=7 (full 0):
 garbage-first heap   total 262144K, used 67834K [0x00000000e0000000, 0x0000000100000000)
  region size 1024K, 56 young (57344K), 6 survivors (6144K)
 Metaspace       used 35067K, capacity 35761K, committed 35840K, reserved 286720K
  class space    used 4567K, capacity 4825K, committed 4864K, reserved 253952K
}
Event: 3.421 GC heap after
{Heap after GC invocations=8 (full 0):
 garbage-first heap   total 262144K, used 22381K [0x00000000e0000000, 0x0000000100000000)
  region size 1024K, 9 young (9216K), 9 survivors (9216K)
 Metaspace       used 35067K, capacity 35761K, committed 35840K, reserved 286720K
  class space    used 4567K, capacity 4825K, committed 4864K, reserved 253952K
}
Event: 5.750 GC heap before
{Heap before GC invocations=9 (full 0):
 garbage-first heap   total 262144K, used 174957K [0x00000000e0000000, 0x0000000100000000)
  region size 1024K, 153 young (156672K), 9 survivors (9216K)
 Metaspace       used 48317K, capacity 49574K, committed 49688K, reserved 296960K
  class space    used 6248K, capacity 6715K, committed 6784K, reserved 253952K
}
Event: 5.774 GC heap after
{Heap after GC invocations=10 (full 0):
 garbage-first heap   total 262144K, used 32741K [0x00000000e0000000, 0x0000000100000000)
  region size 1024K, 17 young (17408K), 17 survivors (17408K)
 Metaspace       used 48317K, capacity 49574K, committed 49688K, reserved 296960K
  class space    used 6248K, capacity 6715K, committed 6784K, reserved 253952K
}

Deoptimization events (20 events):
Event: 6.015 Thread 0x0000016792bda000 DEOPT PACKING pc=0x0000016787c37668 sp=0x00000035fcaf3ec0
Event: 6.015 Thread 0x0000016792bda000 DEOPT UNPACKING pc=0x00000167800085af sp=0x00000035fcaf3e78 mode 2
Event: 6.057 Thread 0x0000016792bda000 Uncommon trap: trap_request=0xffffff4d fr.pc=0x0000016787c67b6c relative=0x00000000000001cc
Event: 6.057 Thread 0x0000016792bda000 Uncommon trap: reason=unstable_if action=reinterpret pc=0x0000016787c67b6c method=java.util.ArrayDeque.addLast(Ljava/lang/Object;)V @ 42 c2
Event: 6.058 Thread 0x0000016792bda000 DEOPT PACKING pc=0x0000016787c67b6c sp=0x00000035fcaf3a70
Event: 6.058 Thread 0x0000016792bda000 DEOPT UNPACKING pc=0x00000167800085af sp=0x00000035fcaf3a20 mode 2
Event: 6.400 Thread 0x0000016792bda000 Uncommon trap: trap_request=0xffffff4d fr.pc=0x0000016787c9aed8 relative=0x00000000000015f8
Event: 6.400 Thread 0x0000016792bda000 Uncommon trap: reason=unstable_if action=reinterpret pc=0x0000016787c9aed8 method=org.codehaus.groovy.runtime.metaclass.MetaMethodIndex.isNonRealMethod(Lgroovy/lang/MetaMethod;)Z @ 4 c2
Event: 6.400 Thread 0x0000016792bda000 DEOPT PACKING pc=0x0000016787c9aed8 sp=0x00000035fcaf7360
Event: 6.400 Thread 0x0000016792bda000 DEOPT UNPACKING pc=0x00000167800085af sp=0x00000035fcaf72c0 mode 2
Event: 6.778 Thread 0x0000016792bda000 DEOPT PACKING pc=0x0000016780c3798e sp=0x00000035fcaf5570
Event: 6.778 Thread 0x0000016792bda000 DEOPT UNPACKING pc=0x0000016780049d0e sp=0x00000035fcaf4ab8 mode 0
Event: 6.862 Thread 0x0000016792bda000 DEOPT PACKING pc=0x0000016780f45945 sp=0x00000035fcaf57a0
Event: 6.862 Thread 0x0000016792bda000 DEOPT UNPACKING pc=0x0000016780049d0e sp=0x00000035fcaf4cc0 mode 0
Event: 6.879 Thread 0x0000016792bda000 DEOPT PACKING pc=0x0000016780f45924 sp=0x00000035fcaf57a0
Event: 6.879 Thread 0x0000016792bda000 DEOPT UNPACKING pc=0x0000016780049d0e sp=0x00000035fcaf4cc0 mode 0
Event: 7.054 Thread 0x0000016792bda000 Uncommon trap: trap_request=0xffffff4d fr.pc=0x0000016787cf310c relative=0x00000000000001cc
Event: 7.054 Thread 0x0000016792bda000 Uncommon trap: reason=unstable_if action=reinterpret pc=0x0000016787cf310c method=org.gradle.internal.time.MonotonicClock.syncIsDue(JJJ)Z @ 7 c2
Event: 7.054 Thread 0x0000016792bda000 DEOPT PACKING pc=0x0000016787cf310c sp=0x00000035fcaf58e0
Event: 7.054 Thread 0x0000016792bda000 DEOPT UNPACKING pc=0x00000167800085af sp=0x00000035fcaf57d8 mode 2

Classes redefined (0 events):
No events

Internal exceptions (20 events):
Event: 6.401 Thread 0x0000016792bda000 Exception <a 'java/lang/ClassNotFoundException'{0x00000000ed84e9e8}: java/io/OutputStreamCustomizer> (0x00000000ed84e9e8) thrown at [./src/hotspot/share/classfile/systemDictionary.cpp, line 231]
Event: 6.401 Thread 0x0000016792bda000 Exception <a 'java/lang/ClassNotFoundException'{0x00000000ed859b30}: java/io/ByteArrayOutputStreamCustomizer> (0x00000000ed859b30) thrown at [./src/hotspot/share/classfile/systemDictionary.cpp, line 231]
Event: 6.404 Thread 0x0000016792bda000 Exception <a 'java/lang/ClassNotFoundException'{0x00000000ed896e78}: groovy/lang/ReferenceBeanInfo> (0x00000000ed896e78) thrown at [./src/hotspot/share/classfile/systemDictionary.cpp, line 231]
Event: 6.404 Thread 0x0000016792bda000 Exception <a 'java/lang/ClassNotFoundException'{0x00000000ed8b77d0}: groovy/lang/ReferenceCustomizer> (0x00000000ed8b77d0) thrown at [./src/hotspot/share/classfile/systemDictionary.cpp, line 231]
Event: 6.411 Thread 0x0000016792bda000 Exception <a 'java/lang/ClassNotFoundException'{0x00000000ed400210}: org/gradle/api/internal/tasks/DefaultTaskContainer_DecoratedBeanInfo> (0x00000000ed400210) thrown at [./src/hotspot/share/classfile/systemDictionary.cpp, line 231]
Event: 6.412 Thread 0x0000016792bda000 Exception <a 'java/lang/ClassNotFoundException'{0x00000000ed427520}: org/gradle/api/internal/tasks/DefaultTaskContainerBeanInfo> (0x00000000ed427520) thrown at [./src/hotspot/share/classfile/systemDictionary.cpp, line 231]
Event: 6.413 Thread 0x0000016792bda000 Exception <a 'java/lang/ClassNotFoundException'{0x00000000ed44f1d0}: org/gradle/api/internal/tasks/DefaultTaskCollectionBeanInfo> (0x00000000ed44f1d0) thrown at [./src/hotspot/share/classfile/systemDictionary.cpp, line 231]
Event: 6.413 Thread 0x0000016792bda000 Exception <a 'java/lang/ClassNotFoundException'{0x00000000ed476f50}: org/gradle/api/internal/tasks/DefaultTaskCollectionCustomizer> (0x00000000ed476f50) thrown at [./src/hotspot/share/classfile/systemDictionary.cpp, line 231]
Event: 6.415 Thread 0x0000016792bda000 Exception <a 'java/lang/ClassNotFoundException'{0x00000000ed4c8730}: org/gradle/api/internal/tasks/DefaultTaskContainerCustomizer> (0x00000000ed4c8730) thrown at [./src/hotspot/share/classfile/systemDictionary.cpp, line 231]
Event: 6.417 Thread 0x0000016792bda000 Exception <a 'java/lang/ClassNotFoundException'{0x00000000ed33c490}: org/gradle/api/internal/tasks/DefaultTaskContainer_DecoratedCustomizer> (0x00000000ed33c490) thrown at [./src/hotspot/share/classfile/systemDictionary.cpp, line 231]
Event: 6.445 Thread 0x0000016792bda000 Exception <a 'java/lang/ClassNotFoundException'{0x00000000ed04b7a0}: org/gradle/api/tasks/JavaExec_DecoratedBeanInfo> (0x00000000ed04b7a0) thrown at [./src/hotspot/share/classfile/systemDictionary.cpp, line 231]
Event: 6.446 Thread 0x0000016792bda000 Exception <a 'java/lang/ClassNotFoundException'{0x00000000ed076c90}: org/gradle/api/tasks/JavaExecBeanInfo> (0x00000000ed076c90) thrown at [./src/hotspot/share/classfile/systemDictionary.cpp, line 231]
Event: 6.446 Thread 0x0000016792bda000 Exception <a 'java/lang/ClassNotFoundException'{0x00000000ed0a2948}: org/gradle/api/tasks/JavaExecCustomizer> (0x00000000ed0a2948) thrown at [./src/hotspot/share/classfile/systemDictionary.cpp, line 231]
Event: 6.449 Thread 0x0000016792bda000 Exception <a 'java/lang/ClassNotFoundException'{0x00000000ecf244f8}: org/gradle/api/tasks/JavaExec_DecoratedCustomizer> (0x00000000ecf244f8) thrown at [./src/hotspot/share/classfile/systemDictionary.cpp, line 231]
Event: 7.216 Thread 0x0000016792bda000 Exception <a 'java/lang/ClassNotFoundException'{0x00000000ea79cfb8}: java/util/TreeSetBeanInfo> (0x00000000ea79cfb8) thrown at [./src/hotspot/share/classfile/systemDictionary.cpp, line 231]
Event: 7.216 Thread 0x0000016792bda000 Exception <a 'java/lang/ClassNotFoundException'{0x00000000ea7a2e20}: java/util/AbstractSetBeanInfo> (0x00000000ea7a2e20) thrown at [./src/hotspot/share/classfile/systemDictionary.cpp, line 231]
Event: 7.216 Thread 0x0000016792bda000 Exception <a 'java/lang/ClassNotFoundException'{0x00000000ea7a8c68}: java/util/AbstractSetCustomizer> (0x00000000ea7a8c68) thrown at [./src/hotspot/share/classfile/systemDictionary.cpp, line 231]
Event: 7.216 Thread 0x0000016792bda000 Exception <a 'java/lang/ClassNotFoundException'{0x00000000ea7b2c68}: java/util/TreeSetCustomizer> (0x00000000ea7b2c68) thrown at [./src/hotspot/share/classfile/systemDictionary.cpp, line 231]
Event: 7.223 Thread 0x0000016792bda000 Exception <a 'java/lang/ClassNotFoundException'{0x00000000ea612e70}: build_4c6poxlvhlk8jwfy7ps23n6rz$_run_closure4BeanInfo> (0x00000000ea612e70) thrown at [./src/hotspot/share/classfile/systemDictionary.cpp, line 231]
Event: 7.223 Thread 0x0000016792bda000 Exception <a 'java/lang/ClassNotFoundException'{0x00000000ea61c040}: build_4c6poxlvhlk8jwfy7ps23n6rz$_run_closure4Customizer> (0x00000000ea61c040) thrown at [./src/hotspot/share/classfile/systemDictionary.cpp, line 231]

Events (20 events):
Event: 7.216 loading class java/util/TreeSetCustomizer
Event: 7.216 loading class java/util/TreeSetCustomizer done
Event: 7.217 loading class org/codehaus/groovy/runtime/dgm$230
Event: 7.217 loading class org/codehaus/groovy/runtime/dgm$230 done
Event: 7.218 loading class org/codehaus/groovy/runtime/dgm$231
Event: 7.218 loading class org/codehaus/groovy/runtime/dgm$231 done
Event: 7.218 loading class org/codehaus/groovy/runtime/callsite/BooleanReturningMethodInvoker
Event: 7.218 loading class org/codehaus/groovy/runtime/callsite/BooleanReturningMethodInvoker done
Event: 7.220 loading class groovy/runtime/metaclass/build_4c6poxlvhlk8jwfy7ps23n6rz$_run_closure4MetaClass
Event: 7.220 loading class groovy/runtime/metaclass/build_4c6poxlvhlk8jwfy7ps23n6rz$_run_closure4MetaClass done
Event: 7.221 loading class groovy/runtime/metaclass/build_4c6poxlvhlk8jwfy7ps23n6rz$_run_closure4$_closure15MetaClass
Event: 7.221 loading class groovy/runtime/metaclass/build_4c6poxlvhlk8jwfy7ps23n6rz$_run_closure4$_closure15MetaClass done
Event: 7.223 loading class build_4c6poxlvhlk8jwfy7ps23n6rz$_run_closure4BeanInfo
Event: 7.223 loading class build_4c6poxlvhlk8jwfy7ps23n6rz$_run_closure4BeanInfo done
Event: 7.223 loading class build_4c6poxlvhlk8jwfy7ps23n6rz$_run_closure4BeanInfo
Event: 7.223 loading class build_4c6poxlvhlk8jwfy7ps23n6rz$_run_closure4BeanInfo done
Event: 7.223 loading class build_4c6poxlvhlk8jwfy7ps23n6rz$_run_closure4Customizer
Event: 7.223 loading class build_4c6poxlvhlk8jwfy7ps23n6rz$_run_closure4Customizer done
Event: 7.223 loading class build_4c6poxlvhlk8jwfy7ps23n6rz$_run_closure4Customizer
Event: 7.223 loading class build_4c6poxlvhlk8jwfy7ps23n6rz$_run_closure4Customizer done


Dynamic libraries:
0x00007ff7a1b90000 - 0x00007ff7a1b9d000 	C:\Users\lenovo\.jdks\corretto-11.0.12\bin\java.exe
0x00007ffa656d0000 - 0x00007ffa658c5000 	C:\Windows\SYSTEM32\ntdll.dll
0x00007ffa63730000 - 0x00007ffa637ed000 	C:\Windows\System32\KERNEL32.DLL
0x00007ffa62e30000 - 0x00007ffa630f9000 	C:\Windows\System32\KERNELBASE.dll
0x00007ffa63210000 - 0x00007ffa63310000 	C:\Windows\System32\ucrtbase.dll
0x00007ffa4efe0000 - 0x00007ffa4eff7000 	C:\Users\lenovo\.jdks\corretto-11.0.12\bin\jli.dll
0x00007ffa4e2b0000 - 0x00007ffa4e2c9000 	C:\Users\lenovo\.jdks\corretto-11.0.12\bin\VCRUNTIME140.dll
0x00007ffa64ac0000 - 0x00007ffa64c60000 	C:\Windows\System32\USER32.dll
0x00007ffa4d9c0000 - 0x00007ffa4dc5a000 	C:\Windows\WinSxS\amd64_microsoft.windows.common-controls_6595b64144ccf1df_6.0.19041.1110_none_60b5254171f9507e\COMCTL32.dll
0x00007ffa62e00000 - 0x00007ffa62e22000 	C:\Windows\System32\win32u.dll
0x00007ffa64610000 - 0x00007ffa646ae000 	C:\Windows\System32\msvcrt.dll
0x00007ffa65660000 - 0x00007ffa6568a000 	C:\Windows\System32\GDI32.dll
0x00007ffa633b0000 - 0x00007ffa634bb000 	C:\Windows\System32\gdi32full.dll
0x00007ffa63310000 - 0x00007ffa633ad000 	C:\Windows\System32\msvcp_win.dll
0x00007ffa63db0000 - 0x00007ffa63de0000 	C:\Windows\System32\IMM32.DLL
0x00007ffa43ca0000 - 0x00007ffa43d3b000 	C:\Users\lenovo\.jdks\corretto-11.0.12\bin\msvcp140.dll
0x00007ffa33190000 - 0x00007ffa33cea000 	C:\Users\lenovo\.jdks\corretto-11.0.12\bin\server\jvm.dll
0x00007ffa64ec0000 - 0x00007ffa64f6c000 	C:\Windows\System32\ADVAPI32.dll
0x00007ffa637f0000 - 0x00007ffa6388b000 	C:\Windows\System32\sechost.dll
0x00007ffa64930000 - 0x00007ffa64a5a000 	C:\Windows\System32\RPCRT4.dll
0x00007ffa65650000 - 0x00007ffa65658000 	C:\Windows\System32\PSAPI.DLL
0x00007ffa5e260000 - 0x00007ffa5e269000 	C:\Windows\SYSTEM32\WSOCK32.dll
0x00007ffa56c60000 - 0x00007ffa56c87000 	C:\Windows\SYSTEM32\WINMM.dll
0x00007ffa64860000 - 0x00007ffa648cb000 	C:\Windows\System32\WS2_32.dll
0x00007ffa5cdb0000 - 0x00007ffa5cdba000 	C:\Windows\SYSTEM32\VERSION.dll
0x00007ffa616c0000 - 0x00007ffa616d2000 	C:\Windows\SYSTEM32\kernel.appcore.dll
0x00007ffa55280000 - 0x00007ffa55290000 	C:\Users\lenovo\.jdks\corretto-11.0.12\bin\verify.dll
0x00007ffa60c10000 - 0x00007ffa60df4000 	C:\Windows\SYSTEM32\DBGHELP.DLL
0x00007ffa5a8a0000 - 0x00007ffa5a8cc000 	C:\Windows\SYSTEM32\dbgcore.DLL
0x00007ffa63100000 - 0x00007ffa63183000 	C:\Windows\System32\bcryptPrimitives.dll
0x00007ffa4b1f0000 - 0x00007ffa4b218000 	C:\Users\lenovo\.jdks\corretto-11.0.12\bin\java.dll
0x00007ffa548f0000 - 0x00007ffa548fa000 	C:\Users\lenovo\.jdks\corretto-11.0.12\bin\jimage.dll
0x00007ffa4cfe0000 - 0x00007ffa4cff7000 	C:\Users\lenovo\.jdks\corretto-11.0.12\bin\zip.dll
0x00007ffa63ed0000 - 0x00007ffa6460f000 	C:\Windows\System32\SHELL32.dll
0x00007ffa60ef0000 - 0x00007ffa61680000 	C:\Windows\SYSTEM32\windows.storage.dll
0x00007ffa63890000 - 0x00007ffa63be5000 	C:\Windows\System32\combase.dll
0x00007ffa62790000 - 0x00007ffa627bc000 	C:\Windows\SYSTEM32\Wldp.dll
0x00007ffa63bf0000 - 0x00007ffa63c9e000 	C:\Windows\System32\SHCORE.dll
0x00007ffa63d50000 - 0x00007ffa63da5000 	C:\Windows\System32\shlwapi.dll
0x00007ffa62d40000 - 0x00007ffa62d5f000 	C:\Windows\SYSTEM32\profapi.dll
0x00007ffa4ad50000 - 0x00007ffa4ad69000 	C:\Users\lenovo\.jdks\corretto-11.0.12\bin\net.dll
0x00007ffa591a0000 - 0x00007ffa592a8000 	C:\Windows\SYSTEM32\WINHTTP.dll
0x00007ffa624f0000 - 0x00007ffa6255a000 	C:\Windows\system32\mswsock.dll
0x00007ffa4a910000 - 0x00007ffa4a922000 	C:\Users\lenovo\.jdks\corretto-11.0.12\bin\nio.dll
0x00007ffa47770000 - 0x00007ffa47797000 	C:\Users\lenovo\.gradle\native\fdc75f09e3144964f2cf3f50f0aa648679c211496f362492102eb8c894070792\windows-amd64\native-platform.dll
0x00007ffa346f0000 - 0x00007ffa34886000 	C:\Users\lenovo\.gradle\native\12488b8bf47d2d4c9fbf2f6322a914ad602e24e48041cd04a747c6da556b65c4\windows-amd64\native-platform-file-events.dll
0x00007ffa542c0000 - 0x00007ffa542c9000 	C:\Users\lenovo\.jdks\corretto-11.0.12\bin\management.dll
0x00007ffa54090000 - 0x00007ffa5409b000 	C:\Users\lenovo\.jdks\corretto-11.0.12\bin\management_ext.dll
0x00007ffa626f0000 - 0x00007ffa62708000 	C:\Windows\SYSTEM32\CRYPTSP.dll
0x00007ffa61e70000 - 0x00007ffa61ea4000 	C:\Windows\system32\rsaenh.dll
0x00007ffa63190000 - 0x00007ffa631b7000 	C:\Windows\System32\bcrypt.dll
0x00007ffa62d00000 - 0x00007ffa62d2e000 	C:\Windows\SYSTEM32\USERENV.dll
0x00007ffa626e0000 - 0x00007ffa626ec000 	C:\Windows\SYSTEM32\CRYPTBASE.dll
0x00007ffa621e0000 - 0x00007ffa6221b000 	C:\Windows\SYSTEM32\IPHLPAPI.DLL
0x00007ffa63de0000 - 0x00007ffa63de8000 	C:\Windows\System32\NSI.dll
0x00007ffa5aa50000 - 0x00007ffa5aa67000 	C:\Windows\SYSTEM32\dhcpcsvc6.DLL
0x00007ffa5b630000 - 0x00007ffa5b64d000 	C:\Windows\SYSTEM32\dhcpcsvc.DLL
0x00007ffa62220000 - 0x00007ffa622ec000 	C:\Windows\SYSTEM32\DNSAPI.dll
0x00007ffa5ba80000 - 0x00007ffa5ba8b000 	C:\Windows\SYSTEM32\WINNSI.DLL

dbghelp: loaded successfully - version: 4.0.5 - missing functions: none
symbol engine: initialized successfully - sym options: 0x614 - pdb path: .;C:\Users\lenovo\.jdks\corretto-11.0.12\bin;C:\Windows\SYSTEM32;C:\Windows\WinSxS\amd64_microsoft.windows.common-controls_6595b64144ccf1df_6.0.19041.1110_none_60b5254171f9507e;C:\Users\lenovo\.jdks\corretto-11.0.12\bin\server;C:\Users\lenovo\.gradle\native\fdc75f09e3144964f2cf3f50f0aa648679c211496f362492102eb8c894070792\windows-amd64;C:\Users\lenovo\.gradle\native\12488b8bf47d2d4c9fbf2f6322a914ad602e24e48041cd04a747c6da556b65c4\windows-amd64

VM Arguments:
jvm_args: --add-opens=java.base/java.util=ALL-UNNAMED --add-opens=java.base/java.lang=ALL-UNNAMED --add-opens=java.base/java.lang.invoke=ALL-UNNAMED --add-opens=java.prefs/java.util.prefs=ALL-UNNAMED -XX:MaxMetaspaceSize=256m -XX:+HeapDumpOnOutOfMemoryError -Xms256m -Xmx512m -Dfile.encoding=windows-1252 -Duser.country=US -Duser.language=en -Duser.variant 
java_command: org.gradle.launcher.daemon.bootstrap.GradleDaemon 6.8
java_class_path (initial): C:\Users\lenovo\.gradle\wrapper\dists\gradle-6.8-bin\1jblhjyydfkclfzx1agp92nyl\gradle-6.8\lib\gradle-launcher-6.8.jar
Launcher Type: SUN_STANDARD

[Global flags]
     intx CICompilerCount                          = 3                                         {product} {ergonomic}
   size_t CompressedClassSpaceSize                 = 260046848                                 {product} {ergonomic}
     uint ConcGCThreads                            = 1                                         {product} {ergonomic}
     uint G1ConcRefinementThreads                  = 4                                         {product} {ergonomic}
   size_t G1HeapRegionSize                         = 1048576                                   {product} {ergonomic}
    uintx GCDrainStackTargetSize                   = 64                                        {product} {ergonomic}
     bool HeapDumpOnOutOfMemoryError               = true                                   {manageable} {command line}
   size_t InitialHeapSize                          = 268435456                                 {product} {command line}
   size_t MarkStackSize                            = 4194304                                   {product} {ergonomic}
   size_t MaxHeapSize                              = 536870912                                 {product} {command line}
   size_t MaxMetaspaceSize                         = 268435456                                 {product} {command line}
   size_t MaxNewSize                               = 321912832                                 {product} {ergonomic}
   size_t MinHeapDeltaBytes                        = 1048576                                   {product} {ergonomic}
    uintx NonNMethodCodeHeapSize                   = 5830732                                {pd product} {ergonomic}
    uintx NonProfiledCodeHeapSize                  = 122913754                              {pd product} {ergonomic}
    uintx ProfiledCodeHeapSize                     = 122913754                              {pd product} {ergonomic}
    uintx ReservedCodeCacheSize                    = 251658240                              {pd product} {ergonomic}
     bool SegmentedCodeCache                       = true                                      {product} {ergonomic}
     bool UseCompressedClassPointers               = true                                 {lp64_product} {ergonomic}
     bool UseCompressedOops                        = true                                 {lp64_product} {ergonomic}
     bool UseG1GC                                  = true                                      {product} {ergonomic}
     bool UseLargePagesIndividualAllocation        = false                                  {pd product} {ergonomic}

Logging:
Log output configuration:
 #0: stdout all=warning uptime,level,tags
 #1: stderr all=off uptime,level,tags

Environment Variables:
JAVA_HOME=C:/Users/lenovo/.jdks/corretto-11.0.12
CLASSPATH=C:\Users\lenovo\IdeaProjects\Android\Kotlin\Kotlin Koans1\\gradle\wrapper\gradle-wrapper.jar
PATH=C:\Program Files\Common Files\Oracle\Java\javapath;C:\Windows\system32;C:\Windows;C:\Windows\System32\Wbem;C:\Windows\System32\WindowsPowerShell\v1.0\;C:\Windows\System32\OpenSSH\;C:\Program Files\Git\cmd;C:\Users\lenovo\AppData\Local\Microsoft\WindowsApps;
USERNAME=lenovo
OS=Windows_NT
PROCESSOR_IDENTIFIER=Intel64 Family 6 Model 126 Stepping 5, GenuineIntel



---------------  S Y S T E M  ---------------

OS: Windows 10 , 64 bit Build 19041 (10.0.19041.1151)
OS uptime: 7 days 3:59 hours

CPU:total 4 (initial active 4) (2 cores per cpu, 2 threads per core) family 6 model 126 stepping 5 microcode 0xa0, cmov, cx8, fxsr, mmx, sse, sse2, sse3, ssse3, sse4.1, sse4.2, popcnt, avx, avx2, aes, clmul, erms, 3dnowpref, lzcnt, ht, tsc, tscinvbit, bmi1, bmi2, adx, evex, sha, fma

Memory: 4k page, system-wide physical 3891M (234M free)
TotalPageFile size 6915M (AvailPageFile size 5M)
current process WorkingSet (physical memory assigned to process): 264M, peak: 274M
current process commit charge ("private bytes"): 448M, peak: 449M

vm_info: OpenJDK 64-Bit Server VM (11.0.12+7-LTS) for windows-amd64 JRE (11.0.12+7-LTS), built on Jul 13 2021 17:58:36 by "Administrator" with unknown MS VC++:1916

END.
