#
# There is insufficient memory for the Java Runtime Environment to continue.
# Native memory allocation (malloc) failed to allocate 1048576 bytes for AllocateHeap
# Possible reasons:
#   The system is out of physical RAM or swap space
#   The process is running with CompressedOops enabled, and the Java Heap may be blocking the growth of the native heap
# Possible solutions:
#   Reduce memory load on the system
#   Increase physical memory or swap space
#   Check if swap backing store is full
#   Decrease Java heap size (-Xmx/-Xms)
#   Decrease number of Java threads
#   Decrease Java thread stack sizes (-Xss)
#   Set larger code cache with -XX:ReservedCodeCacheSize=
# This output file may be truncated or incomplete.
#
#  Out of Memory Error (./src/hotspot/share/memory/allocation.cpp:46), pid=13976, tid=14224
#
# JRE version:  (11.0.12+7) (build )
# Java VM: OpenJDK 64-Bit Server VM (11.0.12+7-LTS, mixed mode, sharing, tiered, compressed oops, g1 gc, windows-amd64)
# No core dump will be written. Minidumps are not enabled by default on client versions of Windows
#

---------------  S U M M A R Y ------------

Command Line: -Dorg.gradle.native=false -Xmx512m -Dfile.encoding=windows-1252 -Duser.country=US -Duser.language=en -Duser.variant -ea worker.org.gradle.process.internal.worker.GradleWorkerMain 'Gradle Test Executor 7'

Host: Intel(R) Core(TM) i3-1005G1 CPU @ 1.20GHz, 4 cores, 3G,  Windows 10 , 64 bit Build 19041 (10.0.19041.1151)
Time: Sun Aug 22 16:20:43 2021 Pacific Daylight Time elapsed time: 0.011161 seconds (0d 0h 0m 0s)

---------------  T H R E A D  ---------------

Current thread (0x000002508b15d800):  JavaThread "Unknown thread" [_thread_in_vm, id=14224, stack(0x000000dae7900000,0x000000dae7a00000)]

Stack: [0x000000dae7900000,0x000000dae7a00000]
Native frames: (J=compiled Java code, j=interpreted, Vv=VM code, C=native code)
V  [jvm.dll+0x601d7a]
V  [jvm.dll+0x78b45e]
V  [jvm.dll+0x78cb2f]
V  [jvm.dll+0x78d1f3]
V  [jvm.dll+0x24bc58]
V  [jvm.dll+0xb91a4]
V  [jvm.dll+0x2e7c44]
V  [jvm.dll+0x2e1b29]
V  [jvm.dll+0x7667e7]
V  [jvm.dll+0x767f6f]
V  [jvm.dll+0x35a389]
V  [jvm.dll+0x749870]
V  [jvm.dll+0x3c1fbf]
V  [jvm.dll+0x3c4491]
C  [jli.dll+0x5207]
C  [ucrtbase.dll+0x21bb2]
C  [KERNEL32.DLL+0x17034]
C  [ntdll.dll+0x52651]


---------------  P R O C E S S  ---------------

Threads class SMR info:
_java_thread_list=0x0000025089053590, length=0, elements={
}

Java Threads: ( => current thread )

Other Threads:
  0x000002508b176800 GCTaskThread "GC Thread#0" [stack: 0x000000dae7a00000,0x000000dae7b00000] [id=14700]

[error occurred during error reporting (printing all threads), id 0xc0000005, EXCEPTION_ACCESS_VIOLATION (0xc0000005) at pc=0x00007ffa3347d220]

VM state:not at safepoint (not fully initialized)

VM Mutex/Monitor currently owned by a thread:  ([mutex/lock_event])
[0x000002508b159f30] Heap_lock - owner thread: 0x000002508b15d800

Heap address: 0x00000000e0000000, size: 512 MB, Compressed Oops mode: Non-zero based: 0x00000000e0000000
Narrow klass base: 0x0000000000000000, Narrow klass shift: 0

GC Heap History (0 events):
No events

Deoptimization events (0 events):
No events

Classes redefined (0 events):
No events

Internal exceptions (0 events):
No events

Events (1 events):
Event: 0.007 Loaded shared library C:\Users\lenovo\.jdks\corretto-11.0.12\bin\zip.dll


Dynamic libraries:
0x00007ff7a1b90000 - 0x00007ff7a1b9d000 	C:\Users\lenovo\.jdks\corretto-11.0.12\bin\java.exe
0x00007ffa656d0000 - 0x00007ffa658c5000 	C:\Windows\SYSTEM32\ntdll.dll
0x00007ffa63730000 - 0x00007ffa637ed000 	C:\Windows\System32\KERNEL32.DLL
0x00007ffa62e30000 - 0x00007ffa630f9000 	C:\Windows\System32\KERNELBASE.dll
0x00007ffa63210000 - 0x00007ffa63310000 	C:\Windows\System32\ucrtbase.dll
0x00007ffa4e2b0000 - 0x00007ffa4e2c9000 	C:\Users\lenovo\.jdks\corretto-11.0.12\bin\VCRUNTIME140.dll
0x00007ffa4efe0000 - 0x00007ffa4eff7000 	C:\Users\lenovo\.jdks\corretto-11.0.12\bin\jli.dll
0x00007ffa64ac0000 - 0x00007ffa64c60000 	C:\Windows\System32\USER32.dll
0x00007ffa62e00000 - 0x00007ffa62e22000 	C:\Windows\System32\win32u.dll
0x00007ffa4d9c0000 - 0x00007ffa4dc5a000 	C:\Windows\WinSxS\amd64_microsoft.windows.common-controls_6595b64144ccf1df_6.0.19041.1110_none_60b5254171f9507e\COMCTL32.dll
0x00007ffa65660000 - 0x00007ffa6568a000 	C:\Windows\System32\GDI32.dll
0x00007ffa64610000 - 0x00007ffa646ae000 	C:\Windows\System32\msvcrt.dll
0x00007ffa633b0000 - 0x00007ffa634bb000 	C:\Windows\System32\gdi32full.dll
0x00007ffa63310000 - 0x00007ffa633ad000 	C:\Windows\System32\msvcp_win.dll
0x00007ffa63db0000 - 0x00007ffa63de0000 	C:\Windows\System32\IMM32.DLL
0x00007ffa43ca0000 - 0x00007ffa43d3b000 	C:\Users\lenovo\.jdks\corretto-11.0.12\bin\msvcp140.dll
0x00007ffa33190000 - 0x00007ffa33cea000 	C:\Users\lenovo\.jdks\corretto-11.0.12\bin\server\jvm.dll
0x00007ffa64ec0000 - 0x00007ffa64f6c000 	C:\Windows\System32\ADVAPI32.dll
0x00007ffa637f0000 - 0x00007ffa6388b000 	C:\Windows\System32\sechost.dll
0x00007ffa64930000 - 0x00007ffa64a5a000 	C:\Windows\System32\RPCRT4.dll
0x00007ffa65650000 - 0x00007ffa65658000 	C:\Windows\System32\PSAPI.DLL
0x00007ffa5e260000 - 0x00007ffa5e269000 	C:\Windows\SYSTEM32\WSOCK32.dll
0x00007ffa56c60000 - 0x00007ffa56c87000 	C:\Windows\SYSTEM32\WINMM.dll
0x00007ffa64860000 - 0x00007ffa648cb000 	C:\Windows\System32\WS2_32.dll
0x00007ffa5cdb0000 - 0x00007ffa5cdba000 	C:\Windows\SYSTEM32\VERSION.dll
0x00007ffa616c0000 - 0x00007ffa616d2000 	C:\Windows\SYSTEM32\kernel.appcore.dll
0x00007ffa55280000 - 0x00007ffa55290000 	C:\Users\lenovo\.jdks\corretto-11.0.12\bin\verify.dll
0x00007ffa60c10000 - 0x00007ffa60df4000 	C:\Windows\SYSTEM32\DBGHELP.DLL
0x00007ffa5a8a0000 - 0x00007ffa5a8cc000 	C:\Windows\SYSTEM32\dbgcore.DLL
0x00007ffa63100000 - 0x00007ffa63183000 	C:\Windows\System32\bcryptPrimitives.dll
0x00007ffa4b1f0000 - 0x00007ffa4b218000 	C:\Users\lenovo\.jdks\corretto-11.0.12\bin\java.dll
0x00007ffa548f0000 - 0x00007ffa548fa000 	C:\Users\lenovo\.jdks\corretto-11.0.12\bin\jimage.dll
0x00007ffa4cfe0000 - 0x00007ffa4cff7000 	C:\Users\lenovo\.jdks\corretto-11.0.12\bin\zip.dll

dbghelp: loaded successfully - version: 4.0.5 - missing functions: none
symbol engine: initialized successfully - sym options: 0x614 - pdb path: .;C:\Users\lenovo\.jdks\corretto-11.0.12\bin;C:\Windows\SYSTEM32;C:\Windows\WinSxS\amd64_microsoft.windows.common-controls_6595b64144ccf1df_6.0.19041.1110_none_60b5254171f9507e;C:\Users\lenovo\.jdks\corretto-11.0.12\bin\server

VM Arguments:
jvm_args: -Dorg.gradle.native=false -Xmx512m -Dfile.encoding=windows-1252 -Duser.country=US -Duser.language=en -Duser.variant -ea 
java_command: worker.org.gradle.process.internal.worker.GradleWorkerMain 'Gradle Test Executor 7'
java_class_path (initial): C:\Users\lenovo\.gradle\caches\6.8\workerMain\gradle-worker.jar;C:\Users\lenovo\IdeaProjects\Android\Kotlin\Kotlin Koans1\Collections\Partition\build\classes\java\test;C:\Users\lenovo\IdeaProjects\Android\Kotlin\Kotlin Koans1\Collections\Partition\build\classes\kotlin\test;C:\Users\lenovo\IdeaProjects\Android\Kotlin\Kotlin Koans1\Collections\Partition\build\resources\test;C:\Users\lenovo\IdeaProjects\Android\Kotlin\Kotlin Koans1\Collections\Partition\build\classes\java\main;C:\Users\lenovo\IdeaProjects\Android\Kotlin\Kotlin Koans1\Collections\Partition\build\resources\main;C:\Users\lenovo\IdeaProjects\Android\Kotlin\Kotlin Koans1\util\build\classes\java\main;C:\Users\lenovo\IdeaProjects\Android\Kotlin\Kotlin Koans1\util\build\resources\main;C:\Users\lenovo\IdeaProjects\Android\Kotlin\Kotlin Koans1\util\build\classes\java\test;C:\Users\lenovo\IdeaProjects\Android\Kotlin\Kotlin Koans1\util\build\classes\kotlin\test;C:\Users\lenovo\IdeaProjects\Android\Kotlin\Kotlin Koans1\util\build\resources\test;C:\Users\lenovo\.gradle\caches\modules-2\files-2.1\org.jetbrains.kotlin\kotlin-stdlib-jdk8\1.3.21\d0634d54452abc421db494ad32dd215e6591c49f\kotlin-stdlib-jdk8-1.3.21.jar;C:\Users\lenovo\.gradle\caches\modules-2\files-2.1\junit\junit\4.12\2973d150c0dc1fefe998f834810d68f278ea58ec\junit-4.12.jar;C:\Users\lenovo\.gradle\caches\modules-2\files-2.1\org.jetbrains.kotlin\kotlin-stdlib-jdk7\1.3.21\d207ce2c9bcf17dc8e51bab4dbfdac4d013e7138\kotlin-stdlib-jdk7-1.3.21.jar;C:\Users\lenovo\.gradle\caches\modules-2\files-2.1\org.jetbrains.kotlin\kotlin-stdlib\1.3.21\4bcc2012b84840e19e1e28074284cac908be0295\kotlin-stdlib-1.3.21.jar;C:\Users\lenovo\.gradle\caches\modules-2\files-2.1\org.hamcrest\hamcrest-core\1.3\42a25dc3219429f0e5d060061f71acb49bf010a0\hamcrest-core-1.3.jar;C:\Users\lenovo\.gradle\caches\modules-2\files-2.1\org.jetbrains.kotlin\kotlin-stdlib-common\1.3.21\f30e4a9897913e53d778f564110bafa1fef46643\kotlin-stdlib-common-1.3.21.jar;C:\Users\lenovo\.grad
Launcher Type: SUN_STANDARD

[Global flags]
     intx CICompilerCount                          = 3                                         {product} {ergonomic}
     uint ConcGCThreads                            = 1                                         {product} {ergonomic}
     uint G1ConcRefinementThreads                  = 4                                         {product} {ergonomic}
   size_t G1HeapRegionSize                         = 1048576                                   {product} {ergonomic}
    uintx GCDrainStackTargetSize                   = 64                                        {product} {ergonomic}
   size_t InitialHeapSize                          = 65011712                                  {product} {ergonomic}
   size_t MarkStackSize                            = 4194304                                   {product} {ergonomic}
   size_t MaxHeapSize                              = 536870912                                 {product} {command line}
   size_t MinHeapDeltaBytes                        = 1048576                                   {product} {ergonomic}
    uintx NonNMethodCodeHeapSize                   = 5830732                                {pd product} {ergonomic}
    uintx NonProfiledCodeHeapSize                  = 122913754                              {pd product} {ergonomic}
    uintx ProfiledCodeHeapSize                     = 122913754                              {pd product} {ergonomic}
    uintx ReservedCodeCacheSize                    = 251658240                              {pd product} {ergonomic}
     bool SegmentedCodeCache                       = true                                      {product} {ergonomic}
     bool UseCompressedClassPointers               = true                                 {lp64_product} {ergonomic}
     bool UseCompressedOops                        = true                                 {lp64_product} {ergonomic}
     bool UseG1GC                                  = true                                      {product} {ergonomic}
     bool UseLargePagesIndividualAllocation        = false                                  {pd product} {ergonomic}

Logging:
Log output configuration:
 #0: stdout all=warning uptime,level,tags
 #1: stderr all=off uptime,level,tags

Environment Variables:
PATH=C:\Program Files\Common Files\Oracle\Java\javapath;C:\Windows\system32;C:\Windows;C:\Windows\System32\Wbem;C:\Windows\System32\WindowsPowerShell\v1.0\;C:\Windows\System32\OpenSSH\;C:\Program Files\Git\cmd;C:\Users\lenovo\AppData\Local\Microsoft\WindowsApps;
USERNAME=lenovo
OS=Windows_NT
PROCESSOR_IDENTIFIER=Intel64 Family 6 Model 126 Stepping 5, GenuineIntel



---------------  S Y S T E M  ---------------

OS: Windows 10 , 64 bit Build 19041 (10.0.19041.1151)
OS uptime: 7 days 3:59 hours

CPU:total 4 (initial active 4) (2 cores per cpu, 2 threads per core) family 6 model 126 stepping 5 microcode 0xa0, cmov, cx8, fxsr, mmx, sse, sse2, sse3, ssse3, sse4.1, sse4.2, popcnt, avx, avx2, aes, clmul, erms, 3dnowpref, lzcnt, ht, tsc, tscinvbit, bmi1, bmi2, adx, evex, sha, fma

Memory: 4k page, system-wide physical 3891M (206M free)
TotalPageFile size 6915M (AvailPageFile size 5M)
current process WorkingSet (physical memory assigned to process): 9M, peak: 9M
current process commit charge ("private bytes"): 47M, peak: 48M

vm_info: OpenJDK 64-Bit Server VM (11.0.12+7-LTS) for windows-amd64 JRE (11.0.12+7-LTS), built on Jul 13 2021 17:58:36 by "Administrator" with unknown MS VC++:1916

END.
